INFO:root:define base email and password finished
INFO:root:Reactivate loop initiated
INFO:root:Beginning reactivation of account aga1@activegamers.com.au
INFO:root:driver initialized
INFO:root:begin login sequence
INFO:root:'sign in' button clicked
INFO:root:email field clickable
INFO:root:email string sent to email field
INFO:root:password field clickable
INFO:root:standard password string sent to pword field
INFO:root:second privacy notice page 'https://privacynotice.account.microsoft.com/' did not appear
INFO:root:update security info window did not appear
INFO:root:privacy notice page 'https://privacynotice.account.microsoft.com/' did not appear
INFO:root:Upsell page 'https://account.live.com/apps/upsell?' did not appear
INFO:root:stay signed in window appeared and was completed
INFO:root:second privacy notice page 'https://privacynotice.account.microsoft.com/' did not appear
INFO:root:login function completed for aga1@activegamers.com.au
INFO:root:Beginning reactivation of account aga2@activegamers.com.au
INFO:root:driver initialized
INFO:root:begin login sequence
INFO:root:define base email and password finished
INFO:root:Reactivate loop initiated
INFO:root:Beginning reactivation of account aga1@activegamers.com.au
INFO:root:driver initialized
INFO:root:begin login sequence
INFO:root:'sign in' button clicked
INFO:root:email field clickable
INFO:root:email string sent to email field
INFO:root:password field clickable
INFO:root:standard password string sent to pword field
INFO:root:second privacy notice page 'https://privacynotice.account.microsoft.com/' did not appear
INFO:root:update security info window did not appear
INFO:root:privacy notice page 'https://privacynotice.account.microsoft.com/' did not appear
INFO:root:Upsell page 'https://account.live.com/apps/upsell?' did not appear
INFO:root:stay signed in window appeared and was completed
INFO:root:second privacy notice page 'https://privacynotice.account.microsoft.com/' did not appear
INFO:root:login function completed for aga1@activegamers.com.au
INFO:root:Subscription page did not load within the timeout period
INFO:root:Beginning reactivation of account aga2@activegamers.com.au
INFO:root:driver initialized
INFO:root:begin login sequence
INFO:root:define base email and password finished
INFO:root:Reactivate loop initiated
INFO:root:Beginning reactivation of account aga1@activegamers.com.au
INFO:root:driver initialized
INFO:root:begin login sequence
INFO:root:'sign in' button clicked
INFO:root:email field clickable
INFO:root:email string sent to email field
INFO:root:password field clickable
INFO:root:standard password string sent to pword field
INFO:root:second privacy notice page 'https://privacynotice.account.microsoft.com/' did not appear
INFO:root:update security info window did not appear
INFO:root:privacy notice page 'https://privacynotice.account.microsoft.com/' did not appear
INFO:root:Upsell page 'https://account.live.com/apps/upsell?' did not appear
INFO:root:stay signed in window appeared and was completed
INFO:root:second privacy notice page 'https://privacynotice.account.microsoft.com/' did not appear
INFO:root:login function completed for aga1@activegamers.com.au
INFO:root:Subscription page did not load within the timeout period
