2026-01-14 10:48:24,610 - INFO - log has been created
2026-01-14 10:48:26,637 - INFO - Returned result is activate
2026-01-14 11:16:23,423 - INFO - log has been created
2026-01-14 11:16:24,734 - INFO - Returned result is add_gift_card
2026-01-14 11:16:33,027 - INFO - Skipping aga - no valid ranges
2026-01-14 11:16:33,027 - INFO - Skipping agapc - no valid ranges
2026-01-14 11:16:33,027 - INFO - Skipping wanxb - no valid ranges
2026-01-14 11:16:33,027 - INFO - Skipping wanpc - no valid ranges
2026-01-14 11:16:33,027 - INFO - Skipping eagxb - no valid ranges
2026-01-14 11:16:33,027 - INFO - Processing account: eagpc01@activegamers.com.au
2026-01-14 11:16:34,186 - INFO - Driver initialized
2026-01-14 11:16:34,186 - INFO - Add gift card loop initiated for eagpc01@activegamers.com.au
2026-01-14 11:16:34,186 - INFO - Begin login sequence
2026-01-14 11:16:46,240 - INFO - 'Sign in' button clicked
2026-01-14 11:16:54,535 - INFO - Email entered
2026-01-14 11:17:05,014 - INFO - Timed out waiting for 'Other ways to sign in' button to appear.
2026-01-14 11:17:05,079 - INFO - Clicked the 'Use your password' button.
2026-01-14 11:17:10,195 - INFO - Standard password used
2026-01-14 11:17:11,552 - INFO - Handling any post-login interruptions for eagpc01@activegamers.com.au
2026-01-14 11:17:11,555 - INFO - Stay signed in page loaded
2026-01-14 11:17:18,803 - INFO - stay signed in page was bypassed by loading https://account.microsoft.com
2026-01-14 11:17:31,717 - INFO - Passkey interrupt page did not appear
2026-01-14 11:17:36,775 - INFO - TOU page did not appear
2026-01-14 11:17:39,808 - INFO - Update security info window did not appear
2026-01-14 11:17:42,827 - INFO - Privacy notice page did not appear
2026-01-14 11:17:45,847 - INFO - Upsell page did not appear
2026-01-14 11:17:48,866 - INFO - Privacy notice page did not appear
2026-01-14 11:18:26,539 - INFO - Account eagpc01@activegamers.com.au is not active
2026-01-14 11:18:26,539 - INFO - login_full_flow completed for eagpc01@activegamers.com.au
2026-01-14 11:18:26,539 - INFO - {email}, manage_xbox_element
2026-01-14 11:18:32,777 - INFO - Loading billing page
2026-01-14 11:18:32,780 - INFO - billing page loaded
2026-01-14 11:18:42,885 - INFO - Timeout: The 'Remove card' button was not found or not clickable.
2026-01-14 11:18:42,885 - INFO - remove card function finished
2026-01-14 11:18:42,899 - INFO - Raw balance text: 0.00
2026-01-14 11:18:42,899 - INFO - Parsed account balance: 0.00
2026-01-14 11:18:50,217 - INFO - Loading redeem page
2026-01-14 11:18:50,230 - INFO - redeem page loaded
2026-01-14 11:18:50,230 - INFO - First available gift card: 6DPGV-XG76J-KKRKR-TGM9Y-GDF6Z
2026-01-14 11:19:05,388 - INFO - Gift card code submitted.
2026-01-14 11:19:15,400 - INFO - Confirmation submitted.
2026-01-14 11:19:15,401 - INFO - Marked code as used: 6DPGV-XG76J-KKRKR-TGM9Y-GDF6Z
2026-01-14 11:19:17,402 - INFO - -----------------------------------------------------------------------------------------
2026-01-14 11:19:19,682 - INFO - Processing account: eagpc02@activegamers.com.au
2026-01-14 11:19:24,841 - INFO - Driver initialized
2026-01-14 11:19:24,841 - INFO - Add gift card loop initiated for eagpc02@activegamers.com.au
2026-01-14 11:19:24,841 - INFO - Begin login sequence
2026-01-14 11:19:33,610 - INFO - 'Sign in' button clicked
2026-01-14 11:19:36,769 - INFO - Email entered
2026-01-14 11:19:47,100 - INFO - Timed out waiting for 'Other ways to sign in' button to appear.
2026-01-14 11:19:47,166 - INFO - Clicked the 'Use your password' button.
2026-01-14 11:19:52,275 - INFO - Standard password used
2026-01-14 11:19:53,130 - INFO - Handling any post-login interruptions for eagpc02@activegamers.com.au
2026-01-14 11:19:53,135 - INFO - Stay signed in page loaded
2026-01-14 11:20:02,473 - INFO - stay signed in page was bypassed by loading https://account.microsoft.com
2026-01-14 11:20:12,008 - INFO - Passkey interrupt page did not appear
2026-01-14 11:20:17,043 - INFO - TOU page did not appear
2026-01-14 11:20:20,079 - INFO - Update security info window did not appear
2026-01-14 11:20:23,102 - INFO - Privacy notice page did not appear
2026-01-14 11:20:26,124 - INFO - Upsell page did not appear
2026-01-14 11:20:29,146 - INFO - Privacy notice page did not appear
2026-01-14 11:21:03,449 - INFO - Account eagpc02@activegamers.com.au is not active
2026-01-14 11:21:03,449 - INFO - login_full_flow completed for eagpc02@activegamers.com.au
2026-01-14 11:21:03,449 - INFO - {email}, manage_xbox_element
2026-01-14 11:21:12,124 - INFO - Loading billing page
2026-01-14 11:21:12,127 - INFO - billing page loaded
2026-01-14 11:21:22,239 - INFO - Timeout: The 'Remove card' button was not found or not clickable.
2026-01-14 11:21:22,239 - INFO - remove card function finished
2026-01-14 11:21:22,254 - INFO - Raw balance text: 0.00
2026-01-14 11:21:22,254 - INFO - Parsed account balance: 0.00
2026-01-14 11:21:31,104 - INFO - Loading redeem page
2026-01-14 11:21:31,107 - INFO - redeem page loaded
2026-01-14 11:21:31,107 - INFO - First available gift card: FK4DY-7HGCD-C22FR-HMCJT-XVKTZ
2026-01-14 11:21:46,279 - INFO - Gift card code submitted.
2026-01-14 11:21:56,292 - INFO - Confirmation submitted.
2026-01-14 11:21:56,292 - INFO - Marked code as used: FK4DY-7HGCD-C22FR-HMCJT-XVKTZ
2026-01-14 11:21:58,294 - INFO - -----------------------------------------------------------------------------------------
2026-01-14 11:22:44,340 - INFO - log has been created
2026-01-14 11:22:47,209 - INFO - Returned result is activate
2026-01-14 11:22:54,102 - INFO - Skipping aga - no valid ranges
2026-01-14 11:22:54,102 - INFO - Skipping agapc - no valid ranges
2026-01-14 11:22:54,102 - INFO - Skipping wanxb - no valid ranges
2026-01-14 11:22:54,102 - INFO - Skipping wanpc - no valid ranges
2026-01-14 11:22:54,102 - INFO - Skipping eagxb - no valid ranges
2026-01-14 11:22:54,102 - INFO - Processing account: eagpc01@activegamers.com.au
2026-01-14 11:22:55,224 - INFO - Driver initialized
2026-01-14 11:22:55,224 - INFO - Activate loop initiated for eagpc01@activegamers.com.au
2026-01-14 11:22:55,224 - INFO - Begin login sequence
2026-01-14 11:23:02,620 - INFO - 'Sign in' button clicked
2026-01-14 11:23:04,834 - INFO - Email entered
2026-01-14 11:23:14,848 - INFO - Timed out waiting for 'Other ways to sign in' button to appear.
2026-01-14 11:23:14,915 - INFO - Clicked the 'Use your password' button.
2026-01-14 11:23:20,027 - INFO - Standard password used
2026-01-14 11:23:21,333 - INFO - Handling any post-login interruptions for eagpc01@activegamers.com.au
2026-01-14 11:23:21,337 - INFO - Stay signed in page loaded
2026-01-14 11:23:29,093 - INFO - stay signed in page was bypassed by loading https://account.microsoft.com
2026-01-14 11:23:42,590 - INFO - Passkey interrupt page did not appear
2026-01-14 11:23:47,653 - INFO - TOU page did not appear
2026-01-14 11:23:50,689 - INFO - Update security info window did not appear
2026-01-14 11:23:53,710 - INFO - Privacy notice page did not appear
2026-01-14 11:23:56,731 - INFO - Upsell page did not appear
2026-01-14 11:23:59,752 - INFO - Privacy notice page did not appear
2026-01-14 11:24:33,724 - INFO - Account eagpc01@activegamers.com.au is not active
2026-01-14 11:24:33,724 - INFO - login_full_flow completed for eagpc01@activegamers.com.au
2026-01-14 11:24:45,270 - INFO - load_renew_page finished. loading gamepass url...
2026-01-14 11:24:55,343 - INFO - handle_passkey_interrupt_page_2 completed. Second Passkey interrupt page did not appear
2026-01-14 11:25:10,452 - INFO - click_account_selection_button completed. Account selection button was not found.
2026-01-14 11:25:15,512 - INFO - find_manage_button completed. Manage button was not found. 
2026-01-14 11:25:17,688 - INFO - load_renew_page finished. loading gamepass url...
2026-01-14 11:25:19,264 - INFO - click_join_button completed. Join button appeared and was clicked
2026-01-14 11:25:34,266 - INFO - sleeping for 15 seconds to allows the subscribe modal to load
2026-01-14 11:25:34,408 - INFO - position is not none
2026-01-14 11:25:35,629 - INFO - Icon clicked successfully!
2026-01-14 11:25:55,851 - INFO - Launch or install Xbox PC app button did not become present and clickable. Check to see if account has valid payment method (convert to gift code)
2026-01-14 11:25:55,851 - INFO - -----------------------------------------------------------------------------
2026-01-14 11:25:58,185 - INFO - Processing account: eagpc02@activegamers.com.au
2026-01-14 11:26:03,375 - INFO - Driver initialized
2026-01-14 11:26:03,375 - INFO - Activate loop initiated for eagpc02@activegamers.com.au
2026-01-14 11:26:03,375 - INFO - Begin login sequence
2026-01-14 11:26:09,344 - INFO - 'Sign in' button clicked
2026-01-14 11:26:13,999 - INFO - Email entered
2026-01-14 11:26:24,005 - INFO - Timed out waiting for 'Other ways to sign in' button to appear.
2026-01-14 11:26:24,069 - INFO - Clicked the 'Use your password' button.
2026-01-14 11:26:29,179 - INFO - Standard password used
2026-01-14 11:26:31,562 - INFO - Handling any post-login interruptions for eagpc02@activegamers.com.au
2026-01-14 11:26:31,566 - INFO - Stay signed in page loaded
2026-01-14 11:26:40,713 - INFO - stay signed in page was bypassed by loading https://account.microsoft.com
2026-01-14 11:26:52,569 - INFO - Passkey interrupt page did not appear
2026-01-14 11:26:57,603 - INFO - TOU page did not appear
2026-01-14 11:27:00,638 - INFO - Update security info window did not appear
2026-01-14 11:27:03,661 - INFO - Privacy notice page did not appear
2026-01-14 11:27:06,682 - INFO - Upsell page did not appear
2026-01-14 11:27:09,705 - INFO - Privacy notice page did not appear
2026-01-14 11:27:44,466 - INFO - Account eagpc02@activegamers.com.au is not active
2026-01-14 11:27:44,466 - INFO - login_full_flow completed for eagpc02@activegamers.com.au
2026-01-14 11:27:52,646 - INFO - load_renew_page finished. loading gamepass url...
2026-01-14 11:28:02,719 - INFO - handle_passkey_interrupt_page_2 completed. Second Passkey interrupt page did not appear
2026-01-14 11:28:17,822 - INFO - click_account_selection_button completed. Account selection button was not found.
2026-01-14 11:28:22,883 - INFO - find_manage_button completed. Manage button was not found. 
2026-01-14 11:28:25,412 - INFO - load_renew_page finished. loading gamepass url...
2026-01-14 11:28:27,016 - INFO - click_join_button completed. Join button appeared and was clicked
2026-01-14 11:28:42,017 - INFO - sleeping for 15 seconds to allows the subscribe modal to load
2026-01-14 11:28:42,205 - INFO - position is not none
2026-01-14 11:28:43,439 - INFO - Icon clicked successfully!
2026-01-14 11:29:03,662 - INFO - Launch or install Xbox PC app button did not become present and clickable. Check to see if account has valid payment method (convert to gift code)
2026-01-14 11:29:03,662 - INFO - -----------------------------------------------------------------------------
2026-01-14 11:29:10,048 - INFO - Failed accounts saved to failed_accounts.json
2026-01-14 13:33:09,282 - INFO - log has been created
2026-01-14 13:33:11,684 - INFO - Returned result is add_gift_card
2026-01-14 13:33:25,216 - INFO - Skipping aga - no valid ranges
2026-01-14 13:33:25,217 - INFO - Skipping agapc - no valid ranges
2026-01-14 13:33:25,217 - INFO - Skipping wanxb - no valid ranges
2026-01-14 13:33:25,217 - INFO - Skipping wanpc - no valid ranges
2026-01-14 13:33:25,217 - INFO - Processing account: wodxb01@activegamers.com.au
2026-01-14 13:33:26,786 - INFO - Driver initialized
2026-01-14 13:33:26,786 - INFO - Add gift card loop initiated for wodxb01@activegamers.com.au
2026-01-14 13:33:26,786 - INFO - Begin login sequence
2026-01-14 13:33:33,106 - INFO - 'Sign in' button clicked
2026-01-14 13:33:34,741 - INFO - Email entered
2026-01-14 13:33:44,923 - INFO - Timed out waiting for 'Other ways to sign in' button to appear.
2026-01-14 13:33:44,998 - INFO - Clicked the 'Use your password' button.
2026-01-14 13:33:50,111 - INFO - Standard password used
2026-01-14 13:34:04,022 - INFO - Handling any post-login interruptions for wodxb01@activegamers.com.au
2026-01-14 13:34:09,057 - INFO - Stay signed in page did not load
2026-01-14 13:34:14,091 - INFO - Passkey interrupt page did not appear
2026-01-14 13:34:14,094 - INFO - TOU page loaded
2026-01-14 13:34:38,205 - INFO - TOU page was bypassed
2026-01-14 13:34:48,213 - INFO - Update security info window did not appear
2026-01-14 13:34:51,235 - INFO - Privacy notice page did not appear
2026-01-14 13:34:54,256 - INFO - Upsell page did not appear
2026-01-14 13:34:57,278 - INFO - Privacy notice page did not appear
2026-01-14 13:35:33,353 - INFO - Account wodxb01@activegamers.com.au is not active
2026-01-14 13:35:33,353 - INFO - login_full_flow completed for wodxb01@activegamers.com.au
2026-01-14 13:35:33,353 - INFO - {email}, manage_xbox_element
2026-01-14 13:35:36,041 - INFO - Loading billing page
2026-01-14 13:35:36,043 - INFO - billing page loaded
2026-01-14 13:35:46,161 - INFO - Timeout: The 'Remove card' button was not found or not clickable.
2026-01-14 13:35:46,161 - INFO - remove card function finished
2026-01-14 13:35:46,177 - INFO - Raw balance text: 4.10 AUD
2026-01-14 13:35:46,177 - INFO - Parsed account balance: 4.10
2026-01-14 13:35:48,024 - INFO - Loading redeem page
2026-01-14 13:35:48,027 - INFO - redeem page loaded
2026-01-14 13:35:48,027 - INFO - First available gift card: 3CFMK-XMY6M-XDJJD-HWVXP-RC7MZ
2026-01-14 13:36:03,190 - INFO - Gift card code submitted.
2026-01-14 13:36:13,204 - INFO - Confirmation submitted.
2026-01-14 13:36:13,204 - INFO - Marked code as used: 3CFMK-XMY6M-XDJJD-HWVXP-RC7MZ
2026-01-14 13:36:15,206 - INFO - -----------------------------------------------------------------------------------------
2026-01-14 13:36:17,470 - INFO - Processing account: wodxb02@activegamers.com.au
2026-01-14 13:36:22,661 - INFO - Driver initialized
2026-01-14 13:36:22,661 - INFO - Add gift card loop initiated for wodxb02@activegamers.com.au
2026-01-14 13:36:22,661 - INFO - Begin login sequence
2026-01-14 13:36:29,627 - INFO - 'Sign in' button clicked
2026-01-14 13:36:31,245 - INFO - Email entered
2026-01-14 13:36:41,306 - INFO - Timed out waiting for 'Other ways to sign in' button to appear.
2026-01-14 13:36:41,392 - INFO - Clicked the 'Use your password' button.
2026-01-14 13:36:46,511 - INFO - Standard password used
2026-01-14 13:36:51,174 - INFO - Handling any post-login interruptions for wodxb02@activegamers.com.au
2026-01-14 13:36:56,209 - INFO - Stay signed in page did not load
2026-01-14 13:37:01,246 - INFO - Passkey interrupt page did not appear
2026-01-14 13:37:01,249 - INFO - TOU page loaded
2026-01-14 13:37:07,550 - INFO - TOU page was bypassed
2026-01-14 13:37:23,722 - INFO - Update security info window did not appear
2026-01-14 13:37:26,745 - INFO - Privacy notice page did not appear
2026-01-14 13:37:29,769 - INFO - Upsell page did not appear
2026-01-14 13:37:32,792 - INFO - Privacy notice page did not appear
2026-01-14 13:38:07,353 - INFO - Account wodxb02@activegamers.com.au is not active
2026-01-14 13:38:07,353 - INFO - login_full_flow completed for wodxb02@activegamers.com.au
2026-01-14 13:38:07,353 - INFO - {email}, manage_xbox_element
2026-01-14 13:38:10,388 - INFO - Loading billing page
2026-01-14 13:38:10,391 - INFO - billing page loaded
2026-01-14 13:38:20,505 - INFO - Timeout: The 'Remove card' button was not found or not clickable.
2026-01-14 13:38:20,505 - INFO - remove card function finished
2026-01-14 13:38:20,520 - INFO - Raw balance text: 4.10 AUD
2026-01-14 13:38:20,520 - INFO - Parsed account balance: 4.10
2026-01-14 13:38:25,257 - INFO - Loading redeem page
2026-01-14 13:38:25,266 - INFO - redeem page loaded
2026-01-14 13:38:25,266 - INFO - First available gift card: 9VD4C-2HRHJ-MM99X-77R9V-JGVFZ
2026-01-14 13:38:40,428 - INFO - Gift card code submitted.
2026-01-14 13:38:50,442 - INFO - Confirmation submitted.
2026-01-14 13:38:50,442 - INFO - Marked code as used: 9VD4C-2HRHJ-MM99X-77R9V-JGVFZ
2026-01-14 13:38:52,443 - INFO - -----------------------------------------------------------------------------------------
2026-01-14 13:38:54,683 - INFO - Skipping wodpc - no valid ranges
2026-01-14 13:38:54,683 - INFO - Skipping eagxb - no valid ranges
2026-01-14 13:38:54,683 - INFO - Skipping eagpc - no valid ranges
2026-01-14 13:40:14,360 - INFO - log has been created
2026-01-14 13:40:15,576 - INFO - Returned result is activate
2026-01-14 13:40:23,931 - INFO - Skipping aga - no valid ranges
2026-01-14 13:40:23,932 - INFO - Skipping agapc - no valid ranges
2026-01-14 13:40:23,932 - INFO - Skipping wanxb - no valid ranges
2026-01-14 13:40:23,932 - INFO - Skipping wanpc - no valid ranges
2026-01-14 13:40:23,932 - INFO - Processing account: wodxb01@activegamers.com.au
2026-01-14 13:40:25,041 - INFO - Driver initialized
2026-01-14 13:40:25,041 - INFO - Activate loop initiated for wodxb01@activegamers.com.au
2026-01-14 13:40:25,041 - INFO - Begin login sequence
2026-01-14 13:40:35,944 - INFO - 'Sign in' button clicked
2026-01-14 13:40:38,592 - INFO - Email entered
2026-01-14 13:40:49,055 - INFO - Timed out waiting for 'Other ways to sign in' button to appear.
2026-01-14 13:40:49,122 - INFO - Clicked the 'Use your password' button.
2026-01-14 13:40:54,228 - INFO - Standard password used
2026-01-14 13:40:56,750 - INFO - Handling any post-login interruptions for wodxb01@activegamers.com.au
2026-01-14 13:41:01,785 - INFO - Stay signed in page did not load
2026-01-14 13:41:06,820 - INFO - Passkey interrupt page did not appear
2026-01-14 13:41:06,823 - INFO - TOU page loaded
2026-01-14 13:41:18,005 - INFO - TOU page was bypassed
2026-01-14 13:41:42,189 - INFO - Update security info window did not appear
2026-01-14 13:41:45,407 - INFO - Privacy notice page did not appear
2026-01-14 13:41:48,434 - INFO - Upsell page did not appear
2026-01-14 13:41:51,457 - INFO - Privacy notice page did not appear
2026-01-14 13:42:26,251 - INFO - Account wodxb01@activegamers.com.au is not active
2026-01-14 13:42:26,251 - INFO - login_full_flow completed for wodxb01@activegamers.com.au
2026-01-14 13:42:32,018 - INFO - load_renew_page finished. loading gamepass url...
2026-01-14 13:42:42,090 - INFO - handle_passkey_interrupt_page_2 completed. Second Passkey interrupt page did not appear
2026-01-14 13:42:57,195 - INFO - click_account_selection_button completed. Account selection button was not found.
2026-01-14 13:43:02,255 - INFO - find_manage_button completed. Manage button was not found. 
2026-01-14 13:43:03,360 - INFO - load_renew_page finished. loading gamepass url...
2026-01-14 13:43:04,933 - INFO - click_join_button completed. Join button appeared and was clicked
2026-01-14 13:43:19,935 - INFO - sleeping for 15 seconds to allows the subscribe modal to load
2026-01-14 13:43:20,091 - INFO - position is not none
2026-01-14 13:43:21,309 - INFO - Icon clicked successfully!
2026-01-14 13:43:30,412 - INFO - Launch or install Xbox PC app button was found. Account reactivation is complete for account wodxb01@activegamers.com.au
2026-01-14 13:43:31,170 - INFO - Email sent at the end of the loop.
2026-01-14 13:43:46,170 - INFO - -----------------------------------------------------------------------------
2026-01-14 13:43:48,485 - INFO - Processing account: wodxb02@activegamers.com.au
2026-01-14 13:43:53,706 - INFO - Driver initialized
2026-01-14 13:43:53,706 - INFO - Activate loop initiated for wodxb02@activegamers.com.au
2026-01-14 13:43:53,706 - INFO - Begin login sequence
2026-01-14 13:44:00,559 - INFO - 'Sign in' button clicked
2026-01-14 13:44:04,815 - INFO - Email entered
2026-01-14 13:44:15,021 - INFO - Timed out waiting for 'Other ways to sign in' button to appear.
2026-01-14 13:44:15,087 - INFO - Clicked the 'Use your password' button.
2026-01-14 13:44:20,204 - INFO - Standard password used
2026-01-14 13:44:22,454 - INFO - Handling any post-login interruptions for wodxb02@activegamers.com.au
2026-01-14 13:44:27,495 - INFO - Stay signed in page did not load
2026-01-14 13:44:32,532 - INFO - Passkey interrupt page did not appear
2026-01-14 13:44:32,535 - INFO - TOU page loaded
2026-01-14 13:44:42,096 - INFO - TOU page was bypassed
2026-01-14 13:44:55,400 - INFO - Update security info window did not appear
2026-01-14 13:44:58,421 - INFO - Privacy notice page did not appear
2026-01-14 13:45:01,443 - INFO - Upsell page did not appear
2026-01-14 13:45:04,465 - INFO - Privacy notice page did not appear
2026-01-14 13:45:39,064 - INFO - Account wodxb02@activegamers.com.au is not active
2026-01-14 13:45:39,064 - INFO - login_full_flow completed for wodxb02@activegamers.com.au
2026-01-14 13:45:44,909 - INFO - load_renew_page finished. loading gamepass url...
2026-01-14 13:45:54,990 - INFO - handle_passkey_interrupt_page_2 completed. Second Passkey interrupt page did not appear
2026-01-14 13:46:10,098 - INFO - click_account_selection_button completed. Account selection button was not found.
2026-01-14 13:46:15,159 - INFO - find_manage_button completed. Manage button was not found. 
2026-01-14 13:46:16,346 - INFO - load_renew_page finished. loading gamepass url...
2026-01-14 13:46:17,945 - INFO - click_join_button completed. Join button appeared and was clicked
2026-01-14 13:46:32,946 - INFO - sleeping for 15 seconds to allows the subscribe modal to load
2026-01-14 13:46:33,078 - INFO - position is not none
2026-01-14 13:46:34,289 - INFO - Icon clicked successfully!
2026-01-14 13:46:45,420 - INFO - Launch or install Xbox PC app button was found. Account reactivation is complete for account wodxb02@activegamers.com.au
2026-01-14 13:46:45,957 - INFO - Email sent at the end of the loop.
2026-01-14 13:47:00,957 - INFO - -----------------------------------------------------------------------------
2026-01-14 13:47:03,240 - INFO - Skipping wodpc - no valid ranges
2026-01-14 13:47:03,240 - INFO - Skipping eagxb - no valid ranges
2026-01-14 13:47:03,240 - INFO - Skipping eagpc - no valid ranges
