INFO:root:define base email and password finished
INFO:root:Reactivate loop initiated
INFO:root:Beginning reactivation of account aga149@activegamers.com.au
INFO:root:driver initialized
INFO:root:begin login sequence
INFO:root:'sign in' button clicked
INFO:root:email field clickable
INFO:root:email string sent to email field
INFO:root:email field did not become present and clickable
INFO:root:second privacy notice page 'https://privacynotice.account.microsoft.com/' did not appear
INFO:root:update security info window did not appear
INFO:root:privacy notice page 'https://privacynotice.account.microsoft.com/' did not appear
INFO:root:Upsell page 'https://account.live.com/apps/upsell?' did not appear
INFO:root:stay signed in window did not appear
INFO:root:second privacy notice page 'https://privacynotice.account.microsoft.com/' did not appear
INFO:root:login function completed for aga149@activegamers.com.au
INFO:root:sleep 5 seconds after login function
INFO:root:go to sign in url
INFO:root:slept 5 seconds
INFO:root:pressed enter
INFO:root:slept 10 seconds
INFO:root:go to gamepass url
INFO:root:join button is present and clickable
INFO:root:sleeping for 10 seconds to allows the subscribe modal to load
INFO:root:Icon not found on the screen.
INFO:root:define base email and password finished
INFO:root:Reactivate loop initiated
INFO:root:Beginning reactivation of account aga149@activegamers.com.au
INFO:root:driver initialized
INFO:root:begin login sequence
INFO:root:'sign in' button clicked
INFO:root:email field clickable
INFO:root:email string sent to email field
INFO:root:email field did not become present and clickable
INFO:root:second privacy notice page 'https://privacynotice.account.microsoft.com/' did not appear
INFO:root:update security info window did not appear
INFO:root:privacy notice page 'https://privacynotice.account.microsoft.com/' did not appear
INFO:root:Upsell page 'https://account.live.com/apps/upsell?' did not appear
INFO:root:stay signed in window did not appear
INFO:root:second privacy notice page 'https://privacynotice.account.microsoft.com/' did not appear
INFO:root:login function completed for aga149@activegamers.com.au
INFO:root:sleep 5 seconds after login function
INFO:root:go to sign in url
INFO:root:slept 5 seconds
INFO:root:pressed enter
INFO:root:slept 10 seconds
INFO:root:go to gamepass url
INFO:root:join button is present and clickable
INFO:root:sleeping for 10 seconds to allows the subscribe modal to load
INFO:root:Icon not found on the screen.
INFO:root:define base email and password finished
INFO:root:Reactivate loop initiated
INFO:root:Beginning reactivation of account aga150@activegamers.com.au
INFO:root:driver initialized
INFO:root:begin login sequence
INFO:root:'sign in' button clicked
INFO:root:email field clickable
INFO:root:email string sent to email field
INFO:root:password field clickable
INFO:root:standard password string sent to pword field
INFO:root:second privacy notice page 'https://privacynotice.account.microsoft.com/' did not appear
INFO:root:update security info window did not appear
INFO:root:privacy notice page 'https://privacynotice.account.microsoft.com/' did not appear
INFO:root:Upsell page 'https://account.live.com/apps/upsell?' did not appear
INFO:root:stay signed in window appeared and was completed
INFO:root:second privacy notice page 'https://privacynotice.account.microsoft.com/' did not appear
INFO:root:login function completed for aga150@activegamers.com.au
INFO:root:sleep 5 seconds after login function
INFO:root:go to sign in url
INFO:root:slept 5 seconds
INFO:root:pressed enter
INFO:root:slept 10 seconds
INFO:root:go to gamepass url
INFO:root:join button is present and clickable
INFO:root:sleeping for 10 seconds to allows the subscribe modal to load
INFO:root:Icon clicked successfully!
INFO:root:Account reactivation is complete for account aga150@activegamers.com.au
INFO:root:Email sent at the end of the loop.
INFO:root:-----------------------------------------------------------------------------
INFO:root:Beginning reactivation of account aga151@activegamers.com.au
INFO:root:driver initialized
INFO:root:begin login sequence
INFO:root:'sign in' button clicked
INFO:root:email field clickable
INFO:root:email string sent to email field
INFO:root:password field clickable
INFO:root:standard password string sent to pword field
INFO:root:second privacy notice page 'https://privacynotice.account.microsoft.com/' did not appear
INFO:root:update security info window did not appear
INFO:root:privacy notice page 'https://privacynotice.account.microsoft.com/' did not appear
INFO:root:Upsell page 'https://account.live.com/apps/upsell?' did not appear
INFO:root:stay signed in window appeared and was completed
INFO:root:second privacy notice page 'https://privacynotice.account.microsoft.com/' did not appear
INFO:root:login function completed for aga151@activegamers.com.au
INFO:root:sleep 5 seconds after login function
INFO:root:go to sign in url
INFO:root:slept 5 seconds
INFO:root:pressed enter
INFO:root:slept 10 seconds
INFO:root:go to gamepass url
INFO:root:join button is present and clickable
INFO:root:sleeping for 10 seconds to allows the subscribe modal to load
INFO:root:Icon clicked successfully!
INFO:root:Account reactivation is complete for account aga151@activegamers.com.au
INFO:root:Email sent at the end of the loop.
INFO:root:-----------------------------------------------------------------------------
INFO:root:Beginning reactivation of account aga152@activegamers.com.au
INFO:root:driver initialized
INFO:root:begin login sequence
INFO:root:'sign in' button clicked
INFO:root:email field clickable
INFO:root:email string sent to email field
INFO:root:password field clickable
INFO:root:standard password string sent to pword field
INFO:root:second privacy notice page 'https://privacynotice.account.microsoft.com/' did not appear
INFO:root:update security info window did not appear
INFO:root:privacy notice page 'https://privacynotice.account.microsoft.com/' did not appear
INFO:root:Upsell page 'https://account.live.com/apps/upsell?' did not appear
INFO:root:stay signed in window appeared and was completed
INFO:root:second privacy notice page 'https://privacynotice.account.microsoft.com/' did not appear
INFO:root:login function completed for aga152@activegamers.com.au
INFO:root:sleep 5 seconds after login function
INFO:root:go to sign in url
INFO:root:slept 5 seconds
INFO:root:pressed enter
INFO:root:slept 10 seconds
INFO:root:go to gamepass url
INFO:root:join button is present and clickable
INFO:root:sleeping for 10 seconds to allows the subscribe modal to load
INFO:root:Icon clicked successfully!
INFO:root:Account reactivation is complete for account aga152@activegamers.com.au
INFO:root:Email sent at the end of the loop.
INFO:root:-----------------------------------------------------------------------------
INFO:root:Beginning reactivation of account aga153@activegamers.com.au
INFO:root:driver initialized
INFO:root:begin login sequence
INFO:root:'sign in' button clicked
INFO:root:email field clickable
INFO:root:email string sent to email field
INFO:root:password field clickable
INFO:root:standard password string sent to pword field
INFO:root:second privacy notice page 'https://privacynotice.account.microsoft.com/' did not appear
INFO:root:update security info window did not appear
INFO:root:privacy notice page 'https://privacynotice.account.microsoft.com/' did not appear
INFO:root:Upsell page 'https://account.live.com/apps/upsell?' did not appear
INFO:root:stay signed in window appeared and was completed
INFO:root:second privacy notice page 'https://privacynotice.account.microsoft.com/' did not appear
INFO:root:login function completed for aga153@activegamers.com.au
INFO:root:sleep 5 seconds after login function
INFO:root:go to sign in url
INFO:root:slept 5 seconds
INFO:root:pressed enter
INFO:root:slept 10 seconds
INFO:root:go to gamepass url
INFO:root:Join button did not become present and clickable
INFO:root:-----------------------------------------------------------------------------
INFO:root:Beginning reactivation of account aga154@activegamers.com.au
INFO:root:driver initialized
INFO:root:begin login sequence
INFO:root:'sign in' button clicked
INFO:root:email field clickable
INFO:root:email string sent to email field
INFO:root:password field clickable
INFO:root:standard password string sent to pword field
INFO:root:second privacy notice page 'https://privacynotice.account.microsoft.com/' did not appear
INFO:root:update security info window did not appear
INFO:root:privacy notice page 'https://privacynotice.account.microsoft.com/' did not appear
INFO:root:Upsell page 'https://account.live.com/apps/upsell?' did not appear
INFO:root:stay signed in window appeared and was completed
INFO:root:second privacy notice page 'https://privacynotice.account.microsoft.com/' did not appear
INFO:root:login function completed for aga154@activegamers.com.au
INFO:root:sleep 5 seconds after login function
INFO:root:go to sign in url
INFO:root:slept 5 seconds
INFO:root:pressed enter
INFO:root:slept 10 seconds
INFO:root:go to gamepass url
INFO:root:join button is present and clickable
INFO:root:sleeping for 10 seconds to allows the subscribe modal to load
INFO:root:Icon clicked successfully!
INFO:root:Account reactivation is complete for account aga154@activegamers.com.au
INFO:root:Email sent at the end of the loop.
INFO:root:-----------------------------------------------------------------------------
INFO:root:Beginning reactivation of account aga155@activegamers.com.au
INFO:root:driver initialized
INFO:root:begin login sequence
INFO:root:'sign in' button clicked
INFO:root:email field clickable
INFO:root:email string sent to email field
INFO:root:password field clickable
INFO:root:standard password string sent to pword field
INFO:root:second privacy notice page 'https://privacynotice.account.microsoft.com/' did not appear
INFO:root:update security info window did not appear
INFO:root:privacy notice page 'https://privacynotice.account.microsoft.com/' did not appear
INFO:root:Upsell page 'https://account.live.com/apps/upsell?' did not appear
INFO:root:stay signed in window appeared and was completed
INFO:root:second privacy notice page 'https://privacynotice.account.microsoft.com/' did not appear
INFO:root:login function completed for aga155@activegamers.com.au
INFO:root:sleep 5 seconds after login function
INFO:root:go to sign in url
INFO:root:slept 5 seconds
INFO:root:pressed enter
INFO:root:slept 10 seconds
INFO:root:go to gamepass url
INFO:root:join button is present and clickable
INFO:root:sleeping for 10 seconds to allows the subscribe modal to load
INFO:root:Icon clicked successfully!
INFO:root:Account reactivation is complete for account aga155@activegamers.com.au
INFO:root:Email sent at the end of the loop.
INFO:root:-----------------------------------------------------------------------------
INFO:root:Beginning reactivation of account aga156@activegamers.com.au
INFO:root:driver initialized
INFO:root:begin login sequence
INFO:root:'sign in' button clicked
INFO:root:email field clickable
INFO:root:email string sent to email field
INFO:root:password field clickable
INFO:root:standard password string sent to pword field
INFO:root:second privacy notice page 'https://privacynotice.account.microsoft.com/' did not appear
INFO:root:update security info window did not appear
INFO:root:privacy notice page 'https://privacynotice.account.microsoft.com/' did not appear
INFO:root:Upsell page 'https://account.live.com/apps/upsell?' did not appear
INFO:root:stay signed in window appeared and was completed
INFO:root:second privacy notice page 'https://privacynotice.account.microsoft.com/' did not appear
INFO:root:login function completed for aga156@activegamers.com.au
INFO:root:sleep 5 seconds after login function
INFO:root:go to sign in url
INFO:root:slept 5 seconds
INFO:root:pressed enter
INFO:root:slept 10 seconds
INFO:root:go to gamepass url
INFO:root:join button is present and clickable
INFO:root:sleeping for 10 seconds to allows the subscribe modal to load
INFO:root:Icon clicked successfully!
INFO:root:Account reactivation is complete for account aga156@activegamers.com.au
INFO:root:Email sent at the end of the loop.
INFO:root:-----------------------------------------------------------------------------
INFO:root:Beginning reactivation of account aga157@activegamers.com.au
INFO:root:driver initialized
INFO:root:begin login sequence
INFO:root:'sign in' button clicked
INFO:root:email field clickable
INFO:root:email string sent to email field
INFO:root:password field clickable
INFO:root:standard password string sent to pword field
INFO:root:second privacy notice page 'https://privacynotice.account.microsoft.com/' did not appear
INFO:root:update security info window did not appear
INFO:root:privacy notice page 'https://privacynotice.account.microsoft.com/' did not appear
INFO:root:Upsell page 'https://account.live.com/apps/upsell?' did not appear
INFO:root:stay signed in window appeared and was completed
INFO:root:second privacy notice page 'https://privacynotice.account.microsoft.com/' did not appear
INFO:root:login function completed for aga157@activegamers.com.au
INFO:root:sleep 5 seconds after login function
INFO:root:go to sign in url
INFO:root:slept 5 seconds
INFO:root:pressed enter
INFO:root:slept 10 seconds
INFO:root:go to gamepass url
INFO:root:join button is present and clickable
INFO:root:sleeping for 10 seconds to allows the subscribe modal to load
INFO:root:Icon clicked successfully!
INFO:root:Account reactivation is complete for account aga157@activegamers.com.au
INFO:root:Email sent at the end of the loop.
INFO:root:-----------------------------------------------------------------------------
INFO:root:Beginning reactivation of account aga158@activegamers.com.au
INFO:root:driver initialized
INFO:root:begin login sequence
INFO:root:'sign in' button clicked
INFO:root:email field clickable
INFO:root:email string sent to email field
INFO:root:password field clickable
INFO:root:standard password string sent to pword field
INFO:root:second privacy notice page 'https://privacynotice.account.microsoft.com/' did not appear
INFO:root:update security info window did not appear
INFO:root:privacy notice page 'https://privacynotice.account.microsoft.com/' did not appear
INFO:root:Upsell page 'https://account.live.com/apps/upsell?' did not appear
INFO:root:stay signed in window appeared and was completed
INFO:root:second privacy notice page 'https://privacynotice.account.microsoft.com/' did not appear
INFO:root:login function completed for aga158@activegamers.com.au
INFO:root:sleep 5 seconds after login function
INFO:root:go to sign in url
INFO:root:slept 5 seconds
INFO:root:pressed enter
INFO:root:slept 10 seconds
INFO:root:go to gamepass url
INFO:root:join button is present and clickable
INFO:root:sleeping for 10 seconds to allows the subscribe modal to load
INFO:root:Icon clicked successfully!
INFO:root:Account reactivation is complete for account aga158@activegamers.com.au
INFO:root:Email sent at the end of the loop.
INFO:root:-----------------------------------------------------------------------------
INFO:root:Beginning reactivation of account aga159@activegamers.com.au
INFO:root:driver initialized
INFO:root:begin login sequence
INFO:root:'sign in' button clicked
INFO:root:email field clickable
INFO:root:email string sent to email field
INFO:root:password field clickable
INFO:root:standard password string sent to pword field
INFO:root:second privacy notice page 'https://privacynotice.account.microsoft.com/' did not appear
INFO:root:update security info window did not appear
INFO:root:privacy notice page 'https://privacynotice.account.microsoft.com/' did not appear
INFO:root:Upsell page 'https://account.live.com/apps/upsell?' did not appear
INFO:root:stay signed in window appeared and was completed
INFO:root:second privacy notice page 'https://privacynotice.account.microsoft.com/' did not appear
INFO:root:login function completed for aga159@activegamers.com.au
INFO:root:sleep 5 seconds after login function
INFO:root:go to sign in url
INFO:root:slept 5 seconds
INFO:root:pressed enter
INFO:root:slept 10 seconds
INFO:root:go to gamepass url
INFO:root:Join button did not become present and clickable
INFO:root:-----------------------------------------------------------------------------
INFO:root:Beginning reactivation of account aga160@activegamers.com.au
INFO:root:driver initialized
INFO:root:begin login sequence
INFO:root:'sign in' button clicked
INFO:root:email field clickable
INFO:root:email string sent to email field
INFO:root:password field clickable
INFO:root:standard password string sent to pword field
INFO:root:second privacy notice page 'https://privacynotice.account.microsoft.com/' did not appear
INFO:root:update security info window did not appear
INFO:root:privacy notice page 'https://privacynotice.account.microsoft.com/' did not appear
INFO:root:Upsell page 'https://account.live.com/apps/upsell?' did not appear
INFO:root:stay signed in window appeared and was completed
INFO:root:second privacy notice page 'https://privacynotice.account.microsoft.com/' did not appear
INFO:root:login function completed for aga160@activegamers.com.au
INFO:root:sleep 5 seconds after login function
INFO:root:go to sign in url
INFO:root:slept 5 seconds
INFO:root:pressed enter
INFO:root:slept 10 seconds
INFO:root:go to gamepass url
INFO:root:join button is present and clickable
INFO:root:sleeping for 10 seconds to allows the subscribe modal to load
INFO:root:Icon clicked successfully!
INFO:root:Account reactivation is complete for account aga160@activegamers.com.au
INFO:root:Email sent at the end of the loop.
INFO:root:-----------------------------------------------------------------------------
INFO:root:Beginning reactivation of account aga161@activegamers.com.au
INFO:root:driver initialized
INFO:root:begin login sequence
INFO:root:'sign in' button clicked
INFO:root:email field clickable
INFO:root:email string sent to email field
INFO:root:password field clickable
INFO:root:standard password string sent to pword field
INFO:root:second privacy notice page 'https://privacynotice.account.microsoft.com/' did not appear
INFO:root:update security info window did not appear
INFO:root:privacy notice page 'https://privacynotice.account.microsoft.com/' did not appear
INFO:root:Upsell page 'https://account.live.com/apps/upsell?' did not appear
INFO:root:stay signed in window appeared and was completed
INFO:root:second privacy notice page 'https://privacynotice.account.microsoft.com/' did not appear
INFO:root:login function completed for aga161@activegamers.com.au
INFO:root:sleep 5 seconds after login function
INFO:root:go to sign in url
INFO:root:slept 5 seconds
INFO:root:pressed enter
INFO:root:slept 10 seconds
INFO:root:go to gamepass url
INFO:root:join button is present and clickable
INFO:root:sleeping for 10 seconds to allows the subscribe modal to load
INFO:root:Icon clicked successfully!
INFO:root:Account reactivation is complete for account aga161@activegamers.com.au
INFO:root:Email sent at the end of the loop.
INFO:root:-----------------------------------------------------------------------------
INFO:root:Beginning reactivation of account aga162@activegamers.com.au
INFO:root:driver initialized
INFO:root:begin login sequence
INFO:root:'sign in' button clicked
INFO:root:email field clickable
INFO:root:email string sent to email field
INFO:root:password field clickable
INFO:root:standard password string sent to pword field
INFO:root:second privacy notice page 'https://privacynotice.account.microsoft.com/' did not appear
INFO:root:update security info window did not appear
INFO:root:privacy notice page 'https://privacynotice.account.microsoft.com/' did not appear
INFO:root:Upsell page 'https://account.live.com/apps/upsell?' did not appear
INFO:root:stay signed in window appeared and was completed
INFO:root:second privacy notice page 'https://privacynotice.account.microsoft.com/' did not appear
INFO:root:login function completed for aga162@activegamers.com.au
INFO:root:sleep 5 seconds after login function
INFO:root:go to sign in url
INFO:root:slept 5 seconds
INFO:root:pressed enter
INFO:root:slept 10 seconds
INFO:root:go to gamepass url
INFO:root:join button is present and clickable
INFO:root:sleeping for 10 seconds to allows the subscribe modal to load
INFO:root:Icon clicked successfully!
INFO:root:Account reactivation is complete for account aga162@activegamers.com.au
INFO:root:Email sent at the end of the loop.
INFO:root:-----------------------------------------------------------------------------
INFO:root:Beginning reactivation of account aga163@activegamers.com.au
INFO:root:driver initialized
INFO:root:begin login sequence
INFO:root:'sign in' button clicked
INFO:root:email field clickable
INFO:root:email string sent to email field
INFO:root:password field clickable
INFO:root:standard password string sent to pword field
INFO:root:second privacy notice page 'https://privacynotice.account.microsoft.com/' did not appear
INFO:root:update security info window did not appear
INFO:root:privacy notice page 'https://privacynotice.account.microsoft.com/' did not appear
INFO:root:Upsell page 'https://account.live.com/apps/upsell?' did not appear
INFO:root:stay signed in window appeared and was completed
INFO:root:second privacy notice page 'https://privacynotice.account.microsoft.com/' did not appear
INFO:root:login function completed for aga163@activegamers.com.au
INFO:root:sleep 5 seconds after login function
INFO:root:go to sign in url
INFO:root:slept 5 seconds
INFO:root:pressed enter
INFO:root:slept 10 seconds
INFO:root:go to gamepass url
INFO:root:join button is present and clickable
INFO:root:sleeping for 10 seconds to allows the subscribe modal to load
INFO:root:Icon clicked successfully!
INFO:root:Account reactivation is complete for account aga163@activegamers.com.au
INFO:root:Email sent at the end of the loop.
INFO:root:-----------------------------------------------------------------------------
INFO:root:Beginning reactivation of account aga164@activegamers.com.au
INFO:root:driver initialized
INFO:root:begin login sequence
INFO:root:'sign in' button clicked
INFO:root:email field clickable
INFO:root:email string sent to email field
INFO:root:password field clickable
INFO:root:standard password string sent to pword field
INFO:root:second privacy notice page 'https://privacynotice.account.microsoft.com/' did not appear
INFO:root:update security info window did not appear
INFO:root:privacy notice page 'https://privacynotice.account.microsoft.com/' did not appear
INFO:root:Upsell page 'https://account.live.com/apps/upsell?' did not appear
INFO:root:stay signed in window appeared and was completed
INFO:root:second privacy notice page 'https://privacynotice.account.microsoft.com/' did not appear
INFO:root:login function completed for aga164@activegamers.com.au
INFO:root:sleep 5 seconds after login function
INFO:root:go to sign in url
INFO:root:slept 5 seconds
INFO:root:pressed enter
INFO:root:slept 10 seconds
INFO:root:go to gamepass url
INFO:root:join button is present and clickable
INFO:root:sleeping for 10 seconds to allows the subscribe modal to load
INFO:root:Icon clicked successfully!
INFO:root:Account reactivation is complete for account aga164@activegamers.com.au
INFO:root:Email sent at the end of the loop.
INFO:root:-----------------------------------------------------------------------------
INFO:root:Beginning reactivation of account aga165@activegamers.com.au
INFO:root:driver initialized
INFO:root:begin login sequence
INFO:root:'sign in' button clicked
INFO:root:email field clickable
INFO:root:email string sent to email field
INFO:root:password field clickable
INFO:root:standard password string sent to pword field
INFO:root:second privacy notice page 'https://privacynotice.account.microsoft.com/' did not appear
INFO:root:update security info window did not appear
INFO:root:privacy notice page 'https://privacynotice.account.microsoft.com/' did not appear
INFO:root:Upsell page 'https://account.live.com/apps/upsell?' did not appear
INFO:root:stay signed in window appeared and was completed
INFO:root:second privacy notice page 'https://privacynotice.account.microsoft.com/' did not appear
INFO:root:login function completed for aga165@activegamers.com.au
INFO:root:sleep 5 seconds after login function
INFO:root:go to sign in url
INFO:root:slept 5 seconds
INFO:root:pressed enter
INFO:root:slept 10 seconds
INFO:root:go to gamepass url
INFO:root:join button is present and clickable
INFO:root:sleeping for 10 seconds to allows the subscribe modal to load
INFO:root:Icon clicked successfully!
INFO:root:Account reactivation is complete for account aga165@activegamers.com.au
INFO:root:Email sent at the end of the loop.
INFO:root:-----------------------------------------------------------------------------
INFO:root:Beginning reactivation of account aga166@activegamers.com.au
INFO:root:driver initialized
INFO:root:begin login sequence
INFO:root:'sign in' button clicked
INFO:root:email field clickable
INFO:root:email string sent to email field
INFO:root:password field clickable
INFO:root:standard password string sent to pword field
INFO:root:second privacy notice page 'https://privacynotice.account.microsoft.com/' did not appear
INFO:root:update security info window did not appear
INFO:root:privacy notice page 'https://privacynotice.account.microsoft.com/' did not appear
INFO:root:Upsell page 'https://account.live.com/apps/upsell?' did not appear
INFO:root:stay signed in window appeared and was completed
INFO:root:second privacy notice page 'https://privacynotice.account.microsoft.com/' did not appear
INFO:root:login function completed for aga166@activegamers.com.au
INFO:root:sleep 5 seconds after login function
INFO:root:go to sign in url
INFO:root:slept 5 seconds
INFO:root:pressed enter
INFO:root:slept 10 seconds
INFO:root:go to gamepass url
INFO:root:join button is present and clickable
INFO:root:sleeping for 10 seconds to allows the subscribe modal to load
INFO:root:Icon clicked successfully!
INFO:root:Account reactivation is complete for account aga166@activegamers.com.au
INFO:root:Email sent at the end of the loop.
INFO:root:-----------------------------------------------------------------------------
INFO:root:Beginning reactivation of account aga167@activegamers.com.au
INFO:root:driver initialized
INFO:root:begin login sequence
INFO:root:'sign in' button clicked
INFO:root:email field clickable
INFO:root:email string sent to email field
INFO:root:password field clickable
INFO:root:standard password string sent to pword field
INFO:root:second privacy notice page 'https://privacynotice.account.microsoft.com/' did not appear
INFO:root:update security info window did not appear
INFO:root:privacy notice page 'https://privacynotice.account.microsoft.com/' did not appear
INFO:root:Upsell page 'https://account.live.com/apps/upsell?' did not appear
INFO:root:stay signed in window appeared and was completed
INFO:root:second privacy notice page 'https://privacynotice.account.microsoft.com/' did not appear
INFO:root:login function completed for aga167@activegamers.com.au
INFO:root:sleep 5 seconds after login function
INFO:root:go to sign in url
INFO:root:slept 5 seconds
INFO:root:pressed enter
INFO:root:slept 10 seconds
INFO:root:go to gamepass url
INFO:root:join button is present and clickable
INFO:root:sleeping for 10 seconds to allows the subscribe modal to load
INFO:root:Icon clicked successfully!
INFO:root:Account reactivation is complete for account aga167@activegamers.com.au
INFO:root:Email sent at the end of the loop.
INFO:root:-----------------------------------------------------------------------------
INFO:root:Beginning reactivation of account aga168@activegamers.com.au
INFO:root:driver initialized
INFO:root:begin login sequence
INFO:root:'sign in' button clicked
INFO:root:email field clickable
INFO:root:email string sent to email field
INFO:root:password field clickable
INFO:root:standard password string sent to pword field
INFO:root:second privacy notice page 'https://privacynotice.account.microsoft.com/' did not appear
INFO:root:update security info window did not appear
INFO:root:privacy notice page 'https://privacynotice.account.microsoft.com/' did not appear
INFO:root:Upsell page 'https://account.live.com/apps/upsell?' did not appear
INFO:root:stay signed in window appeared and was completed
INFO:root:second privacy notice page 'https://privacynotice.account.microsoft.com/' did not appear
INFO:root:login function completed for aga168@activegamers.com.au
INFO:root:sleep 5 seconds after login function
INFO:root:go to sign in url
INFO:root:slept 5 seconds
INFO:root:pressed enter
INFO:root:slept 10 seconds
INFO:root:go to gamepass url
INFO:root:join button is present and clickable
INFO:root:sleeping for 10 seconds to allows the subscribe modal to load
INFO:root:Icon clicked successfully!
INFO:root:Account reactivation is complete for account aga168@activegamers.com.au
INFO:root:Email sent at the end of the loop.
INFO:root:-----------------------------------------------------------------------------
INFO:root:Beginning reactivation of account aga169@activegamers.com.au
INFO:root:driver initialized
INFO:root:begin login sequence
INFO:root:'sign in' button clicked
INFO:root:email field clickable
INFO:root:email string sent to email field
INFO:root:password field clickable
INFO:root:standard password string sent to pword field
INFO:root:second privacy notice page 'https://privacynotice.account.microsoft.com/' did not appear
INFO:root:update security info window did not appear
INFO:root:privacy notice page 'https://privacynotice.account.microsoft.com/' did not appear
INFO:root:Upsell page 'https://account.live.com/apps/upsell?' did not appear
INFO:root:stay signed in window appeared and was completed
INFO:root:second privacy notice page 'https://privacynotice.account.microsoft.com/' did not appear
INFO:root:login function completed for aga169@activegamers.com.au
INFO:root:sleep 5 seconds after login function
INFO:root:go to sign in url
INFO:root:slept 5 seconds
INFO:root:pressed enter
INFO:root:slept 10 seconds
INFO:root:go to gamepass url
INFO:root:join button is present and clickable
INFO:root:sleeping for 10 seconds to allows the subscribe modal to load
INFO:root:Icon clicked successfully!
INFO:root:Account reactivation is complete for account aga169@activegamers.com.au
INFO:root:Email sent at the end of the loop.
INFO:root:-----------------------------------------------------------------------------
INFO:root:Beginning reactivation of account aga170@activegamers.com.au
INFO:root:driver initialized
INFO:root:begin login sequence
INFO:root:'sign in' button clicked
INFO:root:email field clickable
INFO:root:email string sent to email field
INFO:root:password field clickable
INFO:root:standard password string sent to pword field
INFO:root:second privacy notice page 'https://privacynotice.account.microsoft.com/' did not appear
INFO:root:update security info window did not appear
INFO:root:privacy notice page 'https://privacynotice.account.microsoft.com/' did not appear
INFO:root:Upsell page 'https://account.live.com/apps/upsell?' did not appear
INFO:root:stay signed in window appeared and was completed
INFO:root:second privacy notice page 'https://privacynotice.account.microsoft.com/' did not appear
INFO:root:login function completed for aga170@activegamers.com.au
INFO:root:sleep 5 seconds after login function
INFO:root:go to sign in url
INFO:root:slept 5 seconds
INFO:root:pressed enter
INFO:root:slept 10 seconds
INFO:root:go to gamepass url
INFO:root:join button is present and clickable
INFO:root:sleeping for 10 seconds to allows the subscribe modal to load
INFO:root:Icon clicked successfully!
INFO:root:Account reactivation is complete for account aga170@activegamers.com.au
INFO:root:Email sent at the end of the loop.
INFO:root:-----------------------------------------------------------------------------
INFO:root:Beginning reactivation of account aga171@activegamers.com.au
INFO:root:driver initialized
INFO:root:begin login sequence
INFO:root:'sign in' button clicked
INFO:root:email field clickable
INFO:root:email string sent to email field
INFO:root:password field clickable
INFO:root:standard password string sent to pword field
INFO:root:second privacy notice page 'https://privacynotice.account.microsoft.com/' did not appear
INFO:root:update security info window did not appear
INFO:root:privacy notice page 'https://privacynotice.account.microsoft.com/' did not appear
INFO:root:Upsell page 'https://account.live.com/apps/upsell?' did not appear
INFO:root:stay signed in window appeared and was completed
INFO:root:second privacy notice page 'https://privacynotice.account.microsoft.com/' did not appear
INFO:root:login function completed for aga171@activegamers.com.au
INFO:root:sleep 5 seconds after login function
INFO:root:go to sign in url
INFO:root:slept 5 seconds
INFO:root:pressed enter
INFO:root:slept 10 seconds
INFO:root:go to gamepass url
INFO:root:join button is present and clickable
INFO:root:sleeping for 10 seconds to allows the subscribe modal to load
INFO:root:Icon clicked successfully!
INFO:root:Account reactivation is complete for account aga171@activegamers.com.au
INFO:root:Email sent at the end of the loop.
INFO:root:-----------------------------------------------------------------------------
INFO:root:Beginning reactivation of account aga172@activegamers.com.au
INFO:root:driver initialized
INFO:root:begin login sequence
INFO:root:'sign in' button clicked
INFO:root:email field clickable
INFO:root:email string sent to email field
INFO:root:password field clickable
INFO:root:standard password string sent to pword field
INFO:root:second privacy notice page 'https://privacynotice.account.microsoft.com/' did not appear
INFO:root:update security info window did not appear
INFO:root:privacy notice page 'https://privacynotice.account.microsoft.com/' did not appear
INFO:root:Upsell page 'https://account.live.com/apps/upsell?' did not appear
INFO:root:stay signed in window appeared and was completed
INFO:root:second privacy notice page 'https://privacynotice.account.microsoft.com/' did not appear
INFO:root:login function completed for aga172@activegamers.com.au
INFO:root:sleep 5 seconds after login function
INFO:root:go to sign in url
INFO:root:slept 5 seconds
INFO:root:pressed enter
INFO:root:slept 10 seconds
INFO:root:go to gamepass url
INFO:root:join button is present and clickable
INFO:root:sleeping for 10 seconds to allows the subscribe modal to load
INFO:root:Icon clicked successfully!
INFO:root:Account reactivation is complete for account aga172@activegamers.com.au
INFO:root:Email sent at the end of the loop.
INFO:root:-----------------------------------------------------------------------------
INFO:root:Beginning reactivation of account aga173@activegamers.com.au
INFO:root:driver initialized
INFO:root:begin login sequence
INFO:root:'sign in' button clicked
INFO:root:email field clickable
INFO:root:email string sent to email field
INFO:root:define base email and password finished
INFO:root:Reactivate loop initiated
INFO:root:Beginning reactivation of account aga174@activegamers.com.au
INFO:root:driver initialized
INFO:root:begin login sequence
INFO:root:'sign in' button clicked
INFO:root:email field clickable
INFO:root:email string sent to email field
INFO:root:password field clickable
INFO:root:standard password string sent to pword field
INFO:root:second privacy notice page 'https://privacynotice.account.microsoft.com/' did not appear
INFO:root:update security info window did not appear
INFO:root:privacy notice page 'https://privacynotice.account.microsoft.com/' did not appear
INFO:root:Upsell page 'https://account.live.com/apps/upsell?' did not appear
INFO:root:stay signed in window appeared and was completed
INFO:root:second privacy notice page 'https://privacynotice.account.microsoft.com/' did not appear
INFO:root:login function completed for aga174@activegamers.com.au
INFO:root:sleep 5 seconds after login function
INFO:root:go to sign in url
INFO:root:slept 5 seconds
INFO:root:pressed enter
INFO:root:slept 10 seconds
INFO:root:go to gamepass url
INFO:root:join button is present and clickable
INFO:root:sleeping for 10 seconds to allows the subscribe modal to load
INFO:root:Icon clicked successfully!
INFO:root:Account reactivation is complete for account aga174@activegamers.com.au
INFO:root:Email sent at the end of the loop.
INFO:root:-----------------------------------------------------------------------------
INFO:root:Beginning reactivation of account aga175@activegamers.com.au
INFO:root:driver initialized
INFO:root:begin login sequence
INFO:root:'sign in' button clicked
INFO:root:email field clickable
INFO:root:email string sent to email field
INFO:root:password field clickable
INFO:root:standard password string sent to pword field
INFO:root:second privacy notice page 'https://privacynotice.account.microsoft.com/' did not appear
INFO:root:update security info window did not appear
INFO:root:privacy notice page 'https://privacynotice.account.microsoft.com/' did not appear
INFO:root:Upsell page 'https://account.live.com/apps/upsell?' did not appear
INFO:root:stay signed in window appeared and was completed
INFO:root:second privacy notice page 'https://privacynotice.account.microsoft.com/' did not appear
INFO:root:login function completed for aga175@activegamers.com.au
INFO:root:sleep 5 seconds after login function
INFO:root:go to sign in url
INFO:root:slept 5 seconds
INFO:root:pressed enter
INFO:root:slept 10 seconds
INFO:root:go to gamepass url
INFO:root:join button is present and clickable
INFO:root:sleeping for 10 seconds to allows the subscribe modal to load
INFO:root:Icon clicked successfully!
INFO:root:Account reactivation is complete for account aga175@activegamers.com.au
INFO:root:Email sent at the end of the loop.
INFO:root:-----------------------------------------------------------------------------
INFO:root:Beginning reactivation of account aga176@activegamers.com.au
INFO:root:driver initialized
INFO:root:begin login sequence
INFO:root:'sign in' button clicked
INFO:root:email field clickable
INFO:root:email string sent to email field
INFO:root:password field clickable
INFO:root:standard password string sent to pword field
INFO:root:second privacy notice page 'https://privacynotice.account.microsoft.com/' did not appear
INFO:root:update security info window did not appear
INFO:root:privacy notice page 'https://privacynotice.account.microsoft.com/' did not appear
INFO:root:Upsell page 'https://account.live.com/apps/upsell?' did not appear
INFO:root:stay signed in window appeared and was completed
INFO:root:second privacy notice page 'https://privacynotice.account.microsoft.com/' did not appear
INFO:root:login function completed for aga176@activegamers.com.au
INFO:root:sleep 5 seconds after login function
INFO:root:go to sign in url
INFO:root:slept 5 seconds
INFO:root:pressed enter
INFO:root:slept 10 seconds
INFO:root:go to gamepass url
INFO:root:join button is present and clickable
INFO:root:sleeping for 10 seconds to allows the subscribe modal to load
INFO:root:Icon not found on the screen.
INFO:root:define base email and password finished
INFO:root:Reactivate loop initiated
INFO:root:Beginning reactivation of account aga174@activegamers.com.au
INFO:root:driver initialized
INFO:root:begin login sequence
INFO:root:'sign in' button clicked
INFO:root:email field clickable
INFO:root:email string sent to email field
INFO:root:password field clickable
INFO:root:standard password string sent to pword field
INFO:root:second privacy notice page 'https://privacynotice.account.microsoft.com/' did not appear
INFO:root:update security info window did not appear
INFO:root:privacy notice page 'https://privacynotice.account.microsoft.com/' did not appear
INFO:root:Upsell page 'https://account.live.com/apps/upsell?' did not appear
INFO:root:stay signed in window appeared and was completed
INFO:root:second privacy notice page 'https://privacynotice.account.microsoft.com/' did not appear
INFO:root:login function completed for aga174@activegamers.com.au
INFO:root:sleep 5 seconds after login function
INFO:root:go to sign in url
INFO:root:slept 5 seconds
INFO:root:pressed enter
INFO:root:slept 10 seconds
INFO:root:go to gamepass url
INFO:root:Join button did not become present and clickable
INFO:root:-----------------------------------------------------------------------------
INFO:root:Beginning reactivation of account aga175@activegamers.com.au
INFO:root:driver initialized
INFO:root:begin login sequence
INFO:root:'sign in' button clicked
INFO:root:email field clickable
INFO:root:email string sent to email field
INFO:root:password field clickable
INFO:root:standard password string sent to pword field
INFO:root:second privacy notice page 'https://privacynotice.account.microsoft.com/' did not appear
INFO:root:update security info window did not appear
INFO:root:privacy notice page 'https://privacynotice.account.microsoft.com/' did not appear
INFO:root:Upsell page 'https://account.live.com/apps/upsell?' did not appear
INFO:root:stay signed in window appeared and was completed
INFO:root:second privacy notice page 'https://privacynotice.account.microsoft.com/' did not appear
INFO:root:login function completed for aga175@activegamers.com.au
INFO:root:sleep 5 seconds after login function
INFO:root:go to sign in url
INFO:root:slept 5 seconds
INFO:root:pressed enter
INFO:root:slept 10 seconds
INFO:root:go to gamepass url
INFO:root:Join button did not become present and clickable
INFO:root:-----------------------------------------------------------------------------
INFO:root:Beginning reactivation of account aga176@activegamers.com.au
INFO:root:driver initialized
INFO:root:begin login sequence
INFO:root:'sign in' button clicked
INFO:root:email field clickable
INFO:root:email string sent to email field
INFO:root:password field clickable
INFO:root:standard password string sent to pword field
INFO:root:second privacy notice page 'https://privacynotice.account.microsoft.com/' did not appear
INFO:root:update security info window did not appear
INFO:root:privacy notice page 'https://privacynotice.account.microsoft.com/' did not appear
INFO:root:Upsell page 'https://account.live.com/apps/upsell?' did not appear
INFO:root:stay signed in window appeared and was completed
INFO:root:second privacy notice page 'https://privacynotice.account.microsoft.com/' did not appear
INFO:root:login function completed for aga176@activegamers.com.au
INFO:root:sleep 5 seconds after login function
INFO:root:go to sign in url
INFO:root:slept 5 seconds
INFO:root:pressed enter
INFO:root:slept 10 seconds
INFO:root:go to gamepass url
INFO:root:join button is present and clickable
INFO:root:sleeping for 10 seconds to allows the subscribe modal to load
INFO:root:Icon not found on the screen.
INFO:root:define base email and password finished
INFO:root:Reactivate loop initiated
INFO:root:Beginning reactivation of account aga177@activegamers.com.au
INFO:root:driver initialized
INFO:root:begin login sequence
INFO:root:'sign in' button clicked
INFO:root:email field clickable
INFO:root:email string sent to email field
INFO:root:password field clickable
INFO:root:standard password string sent to pword field
INFO:root:second privacy notice page 'https://privacynotice.account.microsoft.com/' did not appear
INFO:root:update security info window did not appear
INFO:root:privacy notice page 'https://privacynotice.account.microsoft.com/' did not appear
INFO:root:Upsell page 'https://account.live.com/apps/upsell?' did not appear
INFO:root:stay signed in window appeared and was completed
INFO:root:second privacy notice page 'https://privacynotice.account.microsoft.com/' did not appear
INFO:root:login function completed for aga177@activegamers.com.au
INFO:root:sleep 5 seconds after login function
INFO:root:go to sign in url
INFO:root:slept 5 seconds
INFO:root:pressed enter
INFO:root:slept 10 seconds
INFO:root:go to gamepass url
INFO:root:join button is present and clickable
INFO:root:sleeping for 10 seconds to allows the subscribe modal to load
INFO:root:Icon not found on the screen.
INFO:root:define base email and password finished
INFO:root:Reactivate loop initiated
INFO:root:Beginning reactivation of account aga1@activegamers.com.au
INFO:root:driver initialized
INFO:root:begin login sequence
INFO:root:'sign in' button clicked
INFO:root:email field clickable
INFO:root:email string sent to email field
INFO:root:password field clickable
INFO:root:standard password string sent to pword field
INFO:root:second privacy notice page 'https://privacynotice.account.microsoft.com/' did not appear
INFO:root:update security info window did not appear
INFO:root:privacy notice page 'https://privacynotice.account.microsoft.com/' did not appear
INFO:root:Upsell page 'https://account.live.com/apps/upsell?' did not appear
INFO:root:stay signed in window appeared and was completed
INFO:root:second privacy notice page 'https://privacynotice.account.microsoft.com/' did not appear
INFO:root:login function completed for aga1@activegamers.com.au
INFO:root:sleep 5 seconds after login function
INFO:root:go to sign in url
INFO:root:slept 5 seconds
INFO:root:pressed enter
INFO:root:slept 10 seconds
INFO:root:go to gamepass url
INFO:root:Join button did not become present and clickable
INFO:root:-----------------------------------------------------------------------------
INFO:root:Beginning reactivation of account agapc1@activegamers.com.au
INFO:root:driver initialized
INFO:root:begin login sequence
INFO:root:'sign in' button clicked
INFO:root:email field clickable
INFO:root:email string sent to email field
INFO:root:password field clickable
INFO:root:standard password string sent to pword field
INFO:root:second privacy notice page 'https://privacynotice.account.microsoft.com/' did not appear
INFO:root:update security info window did not appear
INFO:root:privacy notice page 'https://privacynotice.account.microsoft.com/' did not appear
INFO:root:Upsell page 'https://account.live.com/apps/upsell?' did not appear
INFO:root:stay signed in window appeared and was completed
INFO:root:second privacy notice page 'https://privacynotice.account.microsoft.com/' did not appear
INFO:root:login function completed for agapc1@activegamers.com.au
INFO:root:sleep 5 seconds after login function
INFO:root:go to sign in url
INFO:root:slept 5 seconds
INFO:root:pressed enter
INFO:root:slept 10 seconds
INFO:root:go to gamepass url
INFO:root:join button is present and clickable
INFO:root:sleeping for 10 seconds to allows the subscribe modal to load
INFO:root:Icon clicked successfully!
INFO:root:Account reactivation is complete for account agapc1@activegamers.com.au
INFO:root:Email sent at the end of the loop.
INFO:root:-----------------------------------------------------------------------------
INFO:root:Beginning reactivation of account agapc2@activegamers.com.au
INFO:root:driver initialized
INFO:root:begin login sequence
INFO:root:'sign in' button clicked
INFO:root:email field clickable
INFO:root:email string sent to email field
INFO:root:password field clickable
INFO:root:standard password string sent to pword field
INFO:root:second privacy notice page 'https://privacynotice.account.microsoft.com/' did not appear
INFO:root:update security info window did not appear
INFO:root:privacy notice page 'https://privacynotice.account.microsoft.com/' did not appear
INFO:root:Upsell page 'https://account.live.com/apps/upsell?' did not appear
INFO:root:stay signed in window appeared and was completed
INFO:root:second privacy notice page 'https://privacynotice.account.microsoft.com/' did not appear
INFO:root:login function completed for agapc2@activegamers.com.au
INFO:root:sleep 5 seconds after login function
INFO:root:go to sign in url
INFO:root:slept 5 seconds
INFO:root:pressed enter
INFO:root:slept 10 seconds
INFO:root:go to gamepass url
INFO:root:join button is present and clickable
INFO:root:sleeping for 10 seconds to allows the subscribe modal to load
INFO:root:Icon clicked successfully!
INFO:root:Account reactivation is complete for account agapc2@activegamers.com.au
INFO:root:Email sent at the end of the loop.
INFO:root:-----------------------------------------------------------------------------
INFO:root:Beginning reactivation of account agapc3@activegamers.com.au
INFO:root:driver initialized
INFO:root:begin login sequence
INFO:root:'sign in' button clicked
INFO:root:email field clickable
INFO:root:email string sent to email field
INFO:root:password field clickable
INFO:root:standard password string sent to pword field
INFO:root:second privacy notice page 'https://privacynotice.account.microsoft.com/' did not appear
INFO:root:update security info window did not appear
INFO:root:privacy notice page 'https://privacynotice.account.microsoft.com/' did not appear
INFO:root:Upsell page 'https://account.live.com/apps/upsell?' did not appear
INFO:root:stay signed in window appeared and was completed
INFO:root:second privacy notice page 'https://privacynotice.account.microsoft.com/' did not appear
INFO:root:login function completed for agapc3@activegamers.com.au
INFO:root:sleep 5 seconds after login function
INFO:root:go to sign in url
INFO:root:slept 5 seconds
INFO:root:pressed enter
INFO:root:slept 10 seconds
INFO:root:go to gamepass url
INFO:root:join button is present and clickable
INFO:root:sleeping for 10 seconds to allows the subscribe modal to load
INFO:root:Icon not found on the screen.
INFO:root:define base email and password finished
INFO:root:Reactivate loop initiated
INFO:root:Beginning reactivation of account aga1@activegamers.com.au
INFO:root:driver initialized
INFO:root:begin login sequence
INFO:root:'sign in' button clicked
INFO:root:email field clickable
INFO:root:email string sent to email field
INFO:root:password field clickable
INFO:root:standard password string sent to pword field
INFO:root:second privacy notice page 'https://privacynotice.account.microsoft.com/' did not appear
INFO:root:update security info window did not appear
INFO:root:privacy notice page 'https://privacynotice.account.microsoft.com/' did not appear
INFO:root:Upsell page 'https://account.live.com/apps/upsell?' did not appear
INFO:root:stay signed in window appeared and was completed
INFO:root:second privacy notice page 'https://privacynotice.account.microsoft.com/' did not appear
INFO:root:login function completed for aga1@activegamers.com.au
INFO:root:sleep 5 seconds after login function
INFO:root:go to sign in url
INFO:root:slept 5 seconds
INFO:root:pressed enter
INFO:root:slept 10 seconds
INFO:root:go to gamepass url
INFO:root:Join button did not become present and clickable
INFO:root:-----------------------------------------------------------------------------
INFO:root:Beginning reactivation of account agapc4@activegamers.com.au
INFO:root:driver initialized
INFO:root:begin login sequence
INFO:root:'sign in' button clicked
INFO:root:email field clickable
INFO:root:email string sent to email field
INFO:root:password field clickable
INFO:root:standard password string sent to pword field
INFO:root:second privacy notice page 'https://privacynotice.account.microsoft.com/' did not appear
INFO:root:update security info window did not appear
INFO:root:privacy notice page 'https://privacynotice.account.microsoft.com/' did not appear
INFO:root:Upsell page 'https://account.live.com/apps/upsell?' did not appear
INFO:root:stay signed in window appeared and was completed
INFO:root:second privacy notice page 'https://privacynotice.account.microsoft.com/' did not appear
INFO:root:login function completed for agapc4@activegamers.com.au
INFO:root:sleep 5 seconds after login function
INFO:root:go to sign in url
INFO:root:slept 5 seconds
INFO:root:pressed enter
INFO:root:slept 10 seconds
INFO:root:go to gamepass url
INFO:root:join button is present and clickable
INFO:root:sleeping for 10 seconds to allows the subscribe modal to load
INFO:root:Icon clicked successfully!
INFO:root:Account reactivation is complete for account agapc4@activegamers.com.au
INFO:root:Email sent at the end of the loop.
INFO:root:-----------------------------------------------------------------------------
INFO:root:Beginning reactivation of account agapc5@activegamers.com.au
INFO:root:driver initialized
INFO:root:begin login sequence
INFO:root:'sign in' button clicked
INFO:root:email field clickable
INFO:root:email string sent to email field
INFO:root:password field clickable
INFO:root:standard password string sent to pword field
INFO:root:second privacy notice page 'https://privacynotice.account.microsoft.com/' did not appear
INFO:root:update security info window did not appear
INFO:root:privacy notice page 'https://privacynotice.account.microsoft.com/' did not appear
INFO:root:Upsell page 'https://account.live.com/apps/upsell?' did not appear
INFO:root:stay signed in window appeared and was completed
INFO:root:second privacy notice page 'https://privacynotice.account.microsoft.com/' did not appear
INFO:root:login function completed for agapc5@activegamers.com.au
INFO:root:sleep 5 seconds after login function
INFO:root:go to sign in url
INFO:root:slept 5 seconds
INFO:root:pressed enter
INFO:root:slept 10 seconds
INFO:root:go to gamepass url
INFO:root:join button is present and clickable
INFO:root:sleeping for 10 seconds to allows the subscribe modal to load
INFO:root:Icon clicked successfully!
INFO:root:Account reactivation is complete for account agapc5@activegamers.com.au
INFO:root:Email sent at the end of the loop.
INFO:root:-----------------------------------------------------------------------------
INFO:root:Beginning reactivation of account agapc6@activegamers.com.au
INFO:root:driver initialized
INFO:root:begin login sequence
INFO:root:'sign in' button clicked
INFO:root:email field clickable
INFO:root:email string sent to email field
INFO:root:password field clickable
INFO:root:standard password string sent to pword field
INFO:root:second privacy notice page 'https://privacynotice.account.microsoft.com/' did not appear
INFO:root:update security info window did not appear
INFO:root:privacy notice page 'https://privacynotice.account.microsoft.com/' did not appear
INFO:root:Upsell page 'https://account.live.com/apps/upsell?' did not appear
INFO:root:stay signed in window appeared and was completed
INFO:root:second privacy notice page 'https://privacynotice.account.microsoft.com/' did not appear
INFO:root:login function completed for agapc6@activegamers.com.au
INFO:root:sleep 5 seconds after login function
INFO:root:go to sign in url
INFO:root:slept 5 seconds
INFO:root:pressed enter
INFO:root:slept 10 seconds
INFO:root:go to gamepass url
INFO:root:join button is present and clickable
INFO:root:sleeping for 10 seconds to allows the subscribe modal to load
INFO:root:Icon clicked successfully!
INFO:root:Account reactivation is complete for account agapc6@activegamers.com.au
INFO:root:Email sent at the end of the loop.
INFO:root:-----------------------------------------------------------------------------
INFO:root:Beginning reactivation of account agapc7@activegamers.com.au
INFO:root:driver initialized
INFO:root:begin login sequence
INFO:root:'sign in' button clicked
INFO:root:email field clickable
INFO:root:email string sent to email field
INFO:root:password field clickable
INFO:root:standard password string sent to pword field
INFO:root:second privacy notice page 'https://privacynotice.account.microsoft.com/' did not appear
INFO:root:update security info window did not appear
INFO:root:privacy notice page 'https://privacynotice.account.microsoft.com/' did not appear
INFO:root:Upsell page 'https://account.live.com/apps/upsell?' did not appear
INFO:root:stay signed in window appeared and was completed
INFO:root:second privacy notice page 'https://privacynotice.account.microsoft.com/' did not appear
INFO:root:login function completed for agapc7@activegamers.com.au
INFO:root:sleep 5 seconds after login function
INFO:root:go to sign in url
INFO:root:slept 5 seconds
INFO:root:pressed enter
INFO:root:slept 10 seconds
INFO:root:go to gamepass url
INFO:root:join button is present and clickable
INFO:root:sleeping for 10 seconds to allows the subscribe modal to load
INFO:root:Icon clicked successfully!
INFO:root:Account reactivation is complete for account agapc7@activegamers.com.au
INFO:root:Email sent at the end of the loop.
INFO:root:-----------------------------------------------------------------------------
INFO:root:Beginning reactivation of account agapc8@activegamers.com.au
INFO:root:driver initialized
INFO:root:begin login sequence
INFO:root:'sign in' button clicked
INFO:root:email field clickable
INFO:root:email string sent to email field
INFO:root:password field clickable
INFO:root:standard password string sent to pword field
INFO:root:second privacy notice page 'https://privacynotice.account.microsoft.com/' did not appear
INFO:root:update security info window did not appear
INFO:root:privacy notice page 'https://privacynotice.account.microsoft.com/' did not appear
INFO:root:Upsell page 'https://account.live.com/apps/upsell?' did not appear
INFO:root:stay signed in window appeared and was completed
INFO:root:second privacy notice page 'https://privacynotice.account.microsoft.com/' did not appear
INFO:root:login function completed for agapc8@activegamers.com.au
INFO:root:sleep 5 seconds after login function
INFO:root:go to sign in url
INFO:root:slept 5 seconds
INFO:root:pressed enter
INFO:root:slept 10 seconds
INFO:root:go to gamepass url
INFO:root:join button is present and clickable
INFO:root:sleeping for 10 seconds to allows the subscribe modal to load
INFO:root:Icon clicked successfully!
INFO:root:Account reactivation is complete for account agapc8@activegamers.com.au
INFO:root:Email sent at the end of the loop.
INFO:root:-----------------------------------------------------------------------------
INFO:root:Beginning reactivation of account agapc9@activegamers.com.au
INFO:root:driver initialized
INFO:root:begin login sequence
INFO:root:'sign in' button clicked
INFO:root:email field clickable
INFO:root:email string sent to email field
INFO:root:password field clickable
INFO:root:standard password string sent to pword field
INFO:root:second privacy notice page 'https://privacynotice.account.microsoft.com/' did not appear
INFO:root:update security info window did not appear
INFO:root:privacy notice page 'https://privacynotice.account.microsoft.com/' did not appear
INFO:root:Upsell page 'https://account.live.com/apps/upsell?' did not appear
INFO:root:stay signed in window appeared and was completed
INFO:root:second privacy notice page 'https://privacynotice.account.microsoft.com/' did not appear
INFO:root:login function completed for agapc9@activegamers.com.au
INFO:root:sleep 5 seconds after login function
INFO:root:go to sign in url
INFO:root:slept 5 seconds
INFO:root:pressed enter
INFO:root:slept 10 seconds
INFO:root:go to gamepass url
INFO:root:join button is present and clickable
INFO:root:sleeping for 10 seconds to allows the subscribe modal to load
INFO:root:Icon clicked successfully!
INFO:root:Account reactivation is complete for account agapc9@activegamers.com.au
INFO:root:Email sent at the end of the loop.
INFO:root:-----------------------------------------------------------------------------
INFO:root:Beginning reactivation of account agapc10@activegamers.com.au
INFO:root:driver initialized
INFO:root:begin login sequence
INFO:root:'sign in' button clicked
INFO:root:email field clickable
INFO:root:email string sent to email field
INFO:root:password field clickable
INFO:root:standard password string sent to pword field
INFO:root:second privacy notice page 'https://privacynotice.account.microsoft.com/' did not appear
INFO:root:update security info window did not appear
INFO:root:privacy notice page 'https://privacynotice.account.microsoft.com/' did not appear
INFO:root:Upsell page 'https://account.live.com/apps/upsell?' did not appear
INFO:root:stay signed in window appeared and was completed
INFO:root:second privacy notice page 'https://privacynotice.account.microsoft.com/' did not appear
INFO:root:login function completed for agapc10@activegamers.com.au
INFO:root:sleep 5 seconds after login function
INFO:root:go to sign in url
INFO:root:slept 5 seconds
INFO:root:pressed enter
INFO:root:slept 10 seconds
INFO:root:go to gamepass url
INFO:root:join button is present and clickable
INFO:root:sleeping for 10 seconds to allows the subscribe modal to load
INFO:root:Icon not found on the screen.
