2026-01-13 15:52:46,764 - INFO - log has been created
2026-01-13 15:52:50,366 - INFO - Returned result is activate
2026-01-13 15:53:29,639 - INFO - Processing account: aga152@activegamers.com.au
2026-01-13 15:53:31,182 - INFO - Driver initialized
2026-01-13 15:53:31,182 - INFO - Activate loop initiated for aga152@activegamers.com.au
2026-01-13 15:53:31,182 - INFO - Begin login sequence
2026-01-13 15:53:41,014 - INFO - 'Sign in' button clicked
2026-01-13 15:53:42,659 - INFO - Email entered
2026-01-13 15:53:52,735 - INFO - Timed out waiting for 'Other ways to sign in' button to appear.
2026-01-13 15:53:52,808 - INFO - Clicked the 'Use your password' button.
2026-01-13 15:53:57,926 - INFO - Standard password used
2026-01-13 15:54:01,330 - INFO - Handling any post-login interruptions for aga152@activegamers.com.au
2026-01-13 15:54:06,363 - INFO - Stay signed in page did not load
2026-01-13 15:54:11,395 - INFO - Passkey interrupt page did not appear
2026-01-13 15:54:11,397 - INFO - TOU page loaded
2026-01-13 15:54:24,764 - INFO - TOU page was bypassed
2026-01-13 15:54:36,473 - INFO - Update security info window did not appear
2026-01-13 15:54:39,494 - INFO - Privacy notice page did not appear
2026-01-13 15:54:42,512 - INFO - Upsell page did not appear
2026-01-13 15:54:45,531 - INFO - Privacy notice page did not appear
2026-01-13 15:54:51,571 - INFO - Account aga152@activegamers.com.au is active
2026-01-13 15:54:51,571 - INFO - login_full_flow completed for aga152@activegamers.com.au
2026-01-13 15:54:51,571 - INFO - Account aga152@activegamers.com.au is already active
2026-01-13 15:54:51,571 - INFO - -----------------------------------------------------------------------------
2026-01-13 15:54:53,857 - INFO - Processing account: aga153@activegamers.com.au
2026-01-13 15:54:59,083 - INFO - Driver initialized
2026-01-13 15:54:59,083 - INFO - Activate loop initiated for aga153@activegamers.com.au
2026-01-13 15:54:59,083 - INFO - Begin login sequence
2026-01-13 15:55:14,179 - INFO - 'Sign in' button clicked
2026-01-13 15:55:15,304 - INFO - Email entered
2026-01-13 15:55:43,788 - INFO - Timed out waiting for 'Other ways to sign in' button to appear.
2026-01-13 15:55:43,858 - INFO - Clicked the 'Use your password' button.
2026-01-13 15:55:48,975 - INFO - Standard password used
2026-01-13 15:55:52,253 - INFO - Handling any post-login interruptions for aga153@activegamers.com.au
2026-01-13 15:55:57,286 - INFO - Stay signed in page did not load
2026-01-13 15:56:02,320 - INFO - Passkey interrupt page did not appear
2026-01-13 15:56:02,324 - INFO - TOU page loaded
2026-01-13 15:56:12,752 - INFO - TOU page was bypassed
2026-01-13 15:56:31,266 - INFO - Update security info window did not appear
2026-01-13 15:56:34,289 - INFO - Privacy notice page did not appear
2026-01-13 15:56:37,310 - INFO - Upsell page did not appear
2026-01-13 15:56:40,331 - INFO - Privacy notice page did not appear
2026-01-13 15:56:51,579 - INFO - Account aga153@activegamers.com.au is active
2026-01-13 15:56:51,579 - INFO - login_full_flow completed for aga153@activegamers.com.au
2026-01-13 15:56:51,579 - INFO - Account aga153@activegamers.com.au is already active
2026-01-13 15:56:51,579 - INFO - -----------------------------------------------------------------------------
2026-01-13 15:56:53,864 - INFO - Processing account: aga154@activegamers.com.au
2026-01-13 15:56:59,056 - INFO - Driver initialized
2026-01-13 15:56:59,056 - INFO - Activate loop initiated for aga154@activegamers.com.au
2026-01-13 15:56:59,056 - INFO - Begin login sequence
2026-01-13 15:57:07,380 - INFO - 'Sign in' button clicked
2026-01-13 15:57:12,593 - INFO - Email entered
2026-01-13 15:57:22,796 - INFO - Timed out waiting for 'Other ways to sign in' button to appear.
2026-01-13 15:57:22,866 - INFO - Clicked the 'Use your password' button.
2026-01-13 15:57:27,985 - INFO - Standard password used
2026-01-13 15:57:30,571 - INFO - Handling any post-login interruptions for aga154@activegamers.com.au
2026-01-13 15:57:35,611 - INFO - Stay signed in page did not load
2026-01-13 15:57:41,622 - INFO - Passkey interrupt page appeared and was bypassed
2026-01-13 15:57:52,632 - INFO - TOU page did not appear
2026-01-13 15:57:55,666 - INFO - Update security info window did not appear
2026-01-13 15:57:58,686 - INFO - Privacy notice page did not appear
2026-01-13 15:58:01,706 - INFO - Upsell page did not appear
2026-01-13 15:58:04,728 - INFO - Privacy notice page did not appear
2026-01-13 15:58:11,037 - INFO - Account aga154@activegamers.com.au is active
2026-01-13 15:58:11,037 - INFO - login_full_flow completed for aga154@activegamers.com.au
2026-01-13 15:58:11,037 - INFO - Account aga154@activegamers.com.au is already active
2026-01-13 15:58:11,037 - INFO - -----------------------------------------------------------------------------
2026-01-13 15:58:13,325 - INFO - Processing account: aga155@activegamers.com.au
2026-01-13 15:58:18,551 - INFO - Driver initialized
2026-01-13 15:58:18,551 - INFO - Activate loop initiated for aga155@activegamers.com.au
2026-01-13 15:58:18,551 - INFO - Begin login sequence
2026-01-13 15:58:29,288 - INFO - 'Sign in' button clicked
2026-01-13 15:58:36,507 - INFO - Email entered
2026-01-13 15:58:46,571 - INFO - Timed out waiting for 'Other ways to sign in' button to appear.
2026-01-13 15:58:46,641 - INFO - Clicked the 'Use your password' button.
2026-01-13 15:58:51,754 - INFO - Standard password used
2026-01-13 15:58:56,022 - INFO - Handling any post-login interruptions for aga155@activegamers.com.au
2026-01-13 15:59:01,071 - INFO - Stay signed in page did not load
2026-01-13 15:59:08,507 - INFO - Passkey interrupt page appeared and was bypassed
2026-01-13 15:59:20,549 - INFO - TOU page did not appear
2026-01-13 15:59:23,588 - INFO - Update security info window did not appear
2026-01-13 15:59:26,616 - INFO - Privacy notice page did not appear
2026-01-13 15:59:29,636 - INFO - Upsell page did not appear
2026-01-13 15:59:32,656 - INFO - Privacy notice page did not appear
2026-01-13 15:59:38,234 - INFO - Account aga155@activegamers.com.au is active
2026-01-13 15:59:38,235 - INFO - login_full_flow completed for aga155@activegamers.com.au
2026-01-13 15:59:38,235 - INFO - Account aga155@activegamers.com.au is already active
2026-01-13 15:59:38,235 - INFO - -----------------------------------------------------------------------------
2026-01-13 15:59:40,515 - INFO - Processing account: aga156@activegamers.com.au
2026-01-13 15:59:45,723 - INFO - Driver initialized
2026-01-13 15:59:45,723 - INFO - Activate loop initiated for aga156@activegamers.com.au
2026-01-13 15:59:45,723 - INFO - Begin login sequence
2026-01-13 15:59:50,910 - INFO - 'Sign in' button clicked
2026-01-13 15:59:52,569 - INFO - Email entered
2026-01-13 16:00:02,892 - INFO - Timed out waiting for 'Other ways to sign in' button to appear.
2026-01-13 16:00:02,968 - INFO - Clicked the 'Use your password' button.
2026-01-13 16:00:08,086 - INFO - Standard password used
2026-01-13 16:00:10,723 - INFO - Handling any post-login interruptions for aga156@activegamers.com.au
2026-01-13 16:00:15,755 - INFO - Stay signed in page did not load
2026-01-13 16:00:20,787 - INFO - Passkey interrupt page did not appear
2026-01-13 16:00:20,790 - INFO - TOU page loaded
2026-01-13 16:00:27,295 - INFO - TOU page was bypassed
2026-01-13 16:00:37,301 - INFO - Update security info window did not appear
2026-01-13 16:00:40,322 - INFO - Privacy notice page did not appear
2026-01-13 16:00:43,344 - INFO - Upsell page did not appear
2026-01-13 16:00:46,362 - INFO - Privacy notice page did not appear
2026-01-13 16:01:26,722 - INFO - Account aga156@activegamers.com.au is not active
2026-01-13 16:01:26,722 - INFO - login_full_flow completed for aga156@activegamers.com.au
2026-01-13 16:01:32,079 - INFO - load_renew_page finished. loading gamepass url...
2026-01-13 16:01:42,188 - INFO - handle_passkey_interrupt_page_2 completed. Second Passkey interrupt page did not appear
2026-01-13 16:01:57,289 - INFO - click_account_selection_button completed. Account selection button was not found.
2026-01-13 16:02:02,345 - INFO - find_manage_button completed. Manage button was not found. 
2026-01-13 16:02:04,459 - INFO - load_renew_page finished. loading gamepass url...
2026-01-13 16:02:06,073 - INFO - click_join_button completed. Join button appeared and was clicked
2026-01-13 16:02:21,074 - INFO - sleeping for 15 seconds to allows the subscribe modal to load
2026-01-13 16:02:21,296 - INFO - position is not none
2026-01-13 16:02:22,502 - INFO - Icon clicked successfully!
2026-01-13 16:02:35,159 - INFO - Launch or install Xbox PC app button was found. Account reactivation is complete for account aga156@activegamers.com.au
2026-01-13 16:02:35,950 - INFO - Email sent at the end of the loop.
2026-01-13 16:02:50,951 - INFO - -----------------------------------------------------------------------------
2026-01-13 16:02:53,289 - INFO - Processing account: aga157@activegamers.com.au
2026-01-13 16:02:58,493 - INFO - Driver initialized
2026-01-13 16:02:58,493 - INFO - Activate loop initiated for aga157@activegamers.com.au
2026-01-13 16:02:58,493 - INFO - Begin login sequence
2026-01-13 16:03:06,407 - INFO - 'Sign in' button clicked
2026-01-13 16:03:12,264 - INFO - Email entered
2026-01-13 16:03:22,683 - INFO - Timed out waiting for 'Other ways to sign in' button to appear.
2026-01-13 16:03:34,273 - INFO - Timed out waiting for 'Use your password' button to appear.
2026-01-13 16:03:51,533 - INFO - Handling any post-login interruptions for aga157@activegamers.com.au
2026-01-13 16:03:56,590 - INFO - Stay signed in page did not load
