INFO:root:define base email and password finished
INFO:root:Reactivate loop initiated
INFO:root:Beginning reactivation of account aga1@activegamers.com.au
INFO:root:define base email and password finished
INFO:root:Reactivate loop initiated
INFO:root:Beginning reactivation of account aga1@activegamers.com.au
INFO:root:define base email and password finished
INFO:root:Reactivate loop initiated
INFO:root:Beginning reactivation of account aga1@activegamers.com.au
INFO:root:define base email and password finished
INFO:root:Reactivate loop initiated
INFO:root:Beginning reactivation of account aga1@activegamers.com.au
INFO:root:define base email and password finished
INFO:root:Reactivate loop initiated
INFO:root:Beginning reactivation of account aga1@activegamers.com.au
INFO:root:driver initialized
INFO:root:begin login sequence
INFO:root:'sign in' button clicked
INFO:root:email field clickable
INFO:root:email string sent to email field
INFO:root:password field clickable
INFO:root:standard password string sent to pword field
INFO:root:second privacy notice page 'https://privacynotice.account.microsoft.com/' did not appear
INFO:root:update security info window did not appear
INFO:root:privacy notice page 'https://privacynotice.account.microsoft.com/' did not appear
INFO:root:Upsell page 'https://account.live.com/apps/upsell?' did not appear
INFO:root:stay signed in window appeared and was completed
INFO:root:second privacy notice page 'https://privacynotice.account.microsoft.com/' did not appear
INFO:root:login function completed for aga1@activegamers.com.au
INFO:root:sleep 5 seconds after login function
INFO:root:go to sign in url
INFO:root:slept 5 seconds
INFO:root:pressed enter
INFO:root:slept 10 seconds
INFO:root:go to gamepass url
INFO:root:define base email and password finished
INFO:root:Reactivate loop initiated
INFO:root:Beginning reactivation of account aga2@activegamers.com.au
INFO:root:driver initialized
INFO:root:begin login sequence
INFO:root:'sign in' button clicked
INFO:root:email field clickable
INFO:root:email string sent to email field
INFO:root:password field clickable
INFO:root:standard password string sent to pword field
INFO:root:second privacy notice page 'https://privacynotice.account.microsoft.com/' did not appear
INFO:root:update security info window did not appear
INFO:root:privacy notice page 'https://privacynotice.account.microsoft.com/' did not appear
INFO:root:Upsell page 'https://account.live.com/apps/upsell?' did not appear
INFO:root:stay signed in window appeared and was completed
INFO:root:second privacy notice page 'https://privacynotice.account.microsoft.com/' did not appear
INFO:root:login function completed for aga2@activegamers.com.au
INFO:root:sleep 5 seconds after login function
INFO:root:go to sign in url
INFO:root:slept 5 seconds
INFO:root:pressed enter
INFO:root:slept 10 seconds
INFO:root:go to gamepass url
INFO:root:join button is present and clickable
INFO:root:sleeping for 10 seconds to allows the subscribe modal to load
INFO:root:Icon clicked successfully!
INFO:root:Account reactivation is complete for account aga2@activegamers.com.au
INFO:root:Email sent at the end of the loop.
INFO:root:-----------------------------------------------------------------------------
INFO:root:Beginning reactivation of account aga3@activegamers.com.au
INFO:root:driver initialized
INFO:root:begin login sequence
INFO:root:'sign in' button clicked
INFO:root:email field clickable
INFO:root:email string sent to email field
INFO:root:email field did not become present and clickable
INFO:root:second privacy notice page 'https://privacynotice.account.microsoft.com/' did not appear
INFO:root:update security info window did not appear
INFO:root:privacy notice page 'https://privacynotice.account.microsoft.com/' did not appear
INFO:root:Upsell page 'https://account.live.com/apps/upsell?' did not appear
INFO:root:stay signed in window did not appear
INFO:root:second privacy notice page 'https://privacynotice.account.microsoft.com/' did not appear
INFO:root:login function completed for aga3@activegamers.com.au
INFO:root:sleep 5 seconds after login function
INFO:root:go to sign in url
INFO:root:slept 5 seconds
INFO:root:pressed enter
INFO:root:slept 10 seconds
INFO:root:go to gamepass url
INFO:root:join button is present and clickable
INFO:root:sleeping for 10 seconds to allows the subscribe modal to load
INFO:root:Icon not found on the screen.
INFO:root:define base email and password finished
INFO:root:Reactivate loop initiated
INFO:root:Beginning reactivation of account aga3@activegamers.com.au
INFO:root:driver initialized
INFO:root:begin login sequence
INFO:root:'sign in' button clicked
INFO:root:email field clickable
INFO:root:email string sent to email field
INFO:root:password field clickable
INFO:root:standard password string sent to pword field
INFO:root:second privacy notice page 'https://privacynotice.account.microsoft.com/' did not appear
INFO:root:update security info window did not appear
INFO:root:privacy notice page 'https://privacynotice.account.microsoft.com/' did not appear
INFO:root:Upsell page 'https://account.live.com/apps/upsell?' did not appear
INFO:root:stay signed in window appeared and was completed
INFO:root:second privacy notice page 'https://privacynotice.account.microsoft.com/' did not appear
INFO:root:login function completed for aga3@activegamers.com.au
INFO:root:sleep 5 seconds after login function
INFO:root:go to sign in url
INFO:root:slept 5 seconds
INFO:root:pressed enter
INFO:root:slept 10 seconds
INFO:root:go to gamepass url
INFO:root:join button is present and clickable
INFO:root:sleeping for 10 seconds to allows the subscribe modal to load
INFO:root:Icon clicked successfully!
INFO:root:Account reactivation is complete for account aga3@activegamers.com.au
INFO:root:Email sent at the end of the loop.
INFO:root:-----------------------------------------------------------------------------
INFO:root:Beginning reactivation of account aga4@activegamers.com.au
INFO:root:driver initialized
INFO:root:begin login sequence
INFO:root:'sign in' button clicked
INFO:root:email field clickable
INFO:root:email string sent to email field
INFO:root:password field clickable
INFO:root:standard password string sent to pword field
INFO:root:second privacy notice page 'https://privacynotice.account.microsoft.com/' did not appear
INFO:root:update security info window did not appear
INFO:root:privacy notice page 'https://privacynotice.account.microsoft.com/' did not appear
INFO:root:Upsell page 'https://account.live.com/apps/upsell?' did not appear
INFO:root:stay signed in window appeared and was completed
INFO:root:second privacy notice page 'https://privacynotice.account.microsoft.com/' did not appear
INFO:root:login function completed for aga4@activegamers.com.au
INFO:root:sleep 5 seconds after login function
INFO:root:go to sign in url
INFO:root:slept 5 seconds
INFO:root:pressed enter
INFO:root:slept 10 seconds
INFO:root:go to gamepass url
INFO:root:join button is present and clickable
INFO:root:sleeping for 10 seconds to allows the subscribe modal to load
INFO:root:Icon clicked successfully!
INFO:root:Account reactivation is complete for account aga4@activegamers.com.au
INFO:root:Email sent at the end of the loop.
INFO:root:-----------------------------------------------------------------------------
INFO:root:Beginning reactivation of account aga5@activegamers.com.au
INFO:root:driver initialized
INFO:root:begin login sequence
INFO:root:'sign in' button clicked
INFO:root:email field clickable
INFO:root:email string sent to email field
INFO:root:email field did not become present and clickable
INFO:root:second privacy notice page 'https://privacynotice.account.microsoft.com/' did not appear
INFO:root:update security info window did not appear
INFO:root:privacy notice page 'https://privacynotice.account.microsoft.com/' did not appear
INFO:root:Upsell page 'https://account.live.com/apps/upsell?' did not appear
INFO:root:stay signed in window did not appear
INFO:root:second privacy notice page 'https://privacynotice.account.microsoft.com/' did not appear
INFO:root:login function completed for aga5@activegamers.com.au
INFO:root:sleep 5 seconds after login function
INFO:root:go to sign in url
INFO:root:slept 5 seconds
INFO:root:pressed enter
INFO:root:slept 10 seconds
INFO:root:go to gamepass url
INFO:root:define base email and password finished
INFO:root:Reactivate loop initiated
INFO:root:Beginning reactivation of account aga5@activegamers.com.au
INFO:root:driver initialized
INFO:root:begin login sequence
INFO:root:'sign in' button clicked
INFO:root:email field clickable
INFO:root:email string sent to email field
INFO:root:password field clickable
INFO:root:standard password string sent to pword field
INFO:root:second privacy notice page 'https://privacynotice.account.microsoft.com/' did not appear
INFO:root:update security info window did not appear
INFO:root:privacy notice page 'https://privacynotice.account.microsoft.com/' did not appear
INFO:root:Upsell page 'https://account.live.com/apps/upsell?' did not appear
INFO:root:stay signed in window appeared and was completed
INFO:root:second privacy notice page 'https://privacynotice.account.microsoft.com/' did not appear
INFO:root:login function completed for aga5@activegamers.com.au
INFO:root:sleep 5 seconds after login function
INFO:root:go to sign in url
INFO:root:slept 5 seconds
INFO:root:pressed enter
INFO:root:slept 10 seconds
INFO:root:go to gamepass url
INFO:root:join button is present and clickable
INFO:root:sleeping for 10 seconds to allows the subscribe modal to load
INFO:root:Icon clicked successfully!
INFO:root:Account reactivation is complete for account aga5@activegamers.com.au
INFO:root:Email sent at the end of the loop.
INFO:root:-----------------------------------------------------------------------------
INFO:root:Beginning reactivation of account aga6@activegamers.com.au
INFO:root:driver initialized
INFO:root:begin login sequence
INFO:root:'sign in' button clicked
INFO:root:email field clickable
INFO:root:email string sent to email field
INFO:root:password field clickable
INFO:root:standard password string sent to pword field
INFO:root:second privacy notice page 'https://privacynotice.account.microsoft.com/' did not appear
INFO:root:update security info window appeared and was bypassed
INFO:root:privacy notice page 'https://privacynotice.account.microsoft.com/' did not appear
INFO:root:Upsell page 'https://account.live.com/apps/upsell?' did not appear
INFO:root:stay signed in window did not appear
INFO:root:second privacy notice page 'https://privacynotice.account.microsoft.com/' did not appear
INFO:root:login function completed for aga6@activegamers.com.au
INFO:root:sleep 5 seconds after login function
INFO:root:go to sign in url
INFO:root:slept 5 seconds
INFO:root:pressed enter
INFO:root:slept 10 seconds
INFO:root:go to gamepass url
INFO:root:join button is present and clickable
INFO:root:sleeping for 10 seconds to allows the subscribe modal to load
INFO:root:Icon clicked successfully!
INFO:root:Account reactivation is complete for account aga6@activegamers.com.au
INFO:root:Email sent at the end of the loop.
INFO:root:-----------------------------------------------------------------------------
INFO:root:Beginning reactivation of account aga7@activegamers.com.au
INFO:root:driver initialized
INFO:root:begin login sequence
INFO:root:'sign in' button clicked
INFO:root:email field clickable
INFO:root:email string sent to email field
INFO:root:email field did not become present and clickable
INFO:root:second privacy notice page 'https://privacynotice.account.microsoft.com/' did not appear
INFO:root:update security info window did not appear
INFO:root:privacy notice page 'https://privacynotice.account.microsoft.com/' did not appear
INFO:root:Upsell page 'https://account.live.com/apps/upsell?' did not appear
INFO:root:stay signed in window did not appear
INFO:root:second privacy notice page 'https://privacynotice.account.microsoft.com/' did not appear
INFO:root:login function completed for aga7@activegamers.com.au
INFO:root:sleep 5 seconds after login function
INFO:root:go to sign in url
INFO:root:slept 5 seconds
INFO:root:pressed enter
INFO:root:slept 10 seconds
INFO:root:go to gamepass url
INFO:root:join button is present and clickable
INFO:root:sleeping for 10 seconds to allows the subscribe modal to load
INFO:root:Icon not found on the screen.
INFO:root:define base email and password finished
INFO:root:Reactivate loop initiated
INFO:root:Beginning reactivation of account aga7@activegamers.com.au
INFO:root:driver initialized
INFO:root:begin login sequence
INFO:root:'sign in' button clicked
INFO:root:email field clickable
INFO:root:email string sent to email field
INFO:root:email field did not become present and clickable
INFO:root:second privacy notice page 'https://privacynotice.account.microsoft.com/' did not appear
INFO:root:update security info window did not appear
INFO:root:privacy notice page 'https://privacynotice.account.microsoft.com/' did not appear
INFO:root:Upsell page 'https://account.live.com/apps/upsell?' did not appear
INFO:root:stay signed in window did not appear
INFO:root:second privacy notice page 'https://privacynotice.account.microsoft.com/' did not appear
INFO:root:login function completed for aga7@activegamers.com.au
INFO:root:sleep 5 seconds after login function
INFO:root:go to sign in url
INFO:root:slept 5 seconds
INFO:root:pressed enter
INFO:root:slept 10 seconds
INFO:root:go to gamepass url
INFO:root:join button is present and clickable
INFO:root:sleeping for 10 seconds to allows the subscribe modal to load
INFO:root:Icon not found on the screen.
INFO:root:define base email and password finished
INFO:root:Reactivate loop initiated
INFO:root:Beginning reactivation of account aga7@activegamers.com.au
INFO:root:driver initialized
INFO:root:begin login sequence
INFO:root:'sign in' button clicked
INFO:root:email field clickable
INFO:root:email string sent to email field
INFO:root:password field clickable
INFO:root:standard password string sent to pword field
INFO:root:second privacy notice page 'https://privacynotice.account.microsoft.com/' did not appear
INFO:root:update security info window did not appear
INFO:root:privacy notice page 'https://privacynotice.account.microsoft.com/' did not appear
INFO:root:Upsell page 'https://account.live.com/apps/upsell?' did not appear
INFO:root:stay signed in window appeared and was completed
INFO:root:second privacy notice page 'https://privacynotice.account.microsoft.com/' did not appear
INFO:root:login function completed for aga7@activegamers.com.au
INFO:root:sleep 5 seconds after login function
INFO:root:go to sign in url
INFO:root:slept 5 seconds
INFO:root:pressed enter
INFO:root:slept 10 seconds
INFO:root:go to gamepass url
INFO:root:join button is present and clickable
INFO:root:sleeping for 10 seconds to allows the subscribe modal to load
INFO:root:Icon clicked successfully!
INFO:root:Account reactivation is complete for account aga7@activegamers.com.au
INFO:root:Email sent at the end of the loop.
INFO:root:-----------------------------------------------------------------------------
INFO:root:Beginning reactivation of account aga8@activegamers.com.au
INFO:root:driver initialized
INFO:root:begin login sequence
INFO:root:'sign in' button clicked
INFO:root:email field clickable
INFO:root:email string sent to email field
INFO:root:password field clickable
INFO:root:standard password string sent to pword field
INFO:root:second privacy notice page 'https://privacynotice.account.microsoft.com/' did not appear
INFO:root:update security info window appeared and was bypassed
INFO:root:privacy notice page 'https://privacynotice.account.microsoft.com/' did not appear
INFO:root:Upsell page 'https://account.live.com/apps/upsell?' did not appear
INFO:root:stay signed in window did not appear
INFO:root:second privacy notice page 'https://privacynotice.account.microsoft.com/' did not appear
INFO:root:login function completed for aga8@activegamers.com.au
INFO:root:sleep 5 seconds after login function
INFO:root:go to sign in url
INFO:root:slept 5 seconds
INFO:root:pressed enter
INFO:root:slept 10 seconds
INFO:root:go to gamepass url
INFO:root:join button is present and clickable
INFO:root:sleeping for 10 seconds to allows the subscribe modal to load
INFO:root:Icon clicked successfully!
INFO:root:Account reactivation is complete for account aga8@activegamers.com.au
INFO:root:Email sent at the end of the loop.
INFO:root:-----------------------------------------------------------------------------
INFO:root:Beginning reactivation of account aga9@activegamers.com.au
INFO:root:driver initialized
INFO:root:begin login sequence
INFO:root:'sign in' button clicked
INFO:root:email field clickable
INFO:root:email string sent to email field
INFO:root:email field did not become present and clickable
INFO:root:second privacy notice page 'https://privacynotice.account.microsoft.com/' did not appear
INFO:root:update security info window did not appear
INFO:root:privacy notice page 'https://privacynotice.account.microsoft.com/' did not appear
INFO:root:Upsell page 'https://account.live.com/apps/upsell?' did not appear
INFO:root:stay signed in window did not appear
INFO:root:second privacy notice page 'https://privacynotice.account.microsoft.com/' did not appear
INFO:root:login function completed for aga9@activegamers.com.au
INFO:root:sleep 5 seconds after login function
INFO:root:go to sign in url
INFO:root:slept 5 seconds
INFO:root:pressed enter
INFO:root:slept 10 seconds
INFO:root:go to gamepass url
INFO:root:join button is present and clickable
INFO:root:sleeping for 10 seconds to allows the subscribe modal to load
INFO:root:Icon not found on the screen.
INFO:root:define base email and password finished
INFO:root:Reactivate loop initiated
INFO:root:Beginning reactivation of account aga9@activegamers.com.au
INFO:root:driver initialized
INFO:root:begin login sequence
INFO:root:'sign in' button clicked
INFO:root:email field clickable
INFO:root:email string sent to email field
INFO:root:define base email and password finished
INFO:root:Reactivate loop initiated
INFO:root:Beginning reactivation of account aga9@activegamers.com.au
INFO:root:driver initialized
INFO:root:begin login sequence
INFO:root:password field did not become present and clickable
INFO:root:second privacy notice page 'https://privacynotice.account.microsoft.com/' did not appear
INFO:root:update security info window did not appear
INFO:root:privacy notice page 'https://privacynotice.account.microsoft.com/' did not appear
INFO:root:define base email and password finished
INFO:root:Reactivate loop initiated
INFO:root:Beginning reactivation of account aga9@activegamers.com.au
INFO:root:driver initialized
INFO:root:begin login sequence
INFO:root:'sign in' button clicked
INFO:root:email field clickable
INFO:root:email string sent to email field
INFO:root:email field did not become present and clickable
INFO:root:second privacy notice page 'https://privacynotice.account.microsoft.com/' did not appear
INFO:root:update security info window did not appear
INFO:root:privacy notice page 'https://privacynotice.account.microsoft.com/' did not appear
INFO:root:define base email and password finished
INFO:root:Reactivate loop initiated
INFO:root:Beginning reactivation of account aga9@activegamers.com.au
INFO:root:driver initialized
INFO:root:begin login sequence
INFO:root:'sign in' button clicked
INFO:root:email field clickable
INFO:root:email string sent to email field
INFO:root:password field clickable
INFO:root:standard password string sent to pword field
INFO:root:second privacy notice page 'https://privacynotice.account.microsoft.com/' did not appear
INFO:root:update security info window did not appear
INFO:root:define base email and password finished
INFO:root:Reactivate loop initiated
INFO:root:Beginning reactivation of account aga9@activegamers.com.au
INFO:root:driver initialized
INFO:root:begin login sequence
INFO:root:'sign in' button clicked
INFO:root:email field clickable
INFO:root:email string sent to email field
INFO:root:password field clickable
INFO:root:standard password string sent to pword field
INFO:root:second privacy notice page 'https://privacynotice.account.microsoft.com/' did not appear
INFO:root:update security info window did not appear
INFO:root:privacy notice page 'https://privacynotice.account.microsoft.com/' did not appear
INFO:root:Upsell page 'https://account.live.com/apps/upsell?' did not appear
INFO:root:stay signed in window appeared and was completed
INFO:root:second privacy notice page 'https://privacynotice.account.microsoft.com/' did not appear
INFO:root:login function completed for aga9@activegamers.com.au
INFO:root:sleep 5 seconds after login function
INFO:root:go to sign in url
INFO:root:slept 5 seconds
INFO:root:pressed enter
INFO:root:slept 10 seconds
INFO:root:go to gamepass url
INFO:root:join button is present and clickable
INFO:root:sleeping for 10 seconds to allows the subscribe modal to load
INFO:root:Icon clicked successfully!
INFO:root:Account reactivation is complete for account aga9@activegamers.com.au
INFO:root:Email sent at the end of the loop.
INFO:root:-----------------------------------------------------------------------------
INFO:root:Beginning reactivation of account aga10@activegamers.com.au
INFO:root:driver initialized
INFO:root:begin login sequence
INFO:root:'sign in' button clicked
INFO:root:email field clickable
INFO:root:email string sent to email field
INFO:root:password field clickable
INFO:root:standard password string sent to pword field
INFO:root:second privacy notice page 'https://privacynotice.account.microsoft.com/' did not appear
INFO:root:update security info window did not appear
INFO:root:privacy notice page 'https://privacynotice.account.microsoft.com/' did not appear
INFO:root:Upsell page 'https://account.live.com/apps/upsell?' did not appear
INFO:root:stay signed in window appeared and was completed
INFO:root:second privacy notice page 'https://privacynotice.account.microsoft.com/' did not appear
INFO:root:login function completed for aga10@activegamers.com.au
INFO:root:sleep 5 seconds after login function
INFO:root:go to sign in url
INFO:root:slept 5 seconds
INFO:root:pressed enter
INFO:root:slept 10 seconds
INFO:root:go to gamepass url
INFO:root:join button is present and clickable
INFO:root:sleeping for 10 seconds to allows the subscribe modal to load
INFO:root:Icon clicked successfully!
INFO:root:Account reactivation is complete for account aga10@activegamers.com.au
INFO:root:Email sent at the end of the loop.
INFO:root:-----------------------------------------------------------------------------
INFO:root:Beginning reactivation of account aga11@activegamers.com.au
INFO:root:driver initialized
INFO:root:begin login sequence
INFO:root:'sign in' button clicked
INFO:root:email field clickable
INFO:root:email string sent to email field
INFO:root:password field clickable
INFO:root:account is on the alternate password list
INFO:root:alternate password string sent to password field
INFO:root:second privacy notice page 'https://privacynotice.account.microsoft.com/' did not appear
INFO:root:update security info window did not appear
INFO:root:privacy notice page 'https://privacynotice.account.microsoft.com/' did not appear
INFO:root:Upsell page 'https://account.live.com/apps/upsell?' did not appear
INFO:root:stay signed in window appeared and was completed
INFO:root:second privacy notice page 'https://privacynotice.account.microsoft.com/' did not appear
INFO:root:login function completed for aga11@activegamers.com.au
INFO:root:sleep 5 seconds after login function
INFO:root:go to sign in url
INFO:root:slept 5 seconds
INFO:root:pressed enter
INFO:root:slept 10 seconds
INFO:root:go to gamepass url
INFO:root:join button is present and clickable
INFO:root:sleeping for 10 seconds to allows the subscribe modal to load
INFO:root:Icon clicked successfully!
INFO:root:Account reactivation is complete for account aga11@activegamers.com.au
INFO:root:Email sent at the end of the loop.
INFO:root:-----------------------------------------------------------------------------
INFO:root:Beginning reactivation of account aga12@activegamers.com.au
INFO:root:driver initialized
INFO:root:begin login sequence
INFO:root:'sign in' button clicked
INFO:root:email field clickable
INFO:root:email string sent to email field
INFO:root:password field clickable
INFO:root:standard password string sent to pword field
INFO:root:second privacy notice page 'https://privacynotice.account.microsoft.com/' did not appear
INFO:root:update security info window did not appear
INFO:root:privacy notice page 'https://privacynotice.account.microsoft.com/' did not appear
INFO:root:Upsell page 'https://account.live.com/apps/upsell?' did not appear
INFO:root:stay signed in window appeared and was completed
INFO:root:second privacy notice page 'https://privacynotice.account.microsoft.com/' did not appear
INFO:root:login function completed for aga12@activegamers.com.au
INFO:root:sleep 5 seconds after login function
INFO:root:go to sign in url
INFO:root:slept 5 seconds
INFO:root:pressed enter
INFO:root:slept 10 seconds
INFO:root:go to gamepass url
INFO:root:join button is present and clickable
INFO:root:sleeping for 10 seconds to allows the subscribe modal to load
INFO:root:Icon clicked successfully!
INFO:root:Account reactivation is complete for account aga12@activegamers.com.au
INFO:root:Email sent at the end of the loop.
INFO:root:-----------------------------------------------------------------------------
INFO:root:Beginning reactivation of account aga13@activegamers.com.au
INFO:root:driver initialized
INFO:root:begin login sequence
INFO:root:'sign in' button clicked
INFO:root:email field clickable
INFO:root:email string sent to email field
INFO:root:password field clickable
INFO:root:standard password string sent to pword field
INFO:root:second privacy notice page 'https://privacynotice.account.microsoft.com/' did not appear
INFO:root:update security info window appeared and was bypassed
INFO:root:privacy notice page 'https://privacynotice.account.microsoft.com/' did not appear
INFO:root:Upsell page 'https://account.live.com/apps/upsell?' did not appear
INFO:root:stay signed in window did not appear
INFO:root:second privacy notice page 'https://privacynotice.account.microsoft.com/' did not appear
INFO:root:login function completed for aga13@activegamers.com.au
INFO:root:sleep 5 seconds after login function
INFO:root:go to sign in url
INFO:root:slept 5 seconds
INFO:root:pressed enter
INFO:root:slept 10 seconds
INFO:root:go to gamepass url
INFO:root:join button is present and clickable
INFO:root:sleeping for 10 seconds to allows the subscribe modal to load
INFO:root:Icon not found on the screen.
INFO:root:define base email and password finished
INFO:root:Reactivate loop initiated
INFO:root:Beginning reactivation of account aga13@activegamers.com.au
INFO:root:driver initialized
INFO:root:begin login sequence
INFO:root:'sign in' button clicked
INFO:root:email field clickable
INFO:root:email string sent to email field
INFO:root:password field clickable
INFO:root:standard password string sent to pword field
INFO:root:second privacy notice page 'https://privacynotice.account.microsoft.com/' did not appear
INFO:root:update security info window did not appear
INFO:root:privacy notice page 'https://privacynotice.account.microsoft.com/' did not appear
INFO:root:Upsell page 'https://account.live.com/apps/upsell?' did not appear
INFO:root:stay signed in window appeared and was completed
INFO:root:second privacy notice page 'https://privacynotice.account.microsoft.com/' did not appear
INFO:root:login function completed for aga13@activegamers.com.au
INFO:root:sleep 5 seconds after login function
INFO:root:go to sign in url
INFO:root:slept 5 seconds
INFO:root:pressed enter
INFO:root:slept 10 seconds
INFO:root:go to gamepass url
INFO:root:join button is present and clickable
INFO:root:sleeping for 60 seconds to allows the subscribe modal to load
INFO:root:Icon clicked successfully!
INFO:root:Account reactivation is complete for account aga13@activegamers.com.au
INFO:root:Email sent at the end of the loop.
INFO:root:-----------------------------------------------------------------------------
INFO:root:Beginning reactivation of account aga14@activegamers.com.au
INFO:root:driver initialized
INFO:root:begin login sequence
INFO:root:'sign in' button clicked
INFO:root:email field clickable
INFO:root:email string sent to email field
INFO:root:define base email and password finished
INFO:root:Reactivate loop initiated
INFO:root:Beginning reactivation of account aga14@activegamers.com.au
INFO:root:driver initialized
INFO:root:begin login sequence
INFO:root:'sign in' button clicked
INFO:root:email field clickable
INFO:root:email string sent to email field
INFO:root:password field clickable
INFO:root:standard password string sent to pword field
INFO:root:second privacy notice page 'https://privacynotice.account.microsoft.com/' did not appear
INFO:root:update security info window did not appear
INFO:root:privacy notice page 'https://privacynotice.account.microsoft.com/' did not appear
INFO:root:Upsell page 'https://account.live.com/apps/upsell?' did not appear
INFO:root:stay signed in window appeared and was completed
INFO:root:second privacy notice page 'https://privacynotice.account.microsoft.com/' did not appear
INFO:root:login function completed for aga14@activegamers.com.au
INFO:root:sleep 5 seconds after login function
INFO:root:go to sign in url
INFO:root:slept 5 seconds
INFO:root:pressed enter
INFO:root:slept 10 seconds
INFO:root:go to gamepass url
INFO:root:join button is present and clickable
INFO:root:sleeping for 20 seconds to allows the subscribe modal to load
INFO:root:Icon clicked successfully!
INFO:root:Account reactivation is complete for account aga14@activegamers.com.au
INFO:root:Email sent at the end of the loop.
INFO:root:-----------------------------------------------------------------------------
INFO:root:Beginning reactivation of account aga15@activegamers.com.au
INFO:root:driver initialized
INFO:root:begin login sequence
INFO:root:'sign in' button clicked
INFO:root:email field clickable
INFO:root:email string sent to email field
INFO:root:password field clickable
INFO:root:standard password string sent to pword field
INFO:root:second privacy notice page 'https://privacynotice.account.microsoft.com/' did not appear
INFO:root:update security info window did not appear
INFO:root:privacy notice page 'https://privacynotice.account.microsoft.com/' did not appear
INFO:root:Upsell page 'https://account.live.com/apps/upsell?' did not appear
INFO:root:stay signed in window appeared and was completed
INFO:root:second privacy notice page 'https://privacynotice.account.microsoft.com/' did not appear
INFO:root:login function completed for aga15@activegamers.com.au
INFO:root:sleep 5 seconds after login function
INFO:root:go to sign in url
INFO:root:slept 5 seconds
INFO:root:pressed enter
INFO:root:slept 10 seconds
INFO:root:go to gamepass url
INFO:root:join button is present and clickable
INFO:root:sleeping for 20 seconds to allows the subscribe modal to load
INFO:root:Icon clicked successfully!
INFO:root:Account reactivation is complete for account aga15@activegamers.com.au
INFO:root:Email sent at the end of the loop.
INFO:root:-----------------------------------------------------------------------------
INFO:root:Beginning reactivation of account aga16@activegamers.com.au
INFO:root:driver initialized
INFO:root:begin login sequence
INFO:root:'sign in' button clicked
INFO:root:email field clickable
INFO:root:email string sent to email field
INFO:root:email field did not become present and clickable
INFO:root:second privacy notice page 'https://privacynotice.account.microsoft.com/' did not appear
INFO:root:update security info window did not appear
INFO:root:privacy notice page 'https://privacynotice.account.microsoft.com/' did not appear
INFO:root:Upsell page 'https://account.live.com/apps/upsell?' did not appear
INFO:root:stay signed in window did not appear
INFO:root:second privacy notice page 'https://privacynotice.account.microsoft.com/' did not appear
INFO:root:login function completed for aga16@activegamers.com.au
INFO:root:sleep 5 seconds after login function
INFO:root:go to sign in url
INFO:root:slept 5 seconds
INFO:root:pressed enter
INFO:root:slept 10 seconds
INFO:root:define base email and password finished
INFO:root:Reactivate loop initiated
INFO:root:Beginning reactivation of account aga16@activegamers.com.au
INFO:root:driver initialized
INFO:root:begin login sequence
INFO:root:'sign in' button clicked
INFO:root:email field clickable
INFO:root:email string sent to email field
INFO:root:password field clickable
INFO:root:standard password string sent to pword field
INFO:root:second privacy notice page 'https://privacynotice.account.microsoft.com/' did not appear
INFO:root:update security info window did not appear
INFO:root:privacy notice page 'https://privacynotice.account.microsoft.com/' did not appear
INFO:root:Upsell page 'https://account.live.com/apps/upsell?' did not appear
INFO:root:stay signed in window appeared and was completed
INFO:root:second privacy notice page 'https://privacynotice.account.microsoft.com/' did not appear
INFO:root:login function completed for aga16@activegamers.com.au
INFO:root:sleep 5 seconds after login function
INFO:root:go to sign in url
INFO:root:slept 5 seconds
INFO:root:pressed enter
INFO:root:slept 10 seconds
INFO:root:go to gamepass url
INFO:root:join button is present and clickable
INFO:root:sleeping for 20 seconds to allows the subscribe modal to load
INFO:root:Icon clicked successfully!
INFO:root:Account reactivation is complete for account aga16@activegamers.com.au
INFO:root:Email sent at the end of the loop.
INFO:root:-----------------------------------------------------------------------------
INFO:root:Beginning reactivation of account aga17@activegamers.com.au
INFO:root:driver initialized
INFO:root:begin login sequence
INFO:root:'sign in' button clicked
INFO:root:email field clickable
INFO:root:email string sent to email field
INFO:root:password field clickable
INFO:root:standard password string sent to pword field
INFO:root:second privacy notice page 'https://privacynotice.account.microsoft.com/' did not appear
INFO:root:update security info window appeared and was bypassed
INFO:root:privacy notice page 'https://privacynotice.account.microsoft.com/' did not appear
INFO:root:Upsell page 'https://account.live.com/apps/upsell?' did not appear
INFO:root:stay signed in window appeared and was completed
INFO:root:second privacy notice page 'https://privacynotice.account.microsoft.com/' did not appear
INFO:root:login function completed for aga17@activegamers.com.au
INFO:root:sleep 5 seconds after login function
INFO:root:go to sign in url
INFO:root:slept 5 seconds
INFO:root:pressed enter
INFO:root:slept 10 seconds
INFO:root:go to gamepass url
INFO:root:join button is present and clickable
INFO:root:sleeping for 20 seconds to allows the subscribe modal to load
INFO:root:Icon clicked successfully!
INFO:root:Account reactivation is complete for account aga17@activegamers.com.au
INFO:root:Email sent at the end of the loop.
INFO:root:-----------------------------------------------------------------------------
INFO:root:Beginning reactivation of account aga18@activegamers.com.au
INFO:root:driver initialized
INFO:root:begin login sequence
INFO:root:'sign in' button clicked
INFO:root:email field clickable
INFO:root:email string sent to email field
INFO:root:email field did not become present and clickable
INFO:root:second privacy notice page 'https://privacynotice.account.microsoft.com/' did not appear
INFO:root:update security info window did not appear
INFO:root:privacy notice page 'https://privacynotice.account.microsoft.com/' did not appear
INFO:root:Upsell page 'https://account.live.com/apps/upsell?' did not appear
INFO:root:stay signed in window did not appear
INFO:root:second privacy notice page 'https://privacynotice.account.microsoft.com/' did not appear
INFO:root:login function completed for aga18@activegamers.com.au
INFO:root:sleep 5 seconds after login function
INFO:root:go to sign in url
INFO:root:slept 5 seconds
INFO:root:pressed enter
INFO:root:slept 10 seconds
INFO:root:go to gamepass url
INFO:root:Join button did not become present and clickable
INFO:root:-----------------------------------------------------------------------------
INFO:root:Beginning reactivation of account aga19@activegamers.com.au
INFO:root:driver initialized
INFO:root:begin login sequence
INFO:root:'sign in' button clicked
INFO:root:email field clickable
INFO:root:email string sent to email field
INFO:root:password field clickable
INFO:root:standard password string sent to pword field
INFO:root:second privacy notice page 'https://privacynotice.account.microsoft.com/' did not appear
INFO:root:update security info window appeared and was bypassed
INFO:root:privacy notice page 'https://privacynotice.account.microsoft.com/' did not appear
INFO:root:Upsell page 'https://account.live.com/apps/upsell?' did not appear
INFO:root:stay signed in window did not appear
INFO:root:second privacy notice page 'https://privacynotice.account.microsoft.com/' did not appear
INFO:root:login function completed for aga19@activegamers.com.au
INFO:root:sleep 5 seconds after login function
INFO:root:go to sign in url
INFO:root:slept 5 seconds
INFO:root:pressed enter
INFO:root:slept 10 seconds
INFO:root:go to gamepass url
INFO:root:join button is present and clickable
INFO:root:sleeping for 20 seconds to allows the subscribe modal to load
INFO:root:Icon not found on the screen.
INFO:root:define base email and password finished
INFO:root:Reactivate loop initiated
INFO:root:Beginning reactivation of account aga19@activegamers.com.au
INFO:root:driver initialized
INFO:root:begin login sequence
INFO:root:'sign in' button clicked
INFO:root:email field clickable
INFO:root:email string sent to email field
INFO:root:password field clickable
INFO:root:standard password string sent to pword field
INFO:root:second privacy notice page 'https://privacynotice.account.microsoft.com/' did not appear
INFO:root:update security info window did not appear
INFO:root:privacy notice page 'https://privacynotice.account.microsoft.com/' did not appear
INFO:root:Upsell page 'https://account.live.com/apps/upsell?' did not appear
INFO:root:stay signed in window appeared and was completed
INFO:root:second privacy notice page 'https://privacynotice.account.microsoft.com/' did not appear
INFO:root:login function completed for aga19@activegamers.com.au
INFO:root:sleep 5 seconds after login function
INFO:root:go to sign in url
INFO:root:slept 5 seconds
INFO:root:pressed enter
INFO:root:slept 10 seconds
INFO:root:go to gamepass url
INFO:root:join button is present and clickable
INFO:root:sleeping for 20 seconds to allows the subscribe modal to load
INFO:root:Icon clicked successfully!
INFO:root:Account reactivation is complete for account aga19@activegamers.com.au
INFO:root:Email sent at the end of the loop.
INFO:root:-----------------------------------------------------------------------------
INFO:root:Beginning reactivation of account aga20@activegamers.com.au
INFO:root:driver initialized
INFO:root:begin login sequence
INFO:root:'sign in' button clicked
INFO:root:email field clickable
INFO:root:email string sent to email field
INFO:root:password field clickable
INFO:root:standard password string sent to pword field
INFO:root:second privacy notice page 'https://privacynotice.account.microsoft.com/' did not appear
INFO:root:update security info window did not appear
INFO:root:privacy notice page 'https://privacynotice.account.microsoft.com/' did not appear
INFO:root:Upsell page 'https://account.live.com/apps/upsell?' did not appear
INFO:root:stay signed in window appeared and was completed
INFO:root:second privacy notice page 'https://privacynotice.account.microsoft.com/' did not appear
INFO:root:login function completed for aga20@activegamers.com.au
INFO:root:sleep 5 seconds after login function
INFO:root:go to sign in url
INFO:root:slept 5 seconds
INFO:root:pressed enter
INFO:root:slept 10 seconds
INFO:root:go to gamepass url
INFO:root:join button is present and clickable
INFO:root:sleeping for 20 seconds to allows the subscribe modal to load
INFO:root:Icon clicked successfully!
INFO:root:Account reactivation is complete for account aga20@activegamers.com.au
INFO:root:Email sent at the end of the loop.
INFO:root:-----------------------------------------------------------------------------
INFO:root:Beginning reactivation of account agapc1@activegamers.com.au
INFO:root:driver initialized
INFO:root:begin login sequence
INFO:root:'sign in' button clicked
INFO:root:email field clickable
INFO:root:email string sent to email field
INFO:root:password field clickable
INFO:root:standard password string sent to pword field
INFO:root:second privacy notice page 'https://privacynotice.account.microsoft.com/' did not appear
INFO:root:update security info window did not appear
INFO:root:privacy notice page 'https://privacynotice.account.microsoft.com/' did not appear
INFO:root:Upsell page 'https://account.live.com/apps/upsell?' did not appear
INFO:root:stay signed in window appeared and was completed
INFO:root:second privacy notice page 'https://privacynotice.account.microsoft.com/' did not appear
INFO:root:login function completed for agapc1@activegamers.com.au
INFO:root:sleep 5 seconds after login function
INFO:root:go to sign in url
INFO:root:slept 5 seconds
INFO:root:pressed enter
INFO:root:slept 10 seconds
INFO:root:go to gamepass url
INFO:root:Join button did not become present and clickable
INFO:root:-----------------------------------------------------------------------------
INFO:root:Beginning reactivation of account agapc2@activegamers.com.au
INFO:root:driver initialized
INFO:root:begin login sequence
INFO:root:'sign in' button clicked
INFO:root:email field clickable
INFO:root:email string sent to email field
INFO:root:password field clickable
INFO:root:standard password string sent to pword field
INFO:root:second privacy notice page 'https://privacynotice.account.microsoft.com/' did not appear
INFO:root:update security info window did not appear
INFO:root:privacy notice page 'https://privacynotice.account.microsoft.com/' did not appear
INFO:root:Upsell page 'https://account.live.com/apps/upsell?' did not appear
INFO:root:stay signed in window appeared and was completed
INFO:root:second privacy notice page 'https://privacynotice.account.microsoft.com/' did not appear
INFO:root:login function completed for agapc2@activegamers.com.au
INFO:root:sleep 5 seconds after login function
INFO:root:go to sign in url
INFO:root:slept 5 seconds
INFO:root:pressed enter
INFO:root:slept 10 seconds
INFO:root:go to gamepass url
INFO:root:join button is present and clickable
INFO:root:sleeping for 20 seconds to allows the subscribe modal to load
INFO:root:Icon clicked successfully!
INFO:root:Account reactivation is complete for account agapc2@activegamers.com.au
INFO:root:Email sent at the end of the loop.
INFO:root:-----------------------------------------------------------------------------
INFO:root:Beginning reactivation of account agapc3@activegamers.com.au
INFO:root:driver initialized
INFO:root:begin login sequence
INFO:root:'sign in' button clicked
INFO:root:email field clickable
INFO:root:email string sent to email field
INFO:root:password field clickable
INFO:root:standard password string sent to pword field
INFO:root:second privacy notice page 'https://privacynotice.account.microsoft.com/' did not appear
INFO:root:update security info window did not appear
INFO:root:privacy notice page 'https://privacynotice.account.microsoft.com/' did not appear
INFO:root:Upsell page 'https://account.live.com/apps/upsell?' did not appear
INFO:root:stay signed in window appeared and was completed
INFO:root:second privacy notice page 'https://privacynotice.account.microsoft.com/' did not appear
INFO:root:login function completed for agapc3@activegamers.com.au
INFO:root:sleep 5 seconds after login function
INFO:root:go to sign in url
INFO:root:slept 5 seconds
INFO:root:pressed enter
INFO:root:slept 10 seconds
INFO:root:go to gamepass url
INFO:root:join button is present and clickable
INFO:root:sleeping for 20 seconds to allows the subscribe modal to load
INFO:root:Icon not found on the screen.
INFO:root:define base email and password finished
INFO:root:Reactivate loop initiated
INFO:root:Beginning reactivation of account aga21@activegamers.com.au
INFO:root:driver initialized
INFO:root:begin login sequence
INFO:root:'sign in' button clicked
INFO:root:email field clickable
INFO:root:email string sent to email field
INFO:root:password field clickable
INFO:root:standard password string sent to pword field
INFO:root:second privacy notice page 'https://privacynotice.account.microsoft.com/' did not appear
INFO:root:update security info window appeared and was bypassed
INFO:root:privacy notice page 'https://privacynotice.account.microsoft.com/' did not appear
INFO:root:Upsell page 'https://account.live.com/apps/upsell?' did not appear
INFO:root:stay signed in window did not appear
INFO:root:second privacy notice page 'https://privacynotice.account.microsoft.com/' did not appear
INFO:root:login function completed for aga21@activegamers.com.au
INFO:root:sleep 5 seconds after login function
INFO:root:go to sign in url
INFO:root:slept 5 seconds
INFO:root:pressed enter
INFO:root:slept 10 seconds
INFO:root:go to gamepass url
INFO:root:join button is present and clickable
INFO:root:sleeping for 20 seconds to allows the subscribe modal to load
INFO:root:Icon not found on the screen.
