INFO:root:define base email and password finished
INFO:root:Reactivate loop initiated
INFO:root:Beginning reactivation of account aga1@activegamers.com.au
INFO:root:define base email and password finished
INFO:root:Reactivate loop initiated
INFO:root:Beginning reactivation of account aga1@activegamers.com.au
INFO:root:define base email and password finished
INFO:root:Reactivate loop initiated
INFO:root:Beginning reactivation of account aga1@activegamers.com.au
INFO:root:driver initialized
INFO:root:begin login sequence
INFO:root:'sign in' button clicked
INFO:root:email field clickable
INFO:root:email string sent to email field
INFO:root:password field clickable
INFO:root:standard password string sent to pword field
INFO:root:second privacy notice page 'https://privacynotice.account.microsoft.com/' did not appear
INFO:root:update security info window did not appear
INFO:root:privacy notice page 'https://privacynotice.account.microsoft.com/' did not appear
INFO:root:Upsell page 'https://account.live.com/apps/upsell?' did not appear
INFO:root:stay signed in window appeared and was completed
INFO:root:second privacy notice page 'https://privacynotice.account.microsoft.com/' did not appear
INFO:root:login function completed for aga1@activegamers.com.au
INFO:root:buy gamepass as a gift button is present and clickable
INFO:root:enter key pressed on buy gamepass as a gift button
INFO:root:tilelist_field is present and clickable
INFO:root:enter key pressed
INFO:root:stay signed in window did not appear
INFO:root:Join button did not become present and clickable
INFO:root:-----------------------------------------------------------------------------
INFO:root:Beginning reactivation of account aga2@activegamers.com.au
INFO:root:driver initialized
INFO:root:begin login sequence
INFO:root:'sign in' button clicked
INFO:root:define base email and password finished
INFO:root:Reactivate loop initiated
INFO:root:Beginning reactivation of account aga4@activegamers.com.au
INFO:root:driver initialized
INFO:root:begin login sequence
INFO:root:'sign in' button clicked
INFO:root:email field clickable
INFO:root:email string sent to email field
INFO:root:password field clickable
INFO:root:standard password string sent to pword field
INFO:root:second privacy notice page 'https://privacynotice.account.microsoft.com/' did not appear
INFO:root:update security info window did not appear
INFO:root:privacy notice page 'https://privacynotice.account.microsoft.com/' did not appear
INFO:root:Upsell page 'https://account.live.com/apps/upsell?' did not appear
INFO:root:stay signed in window appeared and was completed
INFO:root:second privacy notice page 'https://privacynotice.account.microsoft.com/' did not appear
INFO:root:login function completed for aga4@activegamers.com.au
INFO:root:buy gamepass as a gift button is present and clickable
INFO:root:enter key pressed on buy gamepass as a gift button
INFO:root:tilelist_field is present and clickable
INFO:root:enter key pressed
INFO:root:stay signed in window did not appear
INFO:root:join button is present and clickable
INFO:root:sleeping for 10 seconds to allows the subscribe modal to load
INFO:root:Icon clicked successfully!
INFO:root:Account reactivation is complete for account aga4@activegamers.com.au
INFO:root:Email sent at the end of the loop.
INFO:root:-----------------------------------------------------------------------------
INFO:root:Beginning reactivation of account aga5@activegamers.com.au
INFO:root:driver initialized
INFO:root:begin login sequence
INFO:root:'sign in' button clicked
INFO:root:email field clickable
INFO:root:email string sent to email field
INFO:root:password field clickable
INFO:root:standard password string sent to pword field
INFO:root:second privacy notice page 'https://privacynotice.account.microsoft.com/' did not appear
INFO:root:update security info window did not appear
INFO:root:privacy notice page 'https://privacynotice.account.microsoft.com/' did not appear
INFO:root:Upsell page 'https://account.live.com/apps/upsell?' did not appear
INFO:root:stay signed in window appeared and was completed
INFO:root:second privacy notice page 'https://privacynotice.account.microsoft.com/' did not appear
INFO:root:login function completed for aga5@activegamers.com.au
INFO:root:buy gamepass as a gift button is present and clickable
INFO:root:enter key pressed on buy gamepass as a gift button
INFO:root:tilelist_field is present and clickable
INFO:root:enter key pressed
INFO:root:stay signed in window did not appear
INFO:root:join button is present and clickable
INFO:root:sleeping for 10 seconds to allows the subscribe modal to load
INFO:root:Icon clicked successfully!
INFO:root:Account reactivation is complete for account aga5@activegamers.com.au
INFO:root:Email sent at the end of the loop.
INFO:root:-----------------------------------------------------------------------------
INFO:root:Beginning reactivation of account aga6@activegamers.com.au
INFO:root:driver initialized
INFO:root:begin login sequence
INFO:root:'sign in' button clicked
INFO:root:email field clickable
INFO:root:email string sent to email field
INFO:root:email field did not become present and clickable
INFO:root:second privacy notice page 'https://privacynotice.account.microsoft.com/' did not appear
INFO:root:update security info window did not appear
INFO:root:privacy notice page 'https://privacynotice.account.microsoft.com/' did not appear
INFO:root:Upsell page 'https://account.live.com/apps/upsell?' did not appear
INFO:root:stay signed in window did not appear
INFO:root:second privacy notice page 'https://privacynotice.account.microsoft.com/' did not appear
INFO:root:login function completed for aga6@activegamers.com.au
INFO:root:buy gamepass as a gift button is present and clickable
INFO:root:enter key pressed on buy gamepass as a gift button
INFO:root:tilelist_field is present and clickable
INFO:root:enter key pressed
INFO:root:stay signed in window did not appear
INFO:root:join button is present and clickable
INFO:root:define base email and password finished
INFO:root:Reactivate loop initiated
INFO:root:Beginning reactivation of account aga6@activegamers.com.au
INFO:root:driver initialized
INFO:root:begin login sequence
INFO:root:'sign in' button clicked
INFO:root:email field clickable
INFO:root:email string sent to email field
INFO:root:email field did not become present and clickable
INFO:root:second privacy notice page 'https://privacynotice.account.microsoft.com/' did not appear
INFO:root:update security info window did not appear
INFO:root:privacy notice page 'https://privacynotice.account.microsoft.com/' did not appear
INFO:root:Upsell page 'https://account.live.com/apps/upsell?' did not appear
INFO:root:stay signed in window did not appear
INFO:root:second privacy notice page 'https://privacynotice.account.microsoft.com/' did not appear
INFO:root:login function completed for aga6@activegamers.com.au
INFO:root:buy gamepass as a gift button is present and clickable
INFO:root:enter key pressed on buy gamepass as a gift button
INFO:root:Element with ID 'tileist' did not become present and clickable
INFO:root:-----------------------------------------------------------------------------
INFO:root:Beginning reactivation of account aga7@activegamers.com.au
INFO:root:driver initialized
INFO:root:begin login sequence
INFO:root:'sign in' button clicked
INFO:root:email field clickable
INFO:root:email string sent to email field
INFO:root:password field clickable
INFO:root:standard password string sent to pword field
INFO:root:second privacy notice page 'https://privacynotice.account.microsoft.com/' did not appear
INFO:root:update security info window did not appear
INFO:root:privacy notice page 'https://privacynotice.account.microsoft.com/' did not appear
INFO:root:Upsell page 'https://account.live.com/apps/upsell?' did not appear
INFO:root:stay signed in window appeared and was completed
INFO:root:second privacy notice page 'https://privacynotice.account.microsoft.com/' did not appear
INFO:root:login function completed for aga7@activegamers.com.au
INFO:root:buy gamepass as a gift button is present and clickable
INFO:root:define base email and password finished
INFO:root:Reactivate loop initiated
INFO:root:Beginning reactivation of account aga6@activegamers.com.au
INFO:root:driver initialized
INFO:root:begin login sequence
INFO:root:'sign in' button clicked
INFO:root:email field clickable
INFO:root:email string sent to email field
INFO:root:email field did not become present and clickable
INFO:root:second privacy notice page 'https://privacynotice.account.microsoft.com/' did not appear
INFO:root:update security info window did not appear
INFO:root:privacy notice page 'https://privacynotice.account.microsoft.com/' did not appear
INFO:root:Upsell page 'https://account.live.com/apps/upsell?' did not appear
INFO:root:stay signed in window did not appear
INFO:root:second privacy notice page 'https://privacynotice.account.microsoft.com/' did not appear
INFO:root:login function completed for aga6@activegamers.com.au
INFO:root:buy gamepass as a gift button is present and clickable
INFO:root:enter key pressed on buy gamepass as a gift button
INFO:root:Element with ID 'tileist' did not become present and clickable
INFO:root:-----------------------------------------------------------------------------
INFO:root:Beginning reactivation of account aga7@activegamers.com.au
INFO:root:driver initialized
INFO:root:begin login sequence
INFO:root:'sign in' button clicked
INFO:root:email field clickable
INFO:root:email string sent to email field
INFO:root:password field clickable
INFO:root:standard password string sent to pword field
INFO:root:second privacy notice page 'https://privacynotice.account.microsoft.com/' did not appear
INFO:root:update security info window did not appear
INFO:root:privacy notice page 'https://privacynotice.account.microsoft.com/' did not appear
INFO:root:Upsell page 'https://account.live.com/apps/upsell?' did not appear
INFO:root:stay signed in window appeared and was completed
INFO:root:second privacy notice page 'https://privacynotice.account.microsoft.com/' did not appear
INFO:root:login function completed for aga7@activegamers.com.au
INFO:root:buy gamepass as a gift button is present and clickable
