INFO:root:define base email and password finished
INFO:root:Deactivate loop initiated
INFO:root:Beginning deactivation of account aga1@activegamers.com.au
INFO:root:driver initialized
INFO:root:begin login sequence
INFO:root:'sign in' button clicked
INFO:root:email field clickable
INFO:root:email string sent to email field
INFO:root:password field clickable
INFO:root:standard password string sent to pword field
INFO:root:second privacy notice page 'https://privacynotice.account.microsoft.com/' did not appear
INFO:root:update security info window did not appear
INFO:root:privacy notice page 'https://privacynotice.account.microsoft.com/' did not appear
INFO:root:Upsell page 'https://account.live.com/apps/upsell?' did not appear
INFO:root:stay signed in window appeared and was completed
INFO:root:second privacy notice page 'https://privacynotice.account.microsoft.com/' did not appear
INFO:root:login function completed for aga1@activegamers.com.au
INFO:root:main account page loaded
INFO:root:loading billing cancellation page
INFO:root:sleeping for 10 seconds
INFO:root:billing cancellation page loaded
INFO:root:Cancel button clicked
INFO:root:Back to subscription' and 'resubscribe' button did not become presentand clickable. We will now send keystrokes for deactivation with refund.
INFO:root:Refund keystrokes have been sent
INFO:root:Cancel with refund keystrokes were sent but the back to sub and refund elements were not found. Something has gone wrong.
INFO:root:browser closed
INFO:root:Email sent at the end of the loop.
INFO:root:-----------------------------------------------------------------------------
INFO:root:Beginning deactivation of account aga2@activegamers.com.au
INFO:root:driver initialized
INFO:root:begin login sequence
INFO:root:'sign in' button clicked
INFO:root:email field clickable
INFO:root:email string sent to email field
INFO:root:password field clickable
INFO:root:standard password string sent to pword field
INFO:root:define base email and password finished
INFO:root:Deactivate loop initiated
INFO:root:Beginning deactivation of account aga1@activegamers.com.au
INFO:root:driver initialized
INFO:root:begin login sequence
INFO:root:'sign in' button clicked
INFO:root:email field clickable
INFO:root:email string sent to email field
INFO:root:password field clickable
INFO:root:standard password string sent to pword field
INFO:root:second privacy notice page 'https://privacynotice.account.microsoft.com/' did not appear
INFO:root:update security info window did not appear
INFO:root:privacy notice page 'https://privacynotice.account.microsoft.com/' did not appear
INFO:root:Upsell page 'https://account.live.com/apps/upsell?' did not appear
INFO:root:stay signed in window appeared and was completed
INFO:root:second privacy notice page 'https://privacynotice.account.microsoft.com/' did not appear
INFO:root:login function completed for aga1@activegamers.com.au
INFO:root:main account page loaded
INFO:root:loading billing cancellation page
INFO:root:sleeping for 10 seconds
INFO:root:billing cancellation page loaded
INFO:root:Cancel button clicked
INFO:root:Back to subscription' and 'resubscribe' button did not become presentand clickable. We will now send keystrokes for deactivation with refund.
INFO:root:Refund keystrokes have been sent
INFO:root:Cancel with refund keystrokes were sent but the back to sub and refund elements were not found. Something has gone wrong.
INFO:root:browser closed
INFO:root:Email sent at the end of the loop.
INFO:root:-----------------------------------------------------------------------------
INFO:root:Beginning deactivation of account agapc5@activegamers.com.au
INFO:root:driver initialized
INFO:root:begin login sequence
INFO:root:'sign in' button clicked
INFO:root:email field clickable
INFO:root:email string sent to email field
INFO:root:password field clickable
INFO:root:standard password string sent to pword field
INFO:root:second privacy notice page 'https://privacynotice.account.microsoft.com/' did not appear
INFO:root:update security info window did not appear
INFO:root:privacy notice page 'https://privacynotice.account.microsoft.com/' did not appear
INFO:root:Upsell page 'https://account.live.com/apps/upsell?' did not appear
INFO:root:stay signed in window appeared and was completed
INFO:root:second privacy notice page 'https://privacynotice.account.microsoft.com/' did not appear
INFO:root:login function completed for agapc5@activegamers.com.au
INFO:root:main account page loaded
INFO:root:loading billing cancellation page
INFO:root:sleeping for 10 seconds
INFO:root:Services page loaded instead of billing page. This indicates the account has no active subscriptions
INFO:root:Email sent at the end of the loop.
INFO:root:-----------------------------------------------------------------------------
INFO:root:Beginning deactivation of account agapc6@activegamers.com.au
INFO:root:driver initialized
INFO:root:begin login sequence
INFO:root:'sign in' button clicked
INFO:root:email field clickable
INFO:root:email string sent to email field
INFO:root:password field clickable
INFO:root:standard password string sent to pword field
INFO:root:second privacy notice page 'https://privacynotice.account.microsoft.com/' did not appear
INFO:root:update security info window appeared and was bypassed
INFO:root:privacy notice page 'https://privacynotice.account.microsoft.com/' did not appear
INFO:root:Upsell page 'https://account.live.com/apps/upsell?' did not appear
INFO:root:stay signed in window appeared and was completed
INFO:root:second privacy notice page 'https://privacynotice.account.microsoft.com/' did not appear
INFO:root:login function completed for agapc6@activegamers.com.au
INFO:root:main account page loaded
INFO:root:loading billing cancellation page
INFO:root:sleeping for 10 seconds
INFO:root:billing cancellation page loaded
INFO:root:Cancel button clicked
INFO:root:Back to subscription' and 'resubscribe' button did not become presentand clickable. We will now send keystrokes for deactivation with refund.
INFO:root:Refund keystrokes have been sent
INFO:root:back to subscription' and 'refund' elements were located after refund keystrokes were sent. This account should be deactivated and refund issued
INFO:root:browser closed
INFO:root:Email sent at the end of the loop.
INFO:root:-----------------------------------------------------------------------------
INFO:root:Beginning deactivation of account agapc7@activegamers.com.au
INFO:root:driver initialized
INFO:root:begin login sequence
INFO:root:'sign in' button clicked
INFO:root:email field clickable
INFO:root:email string sent to email field
INFO:root:password field clickable
INFO:root:standard password string sent to pword field
INFO:root:second privacy notice page 'https://privacynotice.account.microsoft.com/' did not appear
INFO:root:update security info window did not appear
INFO:root:privacy notice page 'https://privacynotice.account.microsoft.com/' did not appear
INFO:root:Upsell page 'https://account.live.com/apps/upsell?' did not appear
INFO:root:stay signed in window appeared and was completed
INFO:root:second privacy notice page 'https://privacynotice.account.microsoft.com/' did not appear
INFO:root:login function completed for agapc7@activegamers.com.au
INFO:root:main account page loaded
INFO:root:loading billing cancellation page
INFO:root:sleeping for 10 seconds
INFO:root:billing cancellation page loaded
INFO:root:Cancel button clicked
INFO:root:Back to subscription' and 'resubscribe' button did not become presentand clickable. We will now send keystrokes for deactivation with refund.
INFO:root:Refund keystrokes have been sent
INFO:root:Cancel with refund keystrokes were sent but the back to sub and refund elements were not found. Something has gone wrong.
INFO:root:browser closed
INFO:root:Email sent at the end of the loop.
INFO:root:-----------------------------------------------------------------------------
INFO:root:Beginning deactivation of account agapc8@activegamers.com.au
INFO:root:driver initialized
INFO:root:begin login sequence
INFO:root:'sign in' button clicked
INFO:root:email field clickable
INFO:root:email string sent to email field
INFO:root:password field clickable
INFO:root:standard password string sent to pword field
INFO:root:second privacy notice page 'https://privacynotice.account.microsoft.com/' did not appear
INFO:root:update security info window did not appear
INFO:root:privacy notice page 'https://privacynotice.account.microsoft.com/' did not appear
INFO:root:Upsell page 'https://account.live.com/apps/upsell?' did not appear
INFO:root:stay signed in window appeared and was completed
INFO:root:second privacy notice page 'https://privacynotice.account.microsoft.com/' did not appear
INFO:root:login function completed for agapc8@activegamers.com.au
INFO:root:main account page loaded
INFO:root:loading billing cancellation page
INFO:root:sleeping for 10 seconds
INFO:root:billing cancellation page loaded
INFO:root:Cancel button clicked
INFO:root:Back to subscription' and 'resubscribe' button did not become presentand clickable. We will now send keystrokes for deactivation with refund.
INFO:root:Refund keystrokes have been sent
INFO:root:back to subscription' and 'refund' elements were located after refund keystrokes were sent. This account should be deactivated and refund issued
INFO:root:browser closed
INFO:root:Email sent at the end of the loop.
INFO:root:-----------------------------------------------------------------------------
INFO:root:Beginning deactivation of account agapc9@activegamers.com.au
INFO:root:driver initialized
INFO:root:begin login sequence
INFO:root:'sign in' button clicked
INFO:root:email field clickable
INFO:root:email string sent to email field
INFO:root:password field clickable
INFO:root:standard password string sent to pword field
INFO:root:second privacy notice page 'https://privacynotice.account.microsoft.com/' did not appear
INFO:root:update security info window did not appear
INFO:root:privacy notice page 'https://privacynotice.account.microsoft.com/' did not appear
INFO:root:Upsell page 'https://account.live.com/apps/upsell?' did not appear
INFO:root:stay signed in window appeared and was completed
INFO:root:second privacy notice page 'https://privacynotice.account.microsoft.com/' did not appear
INFO:root:login function completed for agapc9@activegamers.com.au
INFO:root:main account page loaded
INFO:root:loading billing cancellation page
INFO:root:sleeping for 10 seconds
INFO:root:billing cancellation page loaded
INFO:root:Cancel button clicked
INFO:root:Back to subscription' and 'resubscribe' button did not become presentand clickable. We will now send keystrokes for deactivation with refund.
INFO:root:Refund keystrokes have been sent
INFO:root:back to subscription' and 'refund' elements were located after refund keystrokes were sent. This account should be deactivated and refund issued
INFO:root:browser closed
INFO:root:Email sent at the end of the loop.
INFO:root:-----------------------------------------------------------------------------
INFO:root:Beginning deactivation of account agapc10@activegamers.com.au
INFO:root:driver initialized
INFO:root:begin login sequence
INFO:root:'sign in' button clicked
INFO:root:email field clickable
INFO:root:email string sent to email field
INFO:root:password field clickable
INFO:root:standard password string sent to pword field
INFO:root:second privacy notice page 'https://privacynotice.account.microsoft.com/' did not appear
INFO:root:update security info window did not appear
INFO:root:privacy notice page 'https://privacynotice.account.microsoft.com/' did not appear
INFO:root:Upsell page 'https://account.live.com/apps/upsell?' did not appear
INFO:root:stay signed in window appeared and was completed
INFO:root:second privacy notice page 'https://privacynotice.account.microsoft.com/' did not appear
INFO:root:login function completed for agapc10@activegamers.com.au
INFO:root:main account page loaded
INFO:root:loading billing cancellation page
INFO:root:sleeping for 10 seconds
INFO:root:billing cancellation page loaded
INFO:root:Cancel button clicked
INFO:root:Back to subscription' and 'resubscribe' button did not become presentand clickable. We will now send keystrokes for deactivation with refund.
INFO:root:Refund keystrokes have been sent
INFO:root:back to subscription' and 'refund' elements were located after refund keystrokes were sent. This account should be deactivated and refund issued
INFO:root:browser closed
INFO:root:Email sent at the end of the loop.
INFO:root:-----------------------------------------------------------------------------
INFO:root:Beginning deactivation of account agapc11@activegamers.com.au
INFO:root:driver initialized
INFO:root:begin login sequence
INFO:root:'sign in' button clicked
INFO:root:email field clickable
INFO:root:email string sent to email field
INFO:root:password field clickable
INFO:root:standard password string sent to pword field
INFO:root:second privacy notice page 'https://privacynotice.account.microsoft.com/' did not appear
INFO:root:update security info window did not appear
INFO:root:privacy notice page 'https://privacynotice.account.microsoft.com/' did not appear
INFO:root:Upsell page 'https://account.live.com/apps/upsell?' did not appear
INFO:root:stay signed in window appeared and was completed
INFO:root:second privacy notice page 'https://privacynotice.account.microsoft.com/' did not appear
INFO:root:login function completed for agapc11@activegamers.com.au
INFO:root:main account page loaded
INFO:root:loading billing cancellation page
INFO:root:sleeping for 10 seconds
INFO:root:billing cancellation page loaded
INFO:root:Cancel button clicked
INFO:root:Back to subscription' and 'resubscribe' button did not become presentand clickable. We will now send keystrokes for deactivation with refund.
INFO:root:Refund keystrokes have been sent
INFO:root:back to subscription' and 'refund' elements were located after refund keystrokes were sent. This account should be deactivated and refund issued
INFO:root:browser closed
INFO:root:Email sent at the end of the loop.
INFO:root:-----------------------------------------------------------------------------
INFO:root:Beginning deactivation of account agapc12@activegamers.com.au
INFO:root:driver initialized
INFO:root:begin login sequence
INFO:root:'sign in' button clicked
INFO:root:email field clickable
INFO:root:email string sent to email field
INFO:root:password field clickable
INFO:root:standard password string sent to pword field
INFO:root:second privacy notice page 'https://privacynotice.account.microsoft.com/' did not appear
INFO:root:update security info window did not appear
INFO:root:privacy notice page 'https://privacynotice.account.microsoft.com/' did not appear
INFO:root:Upsell page 'https://account.live.com/apps/upsell?' did not appear
INFO:root:stay signed in window appeared and was completed
INFO:root:second privacy notice page 'https://privacynotice.account.microsoft.com/' did not appear
INFO:root:login function completed for agapc12@activegamers.com.au
INFO:root:main account page loaded
INFO:root:loading billing cancellation page
INFO:root:sleeping for 10 seconds
INFO:root:billing cancellation page loaded
INFO:root:Cancel button clicked
INFO:root:Back to subscription' and 'resubscribe' button did not become presentand clickable. We will now send keystrokes for deactivation with refund.
INFO:root:Refund keystrokes have been sent
INFO:root:back to subscription' and 'refund' elements were located after refund keystrokes were sent. This account should be deactivated and refund issued
INFO:root:browser closed
INFO:root:Email sent at the end of the loop.
INFO:root:-----------------------------------------------------------------------------
INFO:root:Beginning deactivation of account agapc13@activegamers.com.au
INFO:root:driver initialized
INFO:root:begin login sequence
INFO:root:'sign in' button clicked
INFO:root:email field clickable
INFO:root:email string sent to email field
INFO:root:password field clickable
INFO:root:standard password string sent to pword field
INFO:root:second privacy notice page 'https://privacynotice.account.microsoft.com/' did not appear
INFO:root:update security info window did not appear
INFO:root:privacy notice page 'https://privacynotice.account.microsoft.com/' did not appear
INFO:root:Upsell page 'https://account.live.com/apps/upsell?' did not appear
INFO:root:stay signed in window appeared and was completed
INFO:root:second privacy notice page 'https://privacynotice.account.microsoft.com/' did not appear
INFO:root:login function completed for agapc13@activegamers.com.au
INFO:root:main account page loaded
INFO:root:loading billing cancellation page
INFO:root:sleeping for 10 seconds
INFO:root:billing cancellation page loaded
INFO:root:Cancel button clicked
INFO:root:Back to subscription' and 'resubscribe' button did not become presentand clickable. We will now send keystrokes for deactivation with refund.
INFO:root:Refund keystrokes have been sent
INFO:root:Cancel with refund keystrokes were sent but the back to sub and refund elements were not found. Something has gone wrong.
INFO:root:browser closed
INFO:root:Email sent at the end of the loop.
INFO:root:-----------------------------------------------------------------------------
INFO:root:Beginning deactivation of account agapc14@activegamers.com.au
INFO:root:driver initialized
INFO:root:begin login sequence
INFO:root:'sign in' button clicked
INFO:root:email field clickable
INFO:root:email string sent to email field
INFO:root:password field clickable
INFO:root:standard password string sent to pword field
INFO:root:second privacy notice page 'https://privacynotice.account.microsoft.com/' did not appear
INFO:root:update security info window did not appear
INFO:root:privacy notice page 'https://privacynotice.account.microsoft.com/' did not appear
INFO:root:Upsell page 'https://account.live.com/apps/upsell?' did not appear
INFO:root:stay signed in window appeared and was completed
INFO:root:second privacy notice page 'https://privacynotice.account.microsoft.com/' did not appear
INFO:root:login function completed for agapc14@activegamers.com.au
INFO:root:main account page loaded
INFO:root:loading billing cancellation page
INFO:root:sleeping for 10 seconds
INFO:root:billing cancellation page loaded
INFO:root:Cancel button clicked
INFO:root:Back to subscription' and 'resubscribe' button did not become presentand clickable. We will now send keystrokes for deactivation with refund.
INFO:root:Refund keystrokes have been sent
INFO:root:Cancel with refund keystrokes were sent but the back to sub and refund elements were not found. Something has gone wrong.
INFO:root:browser closed
INFO:root:Email sent at the end of the loop.
INFO:root:-----------------------------------------------------------------------------
INFO:root:Beginning deactivation of account agapc15@activegamers.com.au
INFO:root:driver initialized
INFO:root:begin login sequence
INFO:root:'sign in' button clicked
INFO:root:email field clickable
INFO:root:email string sent to email field
INFO:root:password field clickable
INFO:root:standard password string sent to pword field
INFO:root:second privacy notice page 'https://privacynotice.account.microsoft.com/' did not appear
INFO:root:update security info window did not appear
INFO:root:privacy notice page 'https://privacynotice.account.microsoft.com/' did not appear
INFO:root:Upsell page 'https://account.live.com/apps/upsell?' did not appear
INFO:root:stay signed in window appeared and was completed
INFO:root:second privacy notice page 'https://privacynotice.account.microsoft.com/' did not appear
INFO:root:login function completed for agapc15@activegamers.com.au
INFO:root:main account page loaded
INFO:root:loading billing cancellation page
INFO:root:sleeping for 10 seconds
INFO:root:billing cancellation page loaded
INFO:root:Cancel button clicked
INFO:root:Back to subscription' and 'resubscribe' button did not become presentand clickable. We will now send keystrokes for deactivation with refund.
INFO:root:Refund keystrokes have been sent
INFO:root:back to subscription' and 'refund' elements were located after refund keystrokes were sent. This account should be deactivated and refund issued
INFO:root:browser closed
INFO:root:Email sent at the end of the loop.
INFO:root:-----------------------------------------------------------------------------
INFO:root:Beginning deactivation of account agapc16@activegamers.com.au
INFO:root:driver initialized
INFO:root:begin login sequence
INFO:root:'sign in' button clicked
INFO:root:email field clickable
INFO:root:email string sent to email field
INFO:root:password field clickable
INFO:root:standard password string sent to pword field
INFO:root:second privacy notice page 'https://privacynotice.account.microsoft.com/' did not appear
INFO:root:update security info window did not appear
INFO:root:privacy notice page 'https://privacynotice.account.microsoft.com/' did not appear
INFO:root:Upsell page 'https://account.live.com/apps/upsell?' did not appear
INFO:root:stay signed in window appeared and was completed
INFO:root:second privacy notice page 'https://privacynotice.account.microsoft.com/' did not appear
INFO:root:login function completed for agapc16@activegamers.com.au
INFO:root:main account page loaded
INFO:root:loading billing cancellation page
INFO:root:sleeping for 10 seconds
INFO:root:billing cancellation page loaded
INFO:root:Cancel button clicked
INFO:root:Back to subscription' and 'resubscribe' button did not become presentand clickable. We will now send keystrokes for deactivation with refund.
INFO:root:Refund keystrokes have been sent
INFO:root:Cancel with refund keystrokes were sent but the back to sub and refund elements were not found. Something has gone wrong.
INFO:root:browser closed
INFO:root:Email sent at the end of the loop.
INFO:root:-----------------------------------------------------------------------------
INFO:root:Beginning deactivation of account agapc17@activegamers.com.au
INFO:root:driver initialized
INFO:root:begin login sequence
INFO:root:'sign in' button clicked
INFO:root:email field clickable
INFO:root:email string sent to email field
INFO:root:password field clickable
INFO:root:standard password string sent to pword field
INFO:root:second privacy notice page 'https://privacynotice.account.microsoft.com/' did not appear
INFO:root:update security info window did not appear
INFO:root:privacy notice page 'https://privacynotice.account.microsoft.com/' did not appear
INFO:root:Upsell page 'https://account.live.com/apps/upsell?' did not appear
INFO:root:stay signed in window appeared and was completed
INFO:root:second privacy notice page 'https://privacynotice.account.microsoft.com/' did not appear
INFO:root:login function completed for agapc17@activegamers.com.au
INFO:root:main account page loaded
INFO:root:loading billing cancellation page
INFO:root:sleeping for 10 seconds
INFO:root:Services page loaded instead of billing page. This indicates the account has no active subscriptions
INFO:root:Email sent at the end of the loop.
INFO:root:-----------------------------------------------------------------------------
INFO:root:Beginning deactivation of account agapc18@activegamers.com.au
INFO:root:driver initialized
INFO:root:begin login sequence
INFO:root:'sign in' button clicked
INFO:root:email field clickable
INFO:root:email string sent to email field
INFO:root:password field clickable
INFO:root:standard password string sent to pword field
INFO:root:second privacy notice page 'https://privacynotice.account.microsoft.com/' did not appear
INFO:root:update security info window did not appear
INFO:root:privacy notice page 'https://privacynotice.account.microsoft.com/' did not appear
INFO:root:Upsell page 'https://account.live.com/apps/upsell?' did not appear
INFO:root:stay signed in window appeared and was completed
INFO:root:second privacy notice page 'https://privacynotice.account.microsoft.com/' did not appear
INFO:root:login function completed for agapc18@activegamers.com.au
INFO:root:main account page loaded
INFO:root:loading billing cancellation page
INFO:root:sleeping for 10 seconds
INFO:root:billing cancellation page loaded
INFO:root:Cancel button clicked
INFO:root:Back to subscription' and 'resubscribe' button did not become presentand clickable. We will now send keystrokes for deactivation with refund.
INFO:root:Refund keystrokes have been sent
INFO:root:back to subscription' and 'refund' elements were located after refund keystrokes were sent. This account should be deactivated and refund issued
INFO:root:browser closed
INFO:root:Email sent at the end of the loop.
INFO:root:-----------------------------------------------------------------------------
INFO:root:Beginning deactivation of account agapc19@activegamers.com.au
INFO:root:driver initialized
INFO:root:begin login sequence
INFO:root:'sign in' button clicked
INFO:root:email field clickable
INFO:root:email string sent to email field
INFO:root:password field clickable
INFO:root:standard password string sent to pword field
INFO:root:second privacy notice page 'https://privacynotice.account.microsoft.com/' did not appear
INFO:root:update security info window did not appear
INFO:root:privacy notice page 'https://privacynotice.account.microsoft.com/' did not appear
INFO:root:Upsell page 'https://account.live.com/apps/upsell?' did not appear
INFO:root:stay signed in window appeared and was completed
INFO:root:second privacy notice page 'https://privacynotice.account.microsoft.com/' did not appear
INFO:root:login function completed for agapc19@activegamers.com.au
INFO:root:main account page loaded
INFO:root:loading billing cancellation page
INFO:root:sleeping for 10 seconds
INFO:root:billing cancellation page loaded
INFO:root:Cancel button clicked
INFO:root:Back to subscription' and 'resubscribe' button did not become presentand clickable. We will now send keystrokes for deactivation with refund.
INFO:root:Refund keystrokes have been sent
INFO:root:back to subscription' and 'refund' elements were located after refund keystrokes were sent. This account should be deactivated and refund issued
INFO:root:browser closed
INFO:root:Email sent at the end of the loop.
INFO:root:-----------------------------------------------------------------------------
INFO:root:Beginning deactivation of account agapc20@activegamers.com.au
INFO:root:driver initialized
INFO:root:begin login sequence
INFO:root:'sign in' button clicked
INFO:root:email field clickable
INFO:root:email string sent to email field
INFO:root:password field clickable
INFO:root:standard password string sent to pword field
INFO:root:second privacy notice page 'https://privacynotice.account.microsoft.com/' did not appear
INFO:root:update security info window did not appear
INFO:root:privacy notice page 'https://privacynotice.account.microsoft.com/' did not appear
INFO:root:Upsell page 'https://account.live.com/apps/upsell?' did not appear
INFO:root:stay signed in window appeared and was completed
INFO:root:second privacy notice page 'https://privacynotice.account.microsoft.com/' did not appear
INFO:root:login function completed for agapc20@activegamers.com.au
INFO:root:main account page loaded
INFO:root:loading billing cancellation page
INFO:root:sleeping for 10 seconds
INFO:root:billing cancellation page loaded
INFO:root:Cancel button clicked
INFO:root:Back to subscription' and 'resubscribe' button did not become presentand clickable. We will now send keystrokes for deactivation with refund.
INFO:root:Refund keystrokes have been sent
INFO:root:back to subscription' and 'refund' elements were located after refund keystrokes were sent. This account should be deactivated and refund issued
INFO:root:browser closed
INFO:root:Email sent at the end of the loop.
INFO:root:-----------------------------------------------------------------------------
INFO:root:Beginning deactivation of account agapc21@activegamers.com.au
INFO:root:driver initialized
INFO:root:begin login sequence
INFO:root:'sign in' button clicked
INFO:root:email field clickable
INFO:root:email string sent to email field
INFO:root:password field clickable
INFO:root:standard password string sent to pword field
INFO:root:second privacy notice page 'https://privacynotice.account.microsoft.com/' did not appear
INFO:root:update security info window did not appear
INFO:root:privacy notice page 'https://privacynotice.account.microsoft.com/' did not appear
INFO:root:Upsell page 'https://account.live.com/apps/upsell?' did not appear
INFO:root:stay signed in window appeared and was completed
INFO:root:second privacy notice page 'https://privacynotice.account.microsoft.com/' did not appear
INFO:root:login function completed for agapc21@activegamers.com.au
INFO:root:main account page loaded
INFO:root:loading billing cancellation page
INFO:root:sleeping for 10 seconds
INFO:root:billing cancellation page loaded
INFO:root:Cancel button clicked
INFO:root:Back to subscription' and 'resubscribe' button did not become presentand clickable. We will now send keystrokes for deactivation with refund.
INFO:root:Refund keystrokes have been sent
INFO:root:back to subscription' and 'refund' elements were located after refund keystrokes were sent. This account should be deactivated and refund issued
INFO:root:browser closed
INFO:root:Email sent at the end of the loop.
INFO:root:-----------------------------------------------------------------------------
INFO:root:Beginning deactivation of account agapc22@activegamers.com.au
INFO:root:driver initialized
INFO:root:begin login sequence
INFO:root:'sign in' button clicked
INFO:root:email field clickable
INFO:root:email string sent to email field
INFO:root:password field clickable
INFO:root:standard password string sent to pword field
INFO:root:second privacy notice page 'https://privacynotice.account.microsoft.com/' did not appear
INFO:root:update security info window did not appear
INFO:root:privacy notice page 'https://privacynotice.account.microsoft.com/' did not appear
INFO:root:Upsell page 'https://account.live.com/apps/upsell?' did not appear
INFO:root:stay signed in window appeared and was completed
INFO:root:second privacy notice page 'https://privacynotice.account.microsoft.com/' did not appear
INFO:root:login function completed for agapc22@activegamers.com.au
INFO:root:main account page loaded
INFO:root:loading billing cancellation page
INFO:root:sleeping for 10 seconds
INFO:root:billing cancellation page loaded
INFO:root:Cancel button clicked
INFO:root:Back to subscription' and 'resubscribe' button did not become presentand clickable. We will now send keystrokes for deactivation with refund.
INFO:root:Refund keystrokes have been sent
INFO:root:back to subscription' and 'refund' elements were located after refund keystrokes were sent. This account should be deactivated and refund issued
INFO:root:browser closed
INFO:root:Email sent at the end of the loop.
INFO:root:-----------------------------------------------------------------------------
INFO:root:Beginning deactivation of account agapc23@activegamers.com.au
INFO:root:driver initialized
INFO:root:begin login sequence
INFO:root:'sign in' button clicked
INFO:root:email field clickable
INFO:root:email string sent to email field
INFO:root:password field clickable
INFO:root:standard password string sent to pword field
INFO:root:second privacy notice page 'https://privacynotice.account.microsoft.com/' did not appear
INFO:root:update security info window did not appear
INFO:root:privacy notice page 'https://privacynotice.account.microsoft.com/' did not appear
INFO:root:Upsell page 'https://account.live.com/apps/upsell?' did not appear
INFO:root:stay signed in window appeared and was completed
INFO:root:second privacy notice page 'https://privacynotice.account.microsoft.com/' did not appear
INFO:root:login function completed for agapc23@activegamers.com.au
INFO:root:main account page loaded
INFO:root:loading billing cancellation page
INFO:root:sleeping for 10 seconds
INFO:root:billing cancellation page loaded
INFO:root:Cancel button clicked
INFO:root:Back to subscription' and 'resubscribe' button did not become presentand clickable. We will now send keystrokes for deactivation with refund.
INFO:root:Refund keystrokes have been sent
INFO:root:back to subscription' and 'refund' elements were located after refund keystrokes were sent. This account should be deactivated and refund issued
INFO:root:browser closed
INFO:root:Email sent at the end of the loop.
INFO:root:-----------------------------------------------------------------------------
INFO:root:Beginning deactivation of account agapc24@activegamers.com.au
INFO:root:driver initialized
INFO:root:begin login sequence
INFO:root:'sign in' button clicked
INFO:root:email field clickable
INFO:root:email string sent to email field
INFO:root:password field clickable
INFO:root:standard password string sent to pword field
INFO:root:second privacy notice page 'https://privacynotice.account.microsoft.com/' did not appear
INFO:root:update security info window did not appear
INFO:root:privacy notice page 'https://privacynotice.account.microsoft.com/' did not appear
INFO:root:Upsell page 'https://account.live.com/apps/upsell?' did not appear
INFO:root:stay signed in window appeared and was completed
INFO:root:second privacy notice page 'https://privacynotice.account.microsoft.com/' did not appear
INFO:root:login function completed for agapc24@activegamers.com.au
INFO:root:main account page loaded
INFO:root:loading billing cancellation page
INFO:root:sleeping for 10 seconds
INFO:root:billing cancellation page loaded
INFO:root:Cancel button clicked
INFO:root:Back to subscription' and 'resubscribe' button did not become presentand clickable. We will now send keystrokes for deactivation with refund.
INFO:root:Refund keystrokes have been sent
INFO:root:back to subscription' and 'refund' elements were located after refund keystrokes were sent. This account should be deactivated and refund issued
INFO:root:browser closed
INFO:root:Email sent at the end of the loop.
INFO:root:-----------------------------------------------------------------------------
INFO:root:define base email and password finished
INFO:root:Reactivate loop initiated
INFO:root:Beginning reactivation of account aga168@activegamers.com.au
INFO:root:driver initialized
INFO:root:begin login sequence
INFO:root:'sign in' button clicked
INFO:root:email field clickable
INFO:root:email string sent to email field
INFO:root:password field clickable
INFO:root:standard password string sent to pword field
INFO:root:second privacy notice page 'https://privacynotice.account.microsoft.com/' did not appear
INFO:root:update security info window did not appear
INFO:root:privacy notice page 'https://privacynotice.account.microsoft.com/' did not appear
INFO:root:Upsell page 'https://account.live.com/apps/upsell?' did not appear
INFO:root:stay signed in window appeared and was completed
INFO:root:second privacy notice page 'https://privacynotice.account.microsoft.com/' did not appear
INFO:root:login function completed for aga168@activegamers.com.au
INFO:root:buy gamepass as a gift button is present and clickable
INFO:root:enter key pressed on buy gamepass as a gift button
INFO:root:tilelist_field is present and clickable
INFO:root:enter key pressed
INFO:root:stay signed in window did not appear
INFO:root:Join button did not become present and clickable
INFO:root:-----------------------------------------------------------------------------
INFO:root:Beginning reactivation of account aga169@activegamers.com.au
INFO:root:driver initialized
INFO:root:begin login sequence
INFO:root:'sign in' button clicked
INFO:root:email field clickable
INFO:root:email string sent to email field
INFO:root:password field clickable
INFO:root:standard password string sent to pword field
INFO:root:second privacy notice page 'https://privacynotice.account.microsoft.com/' did not appear
INFO:root:update security info window did not appear
INFO:root:privacy notice page 'https://privacynotice.account.microsoft.com/' did not appear
INFO:root:Upsell page 'https://account.live.com/apps/upsell?' did not appear
INFO:root:stay signed in window appeared and was completed
INFO:root:second privacy notice page 'https://privacynotice.account.microsoft.com/' did not appear
INFO:root:login function completed for aga169@activegamers.com.au
INFO:root:buy gamepass as a gift button is present and clickable
INFO:root:enter key pressed on buy gamepass as a gift button
INFO:root:tilelist_field is present and clickable
INFO:root:enter key pressed
INFO:root:stay signed in window did not appear
INFO:root:Join button did not become present and clickable
INFO:root:-----------------------------------------------------------------------------
INFO:root:Beginning reactivation of account aga170@activegamers.com.au
INFO:root:driver initialized
INFO:root:begin login sequence
INFO:root:'sign in' button clicked
INFO:root:email field clickable
INFO:root:email string sent to email field
INFO:root:password field clickable
INFO:root:standard password string sent to pword field
INFO:root:second privacy notice page 'https://privacynotice.account.microsoft.com/' did not appear
INFO:root:update security info window did not appear
INFO:root:privacy notice page 'https://privacynotice.account.microsoft.com/' did not appear
INFO:root:Upsell page 'https://account.live.com/apps/upsell?' did not appear
INFO:root:stay signed in window appeared and was completed
INFO:root:second privacy notice page 'https://privacynotice.account.microsoft.com/' did not appear
INFO:root:login function completed for aga170@activegamers.com.au
INFO:root:buy gamepass as a gift button is present and clickable
INFO:root:enter key pressed on buy gamepass as a gift button
INFO:root:tilelist_field is present and clickable
INFO:root:enter key pressed
INFO:root:stay signed in window did not appear
INFO:root:Join button did not become present and clickable
INFO:root:-----------------------------------------------------------------------------
INFO:root:Beginning reactivation of account aga171@activegamers.com.au
INFO:root:driver initialized
INFO:root:begin login sequence
INFO:root:'sign in' button clicked
INFO:root:email field clickable
INFO:root:email string sent to email field
INFO:root:password field clickable
INFO:root:standard password string sent to pword field
INFO:root:second privacy notice page 'https://privacynotice.account.microsoft.com/' did not appear
INFO:root:update security info window did not appear
INFO:root:privacy notice page 'https://privacynotice.account.microsoft.com/' did not appear
INFO:root:Upsell page 'https://account.live.com/apps/upsell?' did not appear
INFO:root:stay signed in window appeared and was completed
INFO:root:second privacy notice page 'https://privacynotice.account.microsoft.com/' did not appear
INFO:root:login function completed for aga171@activegamers.com.au
INFO:root:buy gamepass as a gift button is present and clickable
INFO:root:enter key pressed on buy gamepass as a gift button
INFO:root:tilelist_field is present and clickable
INFO:root:enter key pressed
INFO:root:stay signed in window did not appear
INFO:root:Join button did not become present and clickable
INFO:root:-----------------------------------------------------------------------------
INFO:root:Beginning reactivation of account aga172@activegamers.com.au
INFO:root:driver initialized
INFO:root:begin login sequence
INFO:root:'sign in' button clicked
INFO:root:email field clickable
INFO:root:email string sent to email field
INFO:root:password field clickable
INFO:root:standard password string sent to pword field
INFO:root:second privacy notice page 'https://privacynotice.account.microsoft.com/' did not appear
INFO:root:update security info window did not appear
INFO:root:privacy notice page 'https://privacynotice.account.microsoft.com/' did not appear
INFO:root:Upsell page 'https://account.live.com/apps/upsell?' did not appear
INFO:root:stay signed in window appeared and was completed
INFO:root:second privacy notice page 'https://privacynotice.account.microsoft.com/' did not appear
INFO:root:login function completed for aga172@activegamers.com.au
INFO:root:buy gamepass as a gift button is present and clickable
INFO:root:enter key pressed on buy gamepass as a gift button
INFO:root:tilelist_field is present and clickable
INFO:root:enter key pressed
INFO:root:stay signed in window did not appear
INFO:root:Join button did not become present and clickable
INFO:root:-----------------------------------------------------------------------------
INFO:root:Beginning reactivation of account aga173@activegamers.com.au
INFO:root:driver initialized
INFO:root:begin login sequence
INFO:root:'sign in' button clicked
INFO:root:email field clickable
INFO:root:email string sent to email field
INFO:root:password field clickable
INFO:root:standard password string sent to pword field
INFO:root:second privacy notice page 'https://privacynotice.account.microsoft.com/' did not appear
INFO:root:update security info window did not appear
INFO:root:privacy notice page 'https://privacynotice.account.microsoft.com/' did not appear
INFO:root:Upsell page 'https://account.live.com/apps/upsell?' did not appear
INFO:root:stay signed in window appeared and was completed
INFO:root:second privacy notice page 'https://privacynotice.account.microsoft.com/' did not appear
INFO:root:login function completed for aga173@activegamers.com.au
INFO:root:buy gamepass as a gift button is present and clickable
INFO:root:enter key pressed on buy gamepass as a gift button
INFO:root:tilelist_field is present and clickable
INFO:root:enter key pressed
INFO:root:stay signed in window did not appear
INFO:root:Join button did not become present and clickable
INFO:root:-----------------------------------------------------------------------------
INFO:root:Beginning reactivation of account aga174@activegamers.com.au
INFO:root:driver initialized
INFO:root:begin login sequence
INFO:root:'sign in' button clicked
INFO:root:email field clickable
INFO:root:email string sent to email field
INFO:root:define base email and password finished
INFO:root:Deactivate loop initiated
INFO:root:Beginning deactivation of account aga175@activegamers.com.au
INFO:root:driver initialized
INFO:root:begin login sequence
INFO:root:'sign in' button clicked
INFO:root:email field clickable
INFO:root:email string sent to email field
INFO:root:password field clickable
INFO:root:standard password string sent to pword field
INFO:root:define base email and password finished
INFO:root:Deactivate loop initiated
INFO:root:Beginning deactivation of account aga176@activegamers.com.au
INFO:root:driver initialized
INFO:root:begin login sequence
INFO:root:'sign in' button clicked
INFO:root:email field clickable
INFO:root:email string sent to email field
INFO:root:password field clickable
INFO:root:standard password string sent to pword field
INFO:root:second privacy notice page 'https://privacynotice.account.microsoft.com/' did not appear
INFO:root:update security info window did not appear
