INFO:root:define base email and password finished
INFO:root:Reactivate loop initiated
INFO:root:Beginning reactivation of account aga10@activegamers.com.au
INFO:root:driver initialized
INFO:root:begin login sequence
INFO:root:'sign in' button clicked
INFO:root:email field clickable
INFO:root:email string sent to email field
INFO:root:password field clickable
INFO:root:standard password string sent to pword field
INFO:root:second privacy notice page 'https://privacynotice.account.microsoft.com/' did not appear
INFO:root:update security info window did not appear
INFO:root:privacy notice page 'https://privacynotice.account.microsoft.com/' did not appear
INFO:root:Upsell page 'https://account.live.com/apps/upsell?' did not appear
INFO:root:stay signed in window appeared and was completed
INFO:root:second privacy notice page 'https://privacynotice.account.microsoft.com/' did not appear
INFO:root:login function completed for aga10@activegamers.com.au
INFO:root:buy gamepass as a gift button is present and clickable
INFO:root:enter key pressed on buy gamepass as a gift button
INFO:root:Element with ID 'tileist' did not become present and clickable
INFO:root:-----------------------------------------------------------------------------
INFO:root:Beginning reactivation of account aga11@activegamers.com.au
INFO:root:driver initialized
INFO:root:begin login sequence
INFO:root:'sign in' button clicked
INFO:root:email field clickable
INFO:root:email string sent to email field
INFO:root:password field clickable
INFO:root:account is on the alternate password list
INFO:root:alternate password string sent to password field
INFO:root:second privacy notice page 'https://privacynotice.account.microsoft.com/' did not appear
INFO:root:update security info window did not appear
INFO:root:privacy notice page 'https://privacynotice.account.microsoft.com/' did not appear
INFO:root:Upsell page 'https://account.live.com/apps/upsell?' did not appear
INFO:root:stay signed in window appeared and was completed
INFO:root:second privacy notice page 'https://privacynotice.account.microsoft.com/' did not appear
INFO:root:login function completed for aga11@activegamers.com.au
INFO:root:buy gamepass as a gift button is present and clickable
INFO:root:enter key pressed on buy gamepass as a gift button
INFO:root:tilelist_field is present and clickable
INFO:root:enter key pressed
INFO:root:stay signed in window did not appear
INFO:root:join button is present and clickable
INFO:root:sleeping for 10 seconds to allows the subscribe modal to load
INFO:root:Icon clicked successfully!
INFO:root:Account reactivation is complete for account aga11@activegamers.com.au
INFO:root:Email sent at the end of the loop.
INFO:root:-----------------------------------------------------------------------------
INFO:root:Beginning reactivation of account aga12@activegamers.com.au
INFO:root:driver initialized
INFO:root:begin login sequence
INFO:root:'sign in' button clicked
INFO:root:email field clickable
INFO:root:email string sent to email field
INFO:root:password field clickable
INFO:root:standard password string sent to pword field
INFO:root:second privacy notice page 'https://privacynotice.account.microsoft.com/' did not appear
INFO:root:update security info window did not appear
INFO:root:privacy notice page 'https://privacynotice.account.microsoft.com/' did not appear
INFO:root:Upsell page 'https://account.live.com/apps/upsell?' did not appear
INFO:root:stay signed in window appeared and was completed
INFO:root:second privacy notice page 'https://privacynotice.account.microsoft.com/' did not appear
INFO:root:login function completed for aga12@activegamers.com.au
INFO:root:buy gamepass as a gift button is present and clickable
INFO:root:enter key pressed on buy gamepass as a gift button
INFO:root:tilelist_field is present and clickable
INFO:root:enter key pressed
INFO:root:stay signed in window did not appear
INFO:root:join button is present and clickable
INFO:root:sleeping for 10 seconds to allows the subscribe modal to load
INFO:root:Icon clicked successfully!
INFO:root:Account reactivation is complete for account aga12@activegamers.com.au
INFO:root:Email sent at the end of the loop.
INFO:root:-----------------------------------------------------------------------------
INFO:root:Beginning reactivation of account aga13@activegamers.com.au
INFO:root:driver initialized
INFO:root:begin login sequence
INFO:root:'sign in' button clicked
INFO:root:email field clickable
INFO:root:email string sent to email field
INFO:root:password field clickable
INFO:root:standard password string sent to pword field
INFO:root:second privacy notice page 'https://privacynotice.account.microsoft.com/' did not appear
INFO:root:update security info window did not appear
INFO:root:privacy notice page 'https://privacynotice.account.microsoft.com/' did not appear
INFO:root:Upsell page 'https://account.live.com/apps/upsell?' did not appear
INFO:root:stay signed in window appeared and was completed
INFO:root:second privacy notice page 'https://privacynotice.account.microsoft.com/' did not appear
INFO:root:login function completed for aga13@activegamers.com.au
INFO:root:buy gamepass as a gift button is present and clickable
INFO:root:enter key pressed on buy gamepass as a gift button
INFO:root:tilelist_field is present and clickable
INFO:root:enter key pressed
INFO:root:stay signed in window did not appear
INFO:root:Join button did not become present and clickable
INFO:root:-----------------------------------------------------------------------------
INFO:root:Beginning reactivation of account aga14@activegamers.com.au
INFO:root:driver initialized
INFO:root:begin login sequence
INFO:root:define base email and password finished
INFO:root:Reactivate loop initiated
INFO:root:Beginning reactivation of account aga1@activegamers.com.au
INFO:root:driver initialized
INFO:root:begin login sequence
INFO:root:'sign in' button clicked
INFO:root:email field clickable
INFO:root:email string sent to email field
INFO:root:password field clickable
INFO:root:define base email and password finished
INFO:root:Reactivate loop initiated
INFO:root:Beginning reactivation of account aga11@activegamers.com.au
INFO:root:driver initialized
INFO:root:begin login sequence
INFO:root:'sign in' button clicked
INFO:root:email field clickable
INFO:root:email string sent to email field
INFO:root:password field clickable
INFO:root:account is on the alternate password list
INFO:root:alternate password string sent to password field
INFO:root:second privacy notice page 'https://privacynotice.account.microsoft.com/' did not appear
INFO:root:update security info window did not appear
INFO:root:privacy notice page 'https://privacynotice.account.microsoft.com/' did not appear
INFO:root:Upsell page 'https://account.live.com/apps/upsell?' did not appear
INFO:root:stay signed in window appeared and was completed
INFO:root:second privacy notice page 'https://privacynotice.account.microsoft.com/' did not appear
INFO:root:login function completed for aga11@activegamers.com.au
INFO:root:buy gamepass as a gift button is present and clickable
INFO:root:enter key pressed on buy gamepass as a gift button
INFO:root:tilelist_field is present and clickable
INFO:root:enter key pressed
INFO:root:stay signed in window did not appear
INFO:root:Join button did not become present and clickable
INFO:root:-----------------------------------------------------------------------------
INFO:root:Beginning reactivation of account aga12@activegamers.com.au
INFO:root:driver initialized
INFO:root:begin login sequence
INFO:root:'sign in' button clicked
INFO:root:email field clickable
INFO:root:email string sent to email field
INFO:root:password field clickable
INFO:root:standard password string sent to pword field
INFO:root:second privacy notice page 'https://privacynotice.account.microsoft.com/' did not appear
INFO:root:update security info window did not appear
INFO:root:privacy notice page 'https://privacynotice.account.microsoft.com/' did not appear
INFO:root:Upsell page 'https://account.live.com/apps/upsell?' did not appear
INFO:root:stay signed in window appeared and was completed
INFO:root:second privacy notice page 'https://privacynotice.account.microsoft.com/' did not appear
INFO:root:login function completed for aga12@activegamers.com.au
INFO:root:define base email and password finished
INFO:root:Reactivate loop initiated
INFO:root:Beginning reactivation of account aga12@activegamers.com.au
INFO:root:driver initialized
INFO:root:begin login sequence
INFO:root:'sign in' button clicked
INFO:root:email field clickable
INFO:root:email string sent to email field
INFO:root:password field clickable
INFO:root:standard password string sent to pword field
INFO:root:second privacy notice page 'https://privacynotice.account.microsoft.com/' did not appear
INFO:root:update security info window did not appear
INFO:root:privacy notice page 'https://privacynotice.account.microsoft.com/' did not appear
INFO:root:Upsell page 'https://account.live.com/apps/upsell?' did not appear
INFO:root:stay signed in window appeared and was completed
INFO:root:second privacy notice page 'https://privacynotice.account.microsoft.com/' did not appear
INFO:root:login function completed for aga12@activegamers.com.au
INFO:root:buy gamepass as a gift button is present and clickable
INFO:root:enter key pressed on buy gamepass as a gift button
INFO:root:Element with ID 'tileist' did not become present and clickable
INFO:root:-----------------------------------------------------------------------------
INFO:root:Beginning reactivation of account aga13@activegamers.com.au
INFO:root:driver initialized
INFO:root:begin login sequence
INFO:root:'sign in' button clicked
INFO:root:email field clickable
INFO:root:email string sent to email field
INFO:root:password field clickable
INFO:root:standard password string sent to pword field
INFO:root:second privacy notice page 'https://privacynotice.account.microsoft.com/' did not appear
INFO:root:update security info window did not appear
INFO:root:privacy notice page 'https://privacynotice.account.microsoft.com/' did not appear
INFO:root:Upsell page 'https://account.live.com/apps/upsell?' did not appear
INFO:root:stay signed in window appeared and was completed
INFO:root:second privacy notice page 'https://privacynotice.account.microsoft.com/' did not appear
INFO:root:login function completed for aga13@activegamers.com.au
INFO:root:buy gamepass as a gift button is present and clickable
INFO:root:define base email and password finished
INFO:root:Reactivate loop initiated
INFO:root:Beginning reactivation of account aga14@activegamers.com.au
INFO:root:driver initialized
INFO:root:begin login sequence
INFO:root:'sign in' button clicked
INFO:root:email field clickable
INFO:root:email string sent to email field
INFO:root:password field clickable
INFO:root:standard password string sent to pword field
INFO:root:second privacy notice page 'https://privacynotice.account.microsoft.com/' did not appear
INFO:root:update security info window did not appear
INFO:root:privacy notice page 'https://privacynotice.account.microsoft.com/' did not appear
INFO:root:Upsell page 'https://account.live.com/apps/upsell?' did not appear
INFO:root:stay signed in window appeared and was completed
INFO:root:second privacy notice page 'https://privacynotice.account.microsoft.com/' did not appear
INFO:root:login function completed for aga14@activegamers.com.au
INFO:root:buy gamepass as a gift button is present and clickable
INFO:root:enter key pressed on buy gamepass as a gift button
INFO:root:tilelist_field is present and clickable
INFO:root:enter key pressed
INFO:root:stay signed in window did not appear
INFO:root:join button is present and clickable
INFO:root:sleeping for 10 seconds to allows the subscribe modal to load
INFO:root:Icon clicked successfully!
INFO:root:Account reactivation is complete for account aga14@activegamers.com.au
INFO:root:Email sent at the end of the loop.
INFO:root:-----------------------------------------------------------------------------
INFO:root:Beginning reactivation of account aga15@activegamers.com.au
INFO:root:driver initialized
INFO:root:begin login sequence
INFO:root:'sign in' button clicked
INFO:root:email field clickable
INFO:root:email string sent to email field
INFO:root:password field clickable
INFO:root:standard password string sent to pword field
INFO:root:second privacy notice page 'https://privacynotice.account.microsoft.com/' did not appear
INFO:root:update security info window did not appear
INFO:root:privacy notice page 'https://privacynotice.account.microsoft.com/' did not appear
INFO:root:Upsell page 'https://account.live.com/apps/upsell?' did not appear
INFO:root:stay signed in window appeared and was completed
INFO:root:second privacy notice page 'https://privacynotice.account.microsoft.com/' did not appear
INFO:root:login function completed for aga15@activegamers.com.au
INFO:root:buy gamepass as a gift button is present and clickable
INFO:root:enter key pressed on buy gamepass as a gift button
INFO:root:tilelist_field is present and clickable
INFO:root:enter key pressed
INFO:root:stay signed in window did not appear
INFO:root:join button is present and clickable
INFO:root:sleeping for 10 seconds to allows the subscribe modal to load
INFO:root:Icon clicked successfully!
INFO:root:Account reactivation is complete for account aga15@activegamers.com.au
INFO:root:Email sent at the end of the loop.
INFO:root:-----------------------------------------------------------------------------
INFO:root:Beginning reactivation of account aga16@activegamers.com.au
INFO:root:driver initialized
INFO:root:begin login sequence
INFO:root:'sign in' button clicked
INFO:root:email field clickable
INFO:root:email string sent to email field
INFO:root:define base email and password finished
INFO:root:Reactivate loop initiated
INFO:root:Beginning reactivation of account aga17@activegamers.com.au
INFO:root:driver initialized
INFO:root:begin login sequence
INFO:root:'sign in' button clicked
INFO:root:email field clickable
INFO:root:email string sent to email field
INFO:root:password field clickable
INFO:root:standard password string sent to pword field
INFO:root:second privacy notice page 'https://privacynotice.account.microsoft.com/' did not appear
INFO:root:update security info window did not appear
INFO:root:privacy notice page 'https://privacynotice.account.microsoft.com/' did not appear
INFO:root:Upsell page 'https://account.live.com/apps/upsell?' did not appear
INFO:root:stay signed in window appeared and was completed
INFO:root:second privacy notice page 'https://privacynotice.account.microsoft.com/' did not appear
INFO:root:login function completed for aga17@activegamers.com.au
INFO:root:buy gamepass as a gift button is present and clickable
INFO:root:enter key pressed on buy gamepass as a gift button
INFO:root:tilelist_field is present and clickable
INFO:root:enter key pressed
INFO:root:stay signed in window did not appear
INFO:root:join button is present and clickable
INFO:root:sleeping for 10 seconds to allows the subscribe modal to load
INFO:root:Icon clicked successfully!
INFO:root:Account reactivation is complete for account aga17@activegamers.com.au
INFO:root:Email sent at the end of the loop.
INFO:root:-----------------------------------------------------------------------------
INFO:root:Beginning reactivation of account aga18@activegamers.com.au
INFO:root:driver initialized
INFO:root:begin login sequence
INFO:root:'sign in' button clicked
INFO:root:email field clickable
INFO:root:email string sent to email field
INFO:root:password field clickable
INFO:root:standard password string sent to pword field
INFO:root:second privacy notice page 'https://privacynotice.account.microsoft.com/' did not appear
INFO:root:update security info window did not appear
INFO:root:privacy notice page 'https://privacynotice.account.microsoft.com/' did not appear
INFO:root:Upsell page 'https://account.live.com/apps/upsell?' did not appear
INFO:root:stay signed in window appeared and was completed
INFO:root:second privacy notice page 'https://privacynotice.account.microsoft.com/' did not appear
INFO:root:login function completed for aga18@activegamers.com.au
INFO:root:buy gamepass as a gift button is present and clickable
INFO:root:enter key pressed on buy gamepass as a gift button
INFO:root:tilelist_field is present and clickable
INFO:root:enter key pressed
INFO:root:stay signed in window did not appear
INFO:root:join button is present and clickable
INFO:root:sleeping for 10 seconds to allows the subscribe modal to load
INFO:root:Icon clicked successfully!
INFO:root:Account reactivation is complete for account aga18@activegamers.com.au
INFO:root:Email sent at the end of the loop.
INFO:root:-----------------------------------------------------------------------------
INFO:root:Beginning reactivation of account aga19@activegamers.com.au
INFO:root:driver initialized
INFO:root:begin login sequence
INFO:root:'sign in' button clicked
INFO:root:email field clickable
INFO:root:email string sent to email field
INFO:root:password field clickable
INFO:root:standard password string sent to pword field
INFO:root:second privacy notice page 'https://privacynotice.account.microsoft.com/' did not appear
INFO:root:update security info window did not appear
INFO:root:privacy notice page 'https://privacynotice.account.microsoft.com/' did not appear
INFO:root:Upsell page 'https://account.live.com/apps/upsell?' did not appear
INFO:root:stay signed in window appeared and was completed
INFO:root:second privacy notice page 'https://privacynotice.account.microsoft.com/' did not appear
INFO:root:login function completed for aga19@activegamers.com.au
INFO:root:buy gamepass as a gift button is present and clickable
INFO:root:enter key pressed on buy gamepass as a gift button
INFO:root:tilelist_field is present and clickable
INFO:root:enter key pressed
INFO:root:stay signed in window did not appear
INFO:root:join button is present and clickable
INFO:root:sleeping for 10 seconds to allows the subscribe modal to load
INFO:root:Icon clicked successfully!
INFO:root:Account reactivation is complete for account aga19@activegamers.com.au
INFO:root:Email sent at the end of the loop.
INFO:root:-----------------------------------------------------------------------------
INFO:root:Beginning reactivation of account aga20@activegamers.com.au
INFO:root:driver initialized
INFO:root:begin login sequence
INFO:root:'sign in' button clicked
INFO:root:email field clickable
INFO:root:email string sent to email field
INFO:root:password field clickable
INFO:root:standard password string sent to pword field
INFO:root:second privacy notice page 'https://privacynotice.account.microsoft.com/' did not appear
INFO:root:update security info window did not appear
INFO:root:privacy notice page 'https://privacynotice.account.microsoft.com/' did not appear
INFO:root:Upsell page 'https://account.live.com/apps/upsell?' did not appear
INFO:root:stay signed in window appeared and was completed
INFO:root:second privacy notice page 'https://privacynotice.account.microsoft.com/' did not appear
INFO:root:login function completed for aga20@activegamers.com.au
INFO:root:buy gamepass as a gift button is present and clickable
INFO:root:enter key pressed on buy gamepass as a gift button
INFO:root:tilelist_field is present and clickable
INFO:root:enter key pressed
INFO:root:stay signed in window did not appear
INFO:root:join button is present and clickable
INFO:root:sleeping for 10 seconds to allows the subscribe modal to load
INFO:root:Icon clicked successfully!
INFO:root:Account reactivation is complete for account aga20@activegamers.com.au
INFO:root:Email sent at the end of the loop.
INFO:root:-----------------------------------------------------------------------------
INFO:root:Beginning reactivation of account aga21@activegamers.com.au
INFO:root:driver initialized
INFO:root:begin login sequence
INFO:root:'sign in' button clicked
INFO:root:email field clickable
INFO:root:email string sent to email field
INFO:root:password field clickable
INFO:root:standard password string sent to pword field
INFO:root:second privacy notice page 'https://privacynotice.account.microsoft.com/' did not appear
INFO:root:update security info window did not appear
INFO:root:Waiting to see if privacy notice page appears
INFO:root:privacy notice page 'https://privacynotice.account.microsoft.com/' appeared and was bypassed
INFO:root:Upsell page 'https://account.live.com/apps/upsell?' did not appear
INFO:root:stay signed in window did not appear
INFO:root:second privacy notice page 'https://privacynotice.account.microsoft.com/' did not appear
INFO:root:login function completed for aga21@activegamers.com.au
INFO:root:buy gamepass as a gift button is present and clickable
INFO:root:enter key pressed on buy gamepass as a gift button
INFO:root:tilelist_field is present and clickable
INFO:root:enter key pressed
INFO:root:stay signed in window appeared and was completed
INFO:root:join button is present and clickable
INFO:root:sleeping for 10 seconds to allows the subscribe modal to load
INFO:root:Icon clicked successfully!
INFO:root:Account reactivation is complete for account aga21@activegamers.com.au
INFO:root:Email sent at the end of the loop.
INFO:root:-----------------------------------------------------------------------------
INFO:root:Beginning reactivation of account aga22@activegamers.com.au
INFO:root:driver initialized
INFO:root:begin login sequence
INFO:root:'sign in' button clicked
INFO:root:email field clickable
INFO:root:email string sent to email field
INFO:root:password field clickable
INFO:root:account is on the alternate password list
INFO:root:alternate password string sent to password field
INFO:root:second privacy notice page 'https://privacynotice.account.microsoft.com/' did not appear
INFO:root:update security info window did not appear
INFO:root:privacy notice page 'https://privacynotice.account.microsoft.com/' did not appear
INFO:root:Upsell page 'https://account.live.com/apps/upsell?' did not appear
INFO:root:stay signed in window appeared and was completed
INFO:root:second privacy notice page 'https://privacynotice.account.microsoft.com/' did not appear
INFO:root:login function completed for aga22@activegamers.com.au
INFO:root:buy gamepass as a gift button is present and clickable
INFO:root:enter key pressed on buy gamepass as a gift button
INFO:root:Element with ID 'tileist' did not become present and clickable
INFO:root:-----------------------------------------------------------------------------
INFO:root:Beginning reactivation of account aga23@activegamers.com.au
INFO:root:driver initialized
INFO:root:begin login sequence
INFO:root:'sign in' button clicked
INFO:root:email field clickable
INFO:root:email string sent to email field
INFO:root:password field clickable
INFO:root:standard password string sent to pword field
INFO:root:second privacy notice page 'https://privacynotice.account.microsoft.com/' did not appear
INFO:root:update security info window did not appear
INFO:root:Waiting to see if privacy notice page appears
INFO:root:privacy notice page 'https://privacynotice.account.microsoft.com/' appeared and was bypassed
INFO:root:Upsell page 'https://account.live.com/apps/upsell?' did not appear
INFO:root:stay signed in window did not appear
INFO:root:second privacy notice page 'https://privacynotice.account.microsoft.com/' did not appear
INFO:root:login function completed for aga23@activegamers.com.au
INFO:root:buy gamepass as a gift button is present and clickable
INFO:root:define base email and password finished
INFO:root:Reactivate loop initiated
INFO:root:Beginning reactivation of account aga23@activegamers.com.au
INFO:root:driver initialized
INFO:root:begin login sequence
INFO:root:'sign in' button clicked
INFO:root:email field clickable
INFO:root:email string sent to email field
INFO:root:password field clickable
INFO:root:standard password string sent to pword field
INFO:root:second privacy notice page 'https://privacynotice.account.microsoft.com/' did not appear
INFO:root:update security info window did not appear
INFO:root:Waiting to see if privacy notice page appears
INFO:root:privacy notice page 'https://privacynotice.account.microsoft.com/' appeared and was bypassed
INFO:root:Upsell page 'https://account.live.com/apps/upsell?' did not appear
INFO:root:stay signed in window did not appear
INFO:root:second privacy notice page 'https://privacynotice.account.microsoft.com/' did not appear
INFO:root:login function completed for aga23@activegamers.com.au
INFO:root:buy gamepass as a gift button is present and clickable
INFO:root:enter key pressed on buy gamepass as a gift button
INFO:root:tilelist_field is present and clickable
INFO:root:enter key pressed
INFO:root:stay signed in window appeared and was completed
INFO:root:join button is present and clickable
INFO:root:sleeping for 10 seconds to allows the subscribe modal to load
INFO:root:Icon clicked successfully!
INFO:root:Account reactivation is complete for account aga23@activegamers.com.au
INFO:root:Email sent at the end of the loop.
INFO:root:-----------------------------------------------------------------------------
INFO:root:Beginning reactivation of account aga24@activegamers.com.au
INFO:root:driver initialized
INFO:root:begin login sequence
INFO:root:'sign in' button clicked
INFO:root:email field clickable
INFO:root:email string sent to email field
INFO:root:password field clickable
INFO:root:standard password string sent to pword field
INFO:root:second privacy notice page 'https://privacynotice.account.microsoft.com/' did not appear
INFO:root:update security info window did not appear
INFO:root:privacy notice page 'https://privacynotice.account.microsoft.com/' did not appear
INFO:root:Upsell page 'https://account.live.com/apps/upsell?' did not appear
INFO:root:stay signed in window appeared and was completed
INFO:root:second privacy notice page 'https://privacynotice.account.microsoft.com/' did not appear
INFO:root:login function completed for aga24@activegamers.com.au
INFO:root:buy gamepass as a gift button is present and clickable
INFO:root:enter key pressed on buy gamepass as a gift button
INFO:root:tilelist_field is present and clickable
INFO:root:enter key pressed
INFO:root:stay signed in window did not appear
INFO:root:join button is present and clickable
INFO:root:sleeping for 10 seconds to allows the subscribe modal to load
INFO:root:Icon clicked successfully!
INFO:root:Account reactivation is complete for account aga24@activegamers.com.au
INFO:root:Email sent at the end of the loop.
INFO:root:-----------------------------------------------------------------------------
INFO:root:Beginning reactivation of account aga25@activegamers.com.au
INFO:root:driver initialized
INFO:root:begin login sequence
INFO:root:'sign in' button clicked
INFO:root:email field clickable
INFO:root:email string sent to email field
INFO:root:password field clickable
INFO:root:standard password string sent to pword field
INFO:root:second privacy notice page 'https://privacynotice.account.microsoft.com/' did not appear
INFO:root:update security info window did not appear
INFO:root:privacy notice page 'https://privacynotice.account.microsoft.com/' did not appear
INFO:root:Upsell page 'https://account.live.com/apps/upsell?' did not appear
INFO:root:stay signed in window appeared and was completed
INFO:root:second privacy notice page 'https://privacynotice.account.microsoft.com/' did not appear
INFO:root:login function completed for aga25@activegamers.com.au
INFO:root:buy gamepass as a gift button is present and clickable
INFO:root:enter key pressed on buy gamepass as a gift button
INFO:root:tilelist_field is present and clickable
INFO:root:enter key pressed
INFO:root:stay signed in window did not appear
INFO:root:Join button did not become present and clickable
INFO:root:-----------------------------------------------------------------------------
INFO:root:Beginning reactivation of account aga26@activegamers.com.au
INFO:root:driver initialized
INFO:root:begin login sequence
INFO:root:'sign in' button clicked
INFO:root:email field clickable
INFO:root:email string sent to email field
INFO:root:password field clickable
INFO:root:account is on the alternate password list
INFO:root:alternate password string sent to password field
INFO:root:second privacy notice page 'https://privacynotice.account.microsoft.com/' did not appear
INFO:root:update security info window did not appear
INFO:root:privacy notice page 'https://privacynotice.account.microsoft.com/' did not appear
INFO:root:Upsell page 'https://account.live.com/apps/upsell?' did not appear
INFO:root:stay signed in window appeared and was completed
INFO:root:second privacy notice page 'https://privacynotice.account.microsoft.com/' did not appear
INFO:root:login function completed for aga26@activegamers.com.au
INFO:root:buy gamepass as a gift button is present and clickable
INFO:root:enter key pressed on buy gamepass as a gift button
INFO:root:tilelist_field is present and clickable
INFO:root:enter key pressed
INFO:root:stay signed in window did not appear
INFO:root:join button is present and clickable
INFO:root:sleeping for 10 seconds to allows the subscribe modal to load
INFO:root:Icon clicked successfully!
INFO:root:Account reactivation is complete for account aga26@activegamers.com.au
INFO:root:Email sent at the end of the loop.
INFO:root:-----------------------------------------------------------------------------
INFO:root:Beginning reactivation of account aga27@activegamers.com.au
INFO:root:driver initialized
INFO:root:begin login sequence
INFO:root:'sign in' button clicked
INFO:root:email field clickable
INFO:root:email string sent to email field
INFO:root:password field clickable
INFO:root:standard password string sent to pword field
INFO:root:second privacy notice page 'https://privacynotice.account.microsoft.com/' did not appear
INFO:root:update security info window did not appear
INFO:root:privacy notice page 'https://privacynotice.account.microsoft.com/' did not appear
INFO:root:Upsell page 'https://account.live.com/apps/upsell?' did not appear
INFO:root:stay signed in window appeared and was completed
INFO:root:second privacy notice page 'https://privacynotice.account.microsoft.com/' did not appear
INFO:root:login function completed for aga27@activegamers.com.au
INFO:root:buy gamepass as a gift button is present and clickable
INFO:root:enter key pressed on buy gamepass as a gift button
INFO:root:tilelist_field is present and clickable
INFO:root:enter key pressed
INFO:root:stay signed in window did not appear
INFO:root:join button is present and clickable
INFO:root:sleeping for 10 seconds to allows the subscribe modal to load
INFO:root:Icon clicked successfully!
INFO:root:Account reactivation is complete for account aga27@activegamers.com.au
INFO:root:Email sent at the end of the loop.
INFO:root:-----------------------------------------------------------------------------
INFO:root:Beginning reactivation of account aga28@activegamers.com.au
INFO:root:driver initialized
INFO:root:begin login sequence
INFO:root:'sign in' button clicked
INFO:root:email field clickable
INFO:root:email string sent to email field
INFO:root:password field clickable
INFO:root:standard password string sent to pword field
INFO:root:second privacy notice page 'https://privacynotice.account.microsoft.com/' did not appear
INFO:root:update security info window did not appear
INFO:root:privacy notice page 'https://privacynotice.account.microsoft.com/' did not appear
INFO:root:Upsell page 'https://account.live.com/apps/upsell?' did not appear
INFO:root:stay signed in window appeared and was completed
INFO:root:second privacy notice page 'https://privacynotice.account.microsoft.com/' did not appear
INFO:root:login function completed for aga28@activegamers.com.au
INFO:root:buy gamepass as a gift button is present and clickable
INFO:root:enter key pressed on buy gamepass as a gift button
INFO:root:tilelist_field is present and clickable
INFO:root:enter key pressed
INFO:root:stay signed in window did not appear
INFO:root:join button is present and clickable
INFO:root:sleeping for 10 seconds to allows the subscribe modal to load
INFO:root:Icon clicked successfully!
INFO:root:Account reactivation is complete for account aga28@activegamers.com.au
INFO:root:Email sent at the end of the loop.
INFO:root:-----------------------------------------------------------------------------
INFO:root:Beginning reactivation of account aga29@activegamers.com.au
INFO:root:driver initialized
INFO:root:begin login sequence
INFO:root:'sign in' button clicked
INFO:root:email field clickable
INFO:root:email string sent to email field
INFO:root:password field clickable
INFO:root:standard password string sent to pword field
INFO:root:second privacy notice page 'https://privacynotice.account.microsoft.com/' did not appear
INFO:root:update security info window did not appear
INFO:root:privacy notice page 'https://privacynotice.account.microsoft.com/' did not appear
INFO:root:Upsell page 'https://account.live.com/apps/upsell?' did not appear
INFO:root:stay signed in window appeared and was completed
INFO:root:second privacy notice page 'https://privacynotice.account.microsoft.com/' did not appear
INFO:root:login function completed for aga29@activegamers.com.au
INFO:root:buy gamepass as a gift button is present and clickable
INFO:root:define base email and password finished
INFO:root:Reactivate loop initiated
INFO:root:Beginning reactivation of account aga29@activegamers.com.au
INFO:root:driver initialized
INFO:root:begin login sequence
INFO:root:'sign in' button clicked
INFO:root:email field clickable
INFO:root:email string sent to email field
INFO:root:password field clickable
INFO:root:standard password string sent to pword field
INFO:root:second privacy notice page 'https://privacynotice.account.microsoft.com/' did not appear
INFO:root:update security info window did not appear
INFO:root:privacy notice page 'https://privacynotice.account.microsoft.com/' did not appear
INFO:root:Upsell page 'https://account.live.com/apps/upsell?' did not appear
INFO:root:stay signed in window appeared and was completed
INFO:root:second privacy notice page 'https://privacynotice.account.microsoft.com/' did not appear
INFO:root:login function completed for aga29@activegamers.com.au
INFO:root:buy gamepass as a gift button is present and clickable
INFO:root:define base email and password finished
INFO:root:Reactivate loop initiated
INFO:root:Beginning reactivation of account aga29@activegamers.com.au
INFO:root:driver initialized
INFO:root:begin login sequence
INFO:root:'sign in' button clicked
INFO:root:email field clickable
INFO:root:email string sent to email field
INFO:root:password field clickable
INFO:root:standard password string sent to pword field
INFO:root:second privacy notice page 'https://privacynotice.account.microsoft.com/' did not appear
INFO:root:update security info window did not appear
INFO:root:privacy notice page 'https://privacynotice.account.microsoft.com/' did not appear
INFO:root:Upsell page 'https://account.live.com/apps/upsell?' did not appear
INFO:root:stay signed in window appeared and was completed
INFO:root:second privacy notice page 'https://privacynotice.account.microsoft.com/' did not appear
INFO:root:login function completed for aga29@activegamers.com.au
INFO:root:buy gamepass as a gift button is present and clickable
INFO:root:enter key pressed on buy gamepass as a gift button
INFO:root:Element with ID 'tileist' did not become present and clickable
INFO:root:-----------------------------------------------------------------------------
INFO:root:Beginning reactivation of account aga30@activegamers.com.au
INFO:root:driver initialized
INFO:root:begin login sequence
INFO:root:define base email and password finished
INFO:root:Reactivate loop initiated
INFO:root:Beginning reactivation of account aga30@activegamers.com.au
INFO:root:driver initialized
INFO:root:begin login sequence
INFO:root:'sign in' button clicked
INFO:root:email field clickable
INFO:root:email string sent to email field
INFO:root:password field clickable
INFO:root:standard password string sent to pword field
INFO:root:second privacy notice page 'https://privacynotice.account.microsoft.com/' did not appear
INFO:root:update security info window did not appear
INFO:root:privacy notice page 'https://privacynotice.account.microsoft.com/' did not appear
INFO:root:Upsell page 'https://account.live.com/apps/upsell?' did not appear
INFO:root:stay signed in window appeared and was completed
INFO:root:second privacy notice page 'https://privacynotice.account.microsoft.com/' did not appear
INFO:root:login function completed for aga30@activegamers.com.au
INFO:root:buy gamepass as a gift button is present and clickable
INFO:root:define base email and password finished
INFO:root:Reactivate loop initiated
INFO:root:Beginning reactivation of account aga30@activegamers.com.au
INFO:root:driver initialized
INFO:root:begin login sequence
INFO:root:'sign in' button clicked
INFO:root:email field clickable
INFO:root:email string sent to email field
INFO:root:password field clickable
INFO:root:standard password string sent to pword field
INFO:root:second privacy notice page 'https://privacynotice.account.microsoft.com/' did not appear
INFO:root:update security info window did not appear
INFO:root:privacy notice page 'https://privacynotice.account.microsoft.com/' did not appear
INFO:root:Upsell page 'https://account.live.com/apps/upsell?' did not appear
INFO:root:stay signed in window appeared and was completed
INFO:root:second privacy notice page 'https://privacynotice.account.microsoft.com/' did not appear
INFO:root:login function completed for aga30@activegamers.com.au
INFO:root:buy gamepass as a gift button is present and clickable
INFO:root:enter key pressed on buy gamepass as a gift button
INFO:root:tilelist_field is present and clickable
INFO:root:enter key pressed
INFO:root:stay signed in window did not appear
INFO:root:join button is present and clickable
INFO:root:sleeping for 10 seconds to allows the subscribe modal to load
INFO:root:Icon clicked successfully!
INFO:root:Account reactivation is complete for account aga30@activegamers.com.au
INFO:root:Email sent at the end of the loop.
INFO:root:-----------------------------------------------------------------------------
INFO:root:Beginning reactivation of account aga31@activegamers.com.au
INFO:root:driver initialized
INFO:root:begin login sequence
INFO:root:'sign in' button clicked
INFO:root:email field clickable
INFO:root:email string sent to email field
INFO:root:password field clickable
INFO:root:standard password string sent to pword field
INFO:root:second privacy notice page 'https://privacynotice.account.microsoft.com/' did not appear
INFO:root:update security info window did not appear
INFO:root:privacy notice page 'https://privacynotice.account.microsoft.com/' did not appear
INFO:root:Upsell page 'https://account.live.com/apps/upsell?' did not appear
INFO:root:stay signed in window appeared and was completed
INFO:root:second privacy notice page 'https://privacynotice.account.microsoft.com/' did not appear
INFO:root:login function completed for aga31@activegamers.com.au
INFO:root:buy gamepass as a gift button is present and clickable
INFO:root:define base email and password finished
INFO:root:Reactivate loop initiated
INFO:root:Beginning reactivation of account aga31@activegamers.com.au
INFO:root:driver initialized
INFO:root:begin login sequence
INFO:root:'sign in' button clicked
INFO:root:email field clickable
INFO:root:email string sent to email field
INFO:root:password field clickable
INFO:root:standard password string sent to pword field
INFO:root:second privacy notice page 'https://privacynotice.account.microsoft.com/' did not appear
INFO:root:update security info window did not appear
INFO:root:privacy notice page 'https://privacynotice.account.microsoft.com/' did not appear
INFO:root:Upsell page 'https://account.live.com/apps/upsell?' did not appear
INFO:root:stay signed in window appeared and was completed
INFO:root:second privacy notice page 'https://privacynotice.account.microsoft.com/' did not appear
INFO:root:login function completed for aga31@activegamers.com.au
INFO:root:Buy gamepass as a gift button did not become present and clickable
INFO:root:-----------------------------------------------------------------------------
INFO:root:Beginning reactivation of account aga32@activegamers.com.au
INFO:root:driver initialized
INFO:root:begin login sequence
WARNING:urllib3.connectionpool:Retrying (Retry(total=2, connect=None, read=None, redirect=None, status=None)) after connection broken by 'NewConnectionError('<urllib3.connection.HTTPConnection object at 0x0000025886CB1990>: Failed to establish a new connection: [WinError 10061] No connection could be made because the target machine actively refused it')': /session/bf5c6dc795b5e25d10b5352eb64f1c45/window/rect
WARNING:urllib3.connectionpool:Retrying (Retry(total=1, connect=None, read=None, redirect=None, status=None)) after connection broken by 'NewConnectionError('<urllib3.connection.HTTPConnection object at 0x0000025886807710>: Failed to establish a new connection: [WinError 10061] No connection could be made because the target machine actively refused it')': /session/bf5c6dc795b5e25d10b5352eb64f1c45/window/rect
WARNING:urllib3.connectionpool:Retrying (Retry(total=0, connect=None, read=None, redirect=None, status=None)) after connection broken by 'NewConnectionError('<urllib3.connection.HTTPConnection object at 0x0000025886CB0190>: Failed to establish a new connection: [WinError 10061] No connection could be made because the target machine actively refused it')': /session/bf5c6dc795b5e25d10b5352eb64f1c45/window/rect
INFO:root:define base email and password finished
INFO:root:Reactivate loop initiated
INFO:root:Beginning reactivation of account aga31@activegamers.com.au
INFO:root:driver initialized
INFO:root:begin login sequence
INFO:root:'sign in' button clicked
INFO:root:email field clickable
INFO:root:email string sent to email field
INFO:root:password field clickable
INFO:root:standard password string sent to pword field
INFO:root:second privacy notice page 'https://privacynotice.account.microsoft.com/' did not appear
INFO:root:update security info window did not appear
INFO:root:privacy notice page 'https://privacynotice.account.microsoft.com/' did not appear
INFO:root:Upsell page 'https://account.live.com/apps/upsell?' did not appear
INFO:root:stay signed in window appeared and was completed
INFO:root:second privacy notice page 'https://privacynotice.account.microsoft.com/' did not appear
INFO:root:login function completed for aga31@activegamers.com.au
INFO:root:define base email and password finished
INFO:root:Reactivate loop initiated
INFO:root:Beginning reactivation of account aga31@activegamers.com.au
INFO:root:driver initialized
INFO:root:begin login sequence
INFO:root:'sign in' button clicked
INFO:root:email field clickable
INFO:root:email string sent to email field
INFO:root:password field clickable
INFO:root:standard password string sent to pword field
INFO:root:second privacy notice page 'https://privacynotice.account.microsoft.com/' did not appear
INFO:root:update security info window did not appear
INFO:root:privacy notice page 'https://privacynotice.account.microsoft.com/' did not appear
INFO:root:Upsell page 'https://account.live.com/apps/upsell?' did not appear
INFO:root:stay signed in window appeared and was completed
INFO:root:second privacy notice page 'https://privacynotice.account.microsoft.com/' did not appear
INFO:root:login function completed for aga31@activegamers.com.au
INFO:root:tilelist_field is present and clickable
INFO:root:enter key pressed
INFO:root:stay signed in window did not appear
INFO:root:Join button did not become present and clickable
INFO:root:-----------------------------------------------------------------------------
INFO:root:Beginning reactivation of account aga32@activegamers.com.au
INFO:root:driver initialized
INFO:root:begin login sequence
INFO:root:define base email and password finished
INFO:root:Reactivate loop initiated
INFO:root:Beginning reactivation of account aga1@activegamers.com.au
INFO:root:define base email and password finished
INFO:root:Reactivate loop initiated
INFO:root:Beginning reactivation of account aga31@activegamers.com.au
INFO:root:driver initialized
INFO:root:begin login sequence
INFO:root:'sign in' button clicked
INFO:root:email field clickable
INFO:root:email string sent to email field
INFO:root:password field clickable
INFO:root:standard password string sent to pword field
INFO:root:second privacy notice page 'https://privacynotice.account.microsoft.com/' did not appear
INFO:root:update security info window did not appear
INFO:root:privacy notice page 'https://privacynotice.account.microsoft.com/' did not appear
INFO:root:Upsell page 'https://account.live.com/apps/upsell?' did not appear
INFO:root:stay signed in window appeared and was completed
INFO:root:second privacy notice page 'https://privacynotice.account.microsoft.com/' did not appear
INFO:root:login function completed for aga31@activegamers.com.au
INFO:root:tilelist_field is present and clickable
INFO:root:enter key pressed
INFO:root:stay signed in window did not appear
INFO:root:Join button did not become present and clickable
INFO:root:-----------------------------------------------------------------------------
INFO:root:Beginning reactivation of account aga32@activegamers.com.au
INFO:root:driver initialized
INFO:root:begin login sequence
INFO:root:define base email and password finished
INFO:root:Reactivate loop initiated
INFO:root:Beginning reactivation of account aga31@activegamers.com.au
INFO:root:driver initialized
INFO:root:begin login sequence
INFO:root:'sign in' button clicked
INFO:root:email field clickable
INFO:root:email string sent to email field
INFO:root:password field clickable
INFO:root:standard password string sent to pword field
INFO:root:second privacy notice page 'https://privacynotice.account.microsoft.com/' did not appear
INFO:root:update security info window did not appear
INFO:root:privacy notice page 'https://privacynotice.account.microsoft.com/' did not appear
INFO:root:Upsell page 'https://account.live.com/apps/upsell?' did not appear
INFO:root:stay signed in window appeared and was completed
INFO:root:second privacy notice page 'https://privacynotice.account.microsoft.com/' did not appear
INFO:root:login function completed for aga31@activegamers.com.au
INFO:root:Element with ID 'tilelist' did not become present and clickable
INFO:root:-----------------------------------------------------------------------------
INFO:root:Beginning reactivation of account aga32@activegamers.com.au
INFO:root:driver initialized
INFO:root:begin login sequence
WARNING:urllib3.connectionpool:Retrying (Retry(total=2, connect=None, read=None, redirect=None, status=None)) after connection broken by 'NewConnectionError('<urllib3.connection.HTTPConnection object at 0x0000028D6AB6E590>: Failed to establish a new connection: [WinError 10061] No connection could be made because the target machine actively refused it')': /session/4d71ec1e80bb1124e1b0e7a133442025/window/rect
WARNING:urllib3.connectionpool:Retrying (Retry(total=1, connect=None, read=None, redirect=None, status=None)) after connection broken by 'NewConnectionError('<urllib3.connection.HTTPConnection object at 0x0000028D69C61150>: Failed to establish a new connection: [WinError 10061] No connection could be made because the target machine actively refused it')': /session/4d71ec1e80bb1124e1b0e7a133442025/window/rect
WARNING:urllib3.connectionpool:Retrying (Retry(total=0, connect=None, read=None, redirect=None, status=None)) after connection broken by 'NewConnectionError('<urllib3.connection.HTTPConnection object at 0x0000028D6AB6D050>: Failed to establish a new connection: [WinError 10061] No connection could be made because the target machine actively refused it')': /session/4d71ec1e80bb1124e1b0e7a133442025/window/rect
INFO:root:define base email and password finished
INFO:root:Reactivate loop initiated
INFO:root:Beginning reactivation of account aga31@activegamers.com.au
INFO:root:driver initialized
INFO:root:begin login sequence
INFO:root:'sign in' button clicked
INFO:root:email field clickable
INFO:root:email string sent to email field
INFO:root:password field clickable
INFO:root:standard password string sent to pword field
INFO:root:second privacy notice page 'https://privacynotice.account.microsoft.com/' did not appear
INFO:root:update security info window did not appear
INFO:root:privacy notice page 'https://privacynotice.account.microsoft.com/' did not appear
INFO:root:Upsell page 'https://account.live.com/apps/upsell?' did not appear
INFO:root:stay signed in window appeared and was completed
INFO:root:second privacy notice page 'https://privacynotice.account.microsoft.com/' did not appear
INFO:root:login function completed for aga31@activegamers.com.au
INFO:root:define base email and password finished
INFO:root:Reactivate loop initiated
INFO:root:Beginning reactivation of account aga31@activegamers.com.au
INFO:root:driver initialized
INFO:root:begin login sequence
INFO:root:'sign in' button clicked
INFO:root:email field clickable
INFO:root:email string sent to email field
INFO:root:password field clickable
INFO:root:standard password string sent to pword field
INFO:root:second privacy notice page 'https://privacynotice.account.microsoft.com/' did not appear
INFO:root:update security info window did not appear
INFO:root:privacy notice page 'https://privacynotice.account.microsoft.com/' did not appear
INFO:root:Upsell page 'https://account.live.com/apps/upsell?' did not appear
INFO:root:stay signed in window appeared and was completed
INFO:root:second privacy notice page 'https://privacynotice.account.microsoft.com/' did not appear
INFO:root:login function completed for aga31@activegamers.com.au
INFO:root:slept 5 seconds
INFO:root:pressed enter
INFO:root:slept 10 seconds
INFO:root:go to gamepass url
INFO:root:join button is present and clickable
INFO:root:sleeping for 10 seconds to allows the subscribe modal to load
INFO:root:Icon clicked successfully!
INFO:root:Account reactivation is complete for account aga31@activegamers.com.au
INFO:root:Email sent at the end of the loop.
INFO:root:Element with ID 'tilelist' did not become present and clickable
INFO:root:-----------------------------------------------------------------------------
INFO:root:Beginning reactivation of account aga32@activegamers.com.au
INFO:root:driver initialized
INFO:root:begin login sequence
INFO:root:'sign in' button clicked
INFO:root:email field clickable
INFO:root:email string sent to email field
INFO:root:password field clickable
INFO:root:standard password string sent to pword field
INFO:root:second privacy notice page 'https://privacynotice.account.microsoft.com/' did not appear
INFO:root:update security info window did not appear
INFO:root:privacy notice page 'https://privacynotice.account.microsoft.com/' did not appear
INFO:root:Upsell page 'https://account.live.com/apps/upsell?' did not appear
INFO:root:stay signed in window appeared and was completed
INFO:root:second privacy notice page 'https://privacynotice.account.microsoft.com/' did not appear
INFO:root:login function completed for aga32@activegamers.com.au
INFO:root:slept 5 seconds
INFO:root:pressed enter
INFO:root:slept 10 seconds
INFO:root:go to gamepass url
INFO:root:join button is present and clickable
INFO:root:sleeping for 10 seconds to allows the subscribe modal to load
INFO:root:Icon clicked successfully!
INFO:root:Account reactivation is complete for account aga32@activegamers.com.au
INFO:root:Email sent at the end of the loop.
INFO:root:Element with ID 'tilelist' did not become present and clickable
INFO:root:-----------------------------------------------------------------------------
INFO:root:Beginning reactivation of account aga33@activegamers.com.au
INFO:root:driver initialized
INFO:root:begin login sequence
INFO:root:'sign in' button clicked
INFO:root:email field clickable
INFO:root:email string sent to email field
INFO:root:password field clickable
INFO:root:standard password string sent to pword field
INFO:root:second privacy notice page 'https://privacynotice.account.microsoft.com/' did not appear
INFO:root:update security info window did not appear
INFO:root:privacy notice page 'https://privacynotice.account.microsoft.com/' did not appear
INFO:root:Upsell page 'https://account.live.com/apps/upsell?' did not appear
INFO:root:stay signed in window appeared and was completed
INFO:root:second privacy notice page 'https://privacynotice.account.microsoft.com/' did not appear
INFO:root:login function completed for aga33@activegamers.com.au
INFO:root:slept 5 seconds
INFO:root:pressed enter
INFO:root:slept 10 seconds
INFO:root:go to gamepass url
INFO:root:join button is present and clickable
INFO:root:sleeping for 10 seconds to allows the subscribe modal to load
INFO:root:Icon clicked successfully!
INFO:root:Account reactivation is complete for account aga33@activegamers.com.au
INFO:root:Email sent at the end of the loop.
INFO:root:Element with ID 'tilelist' did not become present and clickable
INFO:root:-----------------------------------------------------------------------------
INFO:root:Beginning reactivation of account aga34@activegamers.com.au
INFO:root:driver initialized
INFO:root:begin login sequence
INFO:root:'sign in' button clicked
INFO:root:email field clickable
INFO:root:email string sent to email field
INFO:root:password field clickable
INFO:root:standard password string sent to pword field
INFO:root:second privacy notice page 'https://privacynotice.account.microsoft.com/' did not appear
INFO:root:update security info window did not appear
INFO:root:privacy notice page 'https://privacynotice.account.microsoft.com/' did not appear
INFO:root:Upsell page 'https://account.live.com/apps/upsell?' did not appear
INFO:root:stay signed in window appeared and was completed
INFO:root:second privacy notice page 'https://privacynotice.account.microsoft.com/' did not appear
INFO:root:login function completed for aga34@activegamers.com.au
INFO:root:slept 5 seconds
INFO:root:pressed enter
INFO:root:slept 10 seconds
INFO:root:go to gamepass url
INFO:root:join button is present and clickable
INFO:root:sleeping for 10 seconds to allows the subscribe modal to load
INFO:root:Icon clicked successfully!
INFO:root:Account reactivation is complete for account aga34@activegamers.com.au
INFO:root:Email sent at the end of the loop.
INFO:root:Element with ID 'tilelist' did not become present and clickable
INFO:root:-----------------------------------------------------------------------------
INFO:root:Beginning reactivation of account aga35@activegamers.com.au
INFO:root:driver initialized
INFO:root:begin login sequence
INFO:root:'sign in' button clicked
INFO:root:email field clickable
INFO:root:email string sent to email field
INFO:root:password field clickable
INFO:root:standard password string sent to pword field
INFO:root:second privacy notice page 'https://privacynotice.account.microsoft.com/' did not appear
INFO:root:update security info window did not appear
INFO:root:privacy notice page 'https://privacynotice.account.microsoft.com/' did not appear
INFO:root:Upsell page 'https://account.live.com/apps/upsell?' did not appear
INFO:root:stay signed in window appeared and was completed
INFO:root:second privacy notice page 'https://privacynotice.account.microsoft.com/' did not appear
INFO:root:login function completed for aga35@activegamers.com.au
INFO:root:slept 5 seconds
INFO:root:pressed enter
INFO:root:slept 10 seconds
INFO:root:go to gamepass url
INFO:root:Join button did not become present and clickable
INFO:root:Element with ID 'tilelist' did not become present and clickable
INFO:root:-----------------------------------------------------------------------------
INFO:root:Beginning reactivation of account aga36@activegamers.com.au
INFO:root:driver initialized
INFO:root:begin login sequence
INFO:root:'sign in' button clicked
INFO:root:email field clickable
INFO:root:email string sent to email field
INFO:root:password field clickable
INFO:root:standard password string sent to pword field
INFO:root:second privacy notice page 'https://privacynotice.account.microsoft.com/' did not appear
INFO:root:update security info window did not appear
INFO:root:privacy notice page 'https://privacynotice.account.microsoft.com/' did not appear
INFO:root:Upsell page 'https://account.live.com/apps/upsell?' did not appear
INFO:root:stay signed in window appeared and was completed
INFO:root:second privacy notice page 'https://privacynotice.account.microsoft.com/' did not appear
INFO:root:login function completed for aga36@activegamers.com.au
INFO:root:slept 5 seconds
INFO:root:pressed enter
INFO:root:slept 10 seconds
INFO:root:go to gamepass url
INFO:root:join button is present and clickable
INFO:root:sleeping for 10 seconds to allows the subscribe modal to load
INFO:root:Icon clicked successfully!
INFO:root:Account reactivation is complete for account aga36@activegamers.com.au
INFO:root:Email sent at the end of the loop.
INFO:root:Element with ID 'tilelist' did not become present and clickable
INFO:root:-----------------------------------------------------------------------------
INFO:root:Beginning reactivation of account aga37@activegamers.com.au
INFO:root:driver initialized
INFO:root:begin login sequence
INFO:root:'sign in' button clicked
INFO:root:email field clickable
INFO:root:email string sent to email field
INFO:root:password field clickable
INFO:root:standard password string sent to pword field
INFO:root:second privacy notice page 'https://privacynotice.account.microsoft.com/' did not appear
INFO:root:update security info window did not appear
INFO:root:privacy notice page 'https://privacynotice.account.microsoft.com/' did not appear
INFO:root:Upsell page 'https://account.live.com/apps/upsell?' did not appear
INFO:root:stay signed in window appeared and was completed
INFO:root:second privacy notice page 'https://privacynotice.account.microsoft.com/' did not appear
INFO:root:login function completed for aga37@activegamers.com.au
INFO:root:slept 5 seconds
INFO:root:pressed enter
INFO:root:slept 10 seconds
INFO:root:go to gamepass url
INFO:root:join button is present and clickable
INFO:root:sleeping for 10 seconds to allows the subscribe modal to load
INFO:root:Icon clicked successfully!
INFO:root:Account reactivation is complete for account aga37@activegamers.com.au
INFO:root:Email sent at the end of the loop.
INFO:root:Element with ID 'tilelist' did not become present and clickable
INFO:root:-----------------------------------------------------------------------------
INFO:root:Beginning reactivation of account aga38@activegamers.com.au
INFO:root:driver initialized
INFO:root:begin login sequence
INFO:root:'sign in' button clicked
INFO:root:email field clickable
INFO:root:email string sent to email field
INFO:root:password field clickable
INFO:root:standard password string sent to pword field
INFO:root:second privacy notice page 'https://privacynotice.account.microsoft.com/' did not appear
INFO:root:update security info window did not appear
INFO:root:privacy notice page 'https://privacynotice.account.microsoft.com/' did not appear
INFO:root:Upsell page 'https://account.live.com/apps/upsell?' did not appear
INFO:root:stay signed in window appeared and was completed
INFO:root:second privacy notice page 'https://privacynotice.account.microsoft.com/' did not appear
INFO:root:login function completed for aga38@activegamers.com.au
INFO:root:slept 5 seconds
INFO:root:pressed enter
INFO:root:slept 10 seconds
INFO:root:go to gamepass url
INFO:root:join button is present and clickable
INFO:root:sleeping for 10 seconds to allows the subscribe modal to load
INFO:root:Icon clicked successfully!
INFO:root:Account reactivation is complete for account aga38@activegamers.com.au
INFO:root:Email sent at the end of the loop.
INFO:root:Element with ID 'tilelist' did not become present and clickable
INFO:root:-----------------------------------------------------------------------------
INFO:root:Beginning reactivation of account aga39@activegamers.com.au
INFO:root:driver initialized
INFO:root:begin login sequence
INFO:root:'sign in' button clicked
INFO:root:email field clickable
INFO:root:email string sent to email field
INFO:root:password field clickable
INFO:root:standard password string sent to pword field
INFO:root:second privacy notice page 'https://privacynotice.account.microsoft.com/' did not appear
INFO:root:update security info window did not appear
INFO:root:Waiting to see if privacy notice page appears
INFO:root:privacy notice page 'https://privacynotice.account.microsoft.com/' appeared and was bypassed
INFO:root:Upsell page 'https://account.live.com/apps/upsell?' did not appear
INFO:root:stay signed in window did not appear
INFO:root:second privacy notice page 'https://privacynotice.account.microsoft.com/' did not appear
INFO:root:login function completed for aga39@activegamers.com.au
INFO:root:slept 5 seconds
INFO:root:pressed enter
INFO:root:slept 10 seconds
INFO:root:go to gamepass url
INFO:root:Join button did not become present and clickable
INFO:root:Element with ID 'tilelist' did not become present and clickable
INFO:root:-----------------------------------------------------------------------------
INFO:root:Beginning reactivation of account aga40@activegamers.com.au
INFO:root:driver initialized
INFO:root:begin login sequence
INFO:root:'sign in' button clicked
INFO:root:email field clickable
INFO:root:email string sent to email field
INFO:root:define base email and password finished
INFO:root:Reactivate loop initiated
INFO:root:Beginning reactivation of account aga39@activegamers.com.au
INFO:root:driver initialized
INFO:root:begin login sequence
INFO:root:'sign in' button clicked
INFO:root:email field clickable
INFO:root:email string sent to email field
INFO:root:password field clickable
INFO:root:standard password string sent to pword field
INFO:root:second privacy notice page 'https://privacynotice.account.microsoft.com/' did not appear
INFO:root:update security info window did not appear
INFO:root:Waiting to see if privacy notice page appears
INFO:root:privacy notice page 'https://privacynotice.account.microsoft.com/' appeared and was bypassed
INFO:root:Upsell page 'https://account.live.com/apps/upsell?' did not appear
INFO:root:stay signed in window did not appear
INFO:root:second privacy notice page 'https://privacynotice.account.microsoft.com/' did not appear
INFO:root:login function completed for aga39@activegamers.com.au
INFO:root:slept 5 seconds
INFO:root:pressed enter
INFO:root:slept 10 seconds
INFO:root:go to gamepass url
INFO:root:Join button did not become present and clickable
INFO:root:-----------------------------------------------------------------------------
INFO:root:Beginning reactivation of account aga40@activegamers.com.au
INFO:root:driver initialized
INFO:root:begin login sequence
INFO:root:'sign in' button clicked
INFO:root:email field clickable
INFO:root:email string sent to email field
INFO:root:password field clickable
INFO:root:standard password string sent to pword field
INFO:root:second privacy notice page 'https://privacynotice.account.microsoft.com/' did not appear
INFO:root:update security info window did not appear
INFO:root:privacy notice page 'https://privacynotice.account.microsoft.com/' did not appear
INFO:root:Upsell page 'https://account.live.com/apps/upsell?' did not appear
INFO:root:stay signed in window appeared and was completed
INFO:root:second privacy notice page 'https://privacynotice.account.microsoft.com/' did not appear
INFO:root:login function completed for aga40@activegamers.com.au
INFO:root:slept 5 seconds
INFO:root:pressed enter
INFO:root:slept 10 seconds
INFO:root:go to gamepass url
