INFO:root:define base email and password finished
INFO:root:Deactivate loop initiated
INFO:root:Beginning deactivation of account aga1@activegamers.com.au
INFO:root:driver initialized
INFO:root:begin login sequence
INFO:root:'sign in' button clicked
INFO:root:email field clickable
INFO:root:email string sent to email field
INFO:root:password field clickable
INFO:root:standard password string sent to pword field
INFO:root:second privacy notice page 'https://privacynotice.account.microsoft.com/' did not appear
INFO:root:update security info window did not appear
INFO:root:privacy notice page 'https://privacynotice.account.microsoft.com/' did not appear
INFO:root:Upsell page 'https://account.live.com/apps/upsell?' did not appear
INFO:root:stay signed in window appeared and was completed
INFO:root:second privacy notice page 'https://privacynotice.account.microsoft.com/' did not appear
INFO:root:login function completed for aga1@activegamers.com.au
INFO:root:main account page loaded
INFO:root:loading billing cancellation page
INFO:root:sleeping for 10 seconds
INFO:root:billing cancellation page loaded
INFO:root:Cancel button clicked
INFO:root:Back to subscription' and 'resubscribe' button did not become presentand clickable. We will now send keystrokes for deactivation with refund.
INFO:root:Refund keystrokes have been sent
INFO:root:define base email and password finished
INFO:root:Reactivate loop initiated
INFO:root:Beginning reactivation of account aga1@activegamers.com.au
INFO:root:driver initialized
INFO:root:begin login sequence
INFO:root:'sign in' button clicked
INFO:root:email field clickable
INFO:root:email string sent to email field
INFO:root:password field clickable
INFO:root:standard password string sent to pword field
INFO:root:second privacy notice page 'https://privacynotice.account.microsoft.com/' did not appear
INFO:root:update security info window did not appear
INFO:root:privacy notice page 'https://privacynotice.account.microsoft.com/' did not appear
INFO:root:Upsell page 'https://account.live.com/apps/upsell?' did not appear
INFO:root:stay signed in window appeared and was completed
INFO:root:second privacy notice page 'https://privacynotice.account.microsoft.com/' did not appear
INFO:root:login function completed for aga1@activegamers.com.au
INFO:root:buy gamepass as a gift button is present and clickable
INFO:root:enter key pressed on buy gamepass as a gift button
INFO:root:tilelist_field is present and clickable
INFO:root:enter key pressed
